<html xmlns:math="http://exslt.org/math" xmlns:testng="http://testng.org">
   <head>
      <title>TestNG Results</title>
      <meta http-equiv="content-type" content="text/html; charset=utf-8"></meta>
      <meta http-equiv="pragma" content="no-cache"></meta>
      <meta http-equiv="cache-control" content="max-age=0"></meta>
      <meta http-equiv="cache-control" content="no-cache"></meta>
      <meta http-equiv="cache-control" content="no-store"></meta>
      <LINK rel="stylesheet" href="style.css"></LINK>
      <script type="text/javascript" src="main.js"></script>
   </head>
   <body>
      <table width="100%" style="font-size: 16px; margin-bottom: 10px;" cellspacing="1">
         <tr>
            <td width="100%">
               Test case
               
               <b>Test7</b>
            </td>
            <td style="background-color: #FFBBBB; padding: 3px 3px 3px 0;" align="center">
               <div style="width: 50px;">2</div>
            </td>
            <td style="background-color: lightgreen; padding: 3px 3px 3px 0;" align="center">
               <div style="width: 50px;">1</div>
            </td>
            <td style="background-color: #FFFFBB; padding: 3px 3px 3px 0;" align="center">
               <div style="width: 50px;">0</div>
            </td>
            <td align="center" style="background-color: #eaf0f7; padding: 3px 3px 3px 0;">
               <div style="width: 50px;">3</div>
            </td>
            <td align="center"
                style="font-weight: bold; background-color: #eaf0f7; padding: 3px 3px 3px 0;">
               <div style="width: 50px;">33%</div>
            </td>
            <td style="background-color: #eaf0f7; padding: 3px 3px 3px 0;" align="center"
                nowrap="true">5m
               35s
               
            </td>
         </tr>
      </table>
      <div style="width: 200px;">
         <label for="groupMethodsCheckBox" style="font-weight: bold; margin: 0;">
            <input id="groupMethodsCheckBox" type="checkbox" onclick="switchTestMethodsView(this)"></input>
            Group by class
            
         </label>
         <br></br>
         <label for="methodsFilter_ALL" style="font-weight: bold; margin: 0;">
            <input id="methodsFilter_ALL" type="checkbox"
                   onclick="testMethodsFilterChanged(this, 'ALL')"></input>
            All
            
         </label>
      </div>
      <label for="methodsFilter_FAIL" style="margin-left: 20px;">
         <input id="methodsFilter_FAIL" type="checkbox"
                onclick="testMethodsFilterChanged(this, 'FAIL')"
                checked=""></input>
         Failed
         
      </label>
      <label for="methodsFilter_PASS">
         <input id="methodsFilter_PASS" type="checkbox"
                onclick="testMethodsFilterChanged(this, 'PASS')"
                checked=""></input>
         Passed
         
      </label>
      <label for="methodsFilter_SKIP">
         <input id="methodsFilter_SKIP" type="checkbox"
                onclick="testMethodsFilterChanged(this, 'SKIP')"
                checked=""></input>
         Skipped
         
      </label>
      <label for="methodsFilter_CONF">
         <input id="methodsFilter_CONF" type="checkbox"
                onclick="testMethodsFilterChanged(this, 'CONF')"></input>
         Config
         
      </label>
      <br></br>
      <div id="testMethodsByStatus">
         <table class="testMethodsTable" cellpadding="0" cellspacing="0">
            <tr class="methodsTableHeader">
               <td width="100%">Name</td>
               <td nowrap="true">Started</td>
               <td nowrap="true">Duration</td>
               <td>Exception</td>
            </tr>
            <tr id="HollandCRM_Prod_Smoke.CustomerInformationUnderSales_Validate_AccessToAccountListUnderSales_byStatus_failed_FAIL1_row"
                class="testMethodStatusFAIL">
               <td width="100%" class="firstMethodCell">
                  <a onclick="toggleDetailsVisibility('HollandCRM_Prod_Smoke.CustomerInformationUnderSales_Validate_AccessToAccountListUnderSales_byStatus_failed_FAIL1_details')">Validate_AccessToAccountListUnderSales({Runmode=Y, Browser=Chrome})</a>
               </td>
               <td nowrap="true">16:42:07</td>
               <td nowrap="true" align="right">4m
                  47s
                  
               </td>
               <td nowrap="true">
                  <a onclick="toggleDetailsVisibility('HollandCRM_Prod_Smoke.CustomerInformationUnderSales_Validate_AccessToAccountListUnderSales_byStatus_failed_FAIL1_exception')">java.lang.AssertionError: 
                     no such element: Unable to locate element: {"method":"xpath","selector":"//*[@id='i0118']"}
                     (Session info: chrome=78.0.3904.108)
                     (Driver info: chromedriver=2.41.578737 (49da6702b16031c40d63e5618de03a32ff6c197e),platform=Windows NT 10.0.18362 x86_64) (WARNING:
                     The server did not provide any stacktrace information)
                     Command duration or timeout: 20.06 seconds
                     For documentation on this error, please visit: http://seleniumhq.org/exceptions/no_such_element.html
                     Build info: version: '2.52.0', revision: '4c2593c', time: '2016-02-11 19:06:42'
                     System info: host: 'IS54', ip: '10.88.159.212', os.name: 'Windows 10', os.arch: 'amd64', os.version: '10.0', java.version:
                     '1.8.0_181'
                     Driver info: org.openqa.selenium.chrome.ChromeDriver
                     Capabilities [{mobileEmulationEnabled=false, hasTouchScreen=false, platform=XP, acceptSslCerts=false, goog:chromeOptions={debuggerAddress=localhost:60362},
                     acceptInsecureCerts=false, webStorageEnabled=true, browserName=chrome, takesScreenshot=true, javascriptEnabled=true, setWindowRect=true,
                     unexpectedAlertBehaviour=, applicationCacheEnabled=false, rotatable=false, networkConnectionEnabled=false, chrome={chromedriverVersion=2.41.578737
                     (49da6702b16031c40d63e5618de03a32ff6c197e), userDataDir=C:\Users\KPatel\AppData\Local\Temp\scoped_dir14700_9673}, takesHeapSnapshot=true,
                     pageLoadStrategy=normal, databaseEnabled=false, handlesAlerts=true, version=78.0.3904.108, browserConnectionEnabled=false,
                     nativeEvents=true, locationContextEnabled=true, cssSelectorsEnabled=true}]
                     Session ID: 0f7fb92f743a54a7bb7fa73a20725d65
                     *** Element info: {Using=xpath, value=//*[@id='i0118']}
                     Command duration or timeout: 20.82 seconds
                     For documentation on this error, please visit: http://seleniumhq.org/exceptions/no_such_element.html
                     Build info: version: '2.52.0', revision: '4c2593c', time: '2016-02-11 19:06:42'
                     System info: host: 'IS54', ip: '10.88.159.212', os.name: 'Windows 10', os.arch: 'amd64', os.version: '10.0', java.version:
                     '10.0.2'
                     Driver info: org.openqa.selenium.remote.RemoteWebDriver
                     Capabilities [{mobileEmulationEnabled=false, hasTouchScreen=false, platform=XP, acceptSslCerts=false, goog:chromeOptions={debuggerAddress=localhost:60362},
                     acceptInsecureCerts=false, webStorageEnabled=true, browserName=chrome, takesScreenshot=true, javascriptEnabled=true, setWindowRect=true,
                     unexpectedAlertBehaviour=, applicationCacheEnabled=false, rotatable=false, networkConnectionEnabled=false, chrome={chromedriverVersion=2.41.578737
                     (49da6702b16031c40d63e5618de03a32ff6c197e), userDataDir=C:\Users\KPatel\AppData\Local\Temp\scoped_dir14700_9673}, takesHeapSnapshot=true,
                     pageLoadStrategy=normal, databaseEnabled=false, handlesAlerts=true, version=78.0.3904.108, browserConnectionEnabled=false,
                     nativeEvents=true, webdriver.remote.sessionid=d6670fbc-e4c9-4b2e-8109-4f51be552df6, locationContextEnabled=true, cssSelectorsEnabled=true}]
                     Session ID: d6670fbc-e4c9-4b2e-8109-4f51be552df6
                     *** Element info: {Using=xpath, value=//*[@id='i0118']}
                     
                  </a>
                   
                  
               </td>
            </tr>
            <tr>
               <td colspan="4" class="detailsBox">
                  <div id="HollandCRM_Prod_Smoke.CustomerInformationUnderSales_Validate_AccessToAccountListUnderSales_byStatus_failed_FAIL1_details"
                       class="testMethodDetails">
                     <div>
                        <b>Name: </b>Validate_AccessToAccountListUnderSales
                     </div>
                     <div>
                        <b>Signature: </b>Validate_AccessToAccountListUnderSales(java.util.Hashtable)[pri:1, instance:HollandCRM_Prod_Smoke.CustomerInformationUnderSales@4722ef0c]
                     </div>
                     <div>
                        <b>Parameters: </b>
                        
                        {Runmode=Y, Browser=Chrome}
                        
                        
                     </div>
                     <div>
                        <b>Start time: </b>16:42:07
                     </div>
                     <div>
                        <b>End time: </b>16:45:55
                     </div>
                     <div>
                        <b>Duration: </b>4m
                        47s
                        
                     </div>
                  </div>
               </td>
            </tr>
            <tr>
               <td colspan="4" class="detailsBox">
                  <div id="HollandCRM_Prod_Smoke.CustomerInformationUnderSales_Validate_AccessToAccountListUnderSales_byStatus_failed_FAIL1_exception"
                       class="testMethodDetails">
                     <pre style="padding: 5px; margin: 0;">java.lang.AssertionError: no such element: Unable to locate element: {"method":"xpath","selector":"//*[@id='i0118']"}
                        (Session info: chrome=78.0.3904.108)
                        (Driver info: chromedriver=2.41.578737 (49da6702b16031c40d63e5618de03a32ff6c197e),platform=Windows NT 10.0.18362 x86_64) (WARNING:
                        The server did not provide any stacktrace information)
                        Command duration or timeout: 20.06 seconds
                        For documentation on this error, please visit: http://seleniumhq.org/exceptions/no_such_element.html
                        Build info: version: '2.52.0', revision: '4c2593c', time: '2016-02-11 19:06:42'
                        System info: host: 'IS54', ip: '10.88.159.212', os.name: 'Windows 10', os.arch: 'amd64', os.version: '10.0', java.version:
                        '1.8.0_181'
                        Driver info: org.openqa.selenium.chrome.ChromeDriver
                        Capabilities [{mobileEmulationEnabled=false, hasTouchScreen=false, platform=XP, acceptSslCerts=false, goog:chromeOptions={debuggerAddress=localhost:60362},
                        acceptInsecureCerts=false, webStorageEnabled=true, browserName=chrome, takesScreenshot=true, javascriptEnabled=true, setWindowRect=true,
                        unexpectedAlertBehaviour=, applicationCacheEnabled=false, rotatable=false, networkConnectionEnabled=false, chrome={chromedriverVersion=2.41.578737
                        (49da6702b16031c40d63e5618de03a32ff6c197e), userDataDir=C:\Users\KPatel\AppData\Local\Temp\scoped_dir14700_9673}, takesHeapSnapshot=true,
                        pageLoadStrategy=normal, databaseEnabled=false, handlesAlerts=true, version=78.0.3904.108, browserConnectionEnabled=false,
                        nativeEvents=true, locationContextEnabled=true, cssSelectorsEnabled=true}]
                        Session ID: 0f7fb92f743a54a7bb7fa73a20725d65
                        *** Element info: {Using=xpath, value=//*[@id='i0118']}
                        Command duration or timeout: 20.82 seconds
                        For documentation on this error, please visit: http://seleniumhq.org/exceptions/no_such_element.html
                        Build info: version: '2.52.0', revision: '4c2593c', time: '2016-02-11 19:06:42'
                        System info: host: 'IS54', ip: '10.88.159.212', os.name: 'Windows 10', os.arch: 'amd64', os.version: '10.0', java.version:
                        '10.0.2'
                        Driver info: org.openqa.selenium.remote.RemoteWebDriver
                        Capabilities [{mobileEmulationEnabled=false, hasTouchScreen=false, platform=XP, acceptSslCerts=false, goog:chromeOptions={debuggerAddress=localhost:60362},
                        acceptInsecureCerts=false, webStorageEnabled=true, browserName=chrome, takesScreenshot=true, javascriptEnabled=true, setWindowRect=true,
                        unexpectedAlertBehaviour=, applicationCacheEnabled=false, rotatable=false, networkConnectionEnabled=false, chrome={chromedriverVersion=2.41.578737
                        (49da6702b16031c40d63e5618de03a32ff6c197e), userDataDir=C:\Users\KPatel\AppData\Local\Temp\scoped_dir14700_9673}, takesHeapSnapshot=true,
                        pageLoadStrategy=normal, databaseEnabled=false, handlesAlerts=true, version=78.0.3904.108, browserConnectionEnabled=false,
                        nativeEvents=true, webdriver.remote.sessionid=d6670fbc-e4c9-4b2e-8109-4f51be552df6, locationContextEnabled=true, cssSelectorsEnabled=true}]
                        Session ID: d6670fbc-e4c9-4b2e-8109-4f51be552df6
                        *** Element info: {Using=xpath, value=//*[@id='i0118']}
                        	at org.testng.Assert.fail(Assert.java:94)
                        	at com.datadriven.frame.base.BaseTest.reportFailure(BaseTest.java:331)
                        	at com.datadriven.frame.base.BaseTest.getElement(BaseTest.java:266)
                        	at com.datadriven.frame.base.BaseTest.type(BaseTest.java:241)
                        	at com.datadriven.frame.base.BaseTest.doLogin(BaseTest.java:419)
                        	at HollandCRM_Prod_Smoke.CustomerInformationUnderSales.Validate_AccessToAccountListUnderSales(CustomerInformationUnderSales.java:53)
                        	at java.base/jdk.internal.reflect.NativeMethodAccessorImpl.invoke0(Native Method)
                        	at java.base/jdk.internal.reflect.NativeMethodAccessorImpl.invoke(NativeMethodAccessorImpl.java:62)
                        	at java.base/jdk.internal.reflect.DelegatingMethodAccessorImpl.invoke(DelegatingMethodAccessorImpl.java:43)
                        	at java.base/java.lang.reflect.Method.invoke(Method.java:564)
                        	at org.testng.internal.MethodInvocationHelper.invokeMethod(MethodInvocationHelper.java:85)
                        	at org.testng.internal.Invoker.invokeMethod(Invoker.java:639)
                        	at org.testng.internal.Invoker.invokeTestMethod(Invoker.java:816)
                        	at org.testng.internal.TestMethodWithDataProviderMethodWorker.call(TestMethodWithDataProviderMethodWorker.java:75)
                        	at org.testng.internal.TestMethodWithDataProviderMethodWorker.call(TestMethodWithDataProviderMethodWorker.java:14)
                        	at java.base/java.util.concurrent.FutureTask.run(FutureTask.java:264)
                        	at java.base/java.util.concurrent.Executors$RunnableAdapter.call(Executors.java:514)
                        	at java.base/java.util.concurrent.FutureTask.run(FutureTask.java:264)
                        	at java.base/java.util.concurrent.ThreadPoolExecutor.runWorker(ThreadPoolExecutor.java:1135)
                        	at java.base/java.util.concurrent.ThreadPoolExecutor$Worker.run(ThreadPoolExecutor.java:635)
                        	at java.base/java.lang.Thread.run(Thread.java:844)
                     </pre>
                  </div>
               </td>
            </tr>
            <tr id="HollandCRM_Prod_Smoke.CustomerInformationUnderSales_Validate_AccountInformation_Displayed_AccountListUnderSales_byStatus_failed_FAIL2_row"
                class="testMethodStatusFAIL">
               <td width="100%" class="firstMethodCell">
                  <a onclick="toggleDetailsVisibility('HollandCRM_Prod_Smoke.CustomerInformationUnderSales_Validate_AccountInformation_Displayed_AccountListUnderSales_byStatus_failed_FAIL2_details')">Validate_AccountInformation_Displayed_AccountListUnderSales({Runmode=Y, Browser=Chrome})</a>
               </td>
               <td nowrap="true">16:45:55</td>
               <td nowrap="true" align="right">23s
                  
               </td>
               <td nowrap="true">
                  <a onclick="toggleDetailsVisibility('HollandCRM_Prod_Smoke.CustomerInformationUnderSales_Validate_AccountInformation_Displayed_AccountListUnderSales_byStatus_failed_FAIL2_exception')">java.lang.AssertionError: 
                     no such element: Unable to locate element: {"method":"xpath","selector":"//span[contains(text(),'Customers')]"}
                     (Session info: chrome=78.0.3904.108)
                     (Driver info: chromedriver=2.41.578737 (49da6702b16031c40d63e5618de03a32ff6c197e),platform=Windows NT 10.0.18362 x86_64) (WARNING:
                     The server did not provide any stacktrace information)
                     Command duration or timeout: 20.03 seconds
                     For documentation on this error, please visit: http://seleniumhq.org/exceptions/no_such_element.html
                     Build info: version: '2.52.0', revision: '4c2593c', time: '2016-02-11 19:06:42'
                     System info: host: 'IS54', ip: '10.88.159.212', os.name: 'Windows 10', os.arch: 'amd64', os.version: '10.0', java.version:
                     '1.8.0_181'
                     Driver info: org.openqa.selenium.chrome.ChromeDriver
                     Capabilities [{mobileEmulationEnabled=false, hasTouchScreen=false, platform=XP, acceptSslCerts=false, goog:chromeOptions={debuggerAddress=localhost:60362},
                     acceptInsecureCerts=false, webStorageEnabled=true, browserName=chrome, takesScreenshot=true, javascriptEnabled=true, setWindowRect=true,
                     unexpectedAlertBehaviour=, applicationCacheEnabled=false, rotatable=false, networkConnectionEnabled=false, chrome={chromedriverVersion=2.41.578737
                     (49da6702b16031c40d63e5618de03a32ff6c197e), userDataDir=C:\Users\KPatel\AppData\Local\Temp\scoped_dir14700_9673}, takesHeapSnapshot=true,
                     pageLoadStrategy=normal, databaseEnabled=false, handlesAlerts=true, version=78.0.3904.108, browserConnectionEnabled=false,
                     nativeEvents=true, locationContextEnabled=true, cssSelectorsEnabled=true}]
                     Session ID: 0f7fb92f743a54a7bb7fa73a20725d65
                     *** Element info: {Using=xpath, value=//span[contains(text(),'Customers')]}
                     Command duration or timeout: 20.57 seconds
                     For documentation on this error, please visit: http://seleniumhq.org/exceptions/no_such_element.html
                     Build info: version: '2.52.0', revision: '4c2593c', time: '2016-02-11 19:06:42'
                     System info: host: 'IS54', ip: '10.88.159.212', os.name: 'Windows 10', os.arch: 'amd64', os.version: '10.0', java.version:
                     '10.0.2'
                     Driver info: org.openqa.selenium.remote.RemoteWebDriver
                     Capabilities [{mobileEmulationEnabled=false, hasTouchScreen=false, platform=XP, acceptSslCerts=false, goog:chromeOptions={debuggerAddress=localhost:60362},
                     acceptInsecureCerts=false, webStorageEnabled=true, browserName=chrome, takesScreenshot=true, javascriptEnabled=true, setWindowRect=true,
                     unexpectedAlertBehaviour=, applicationCacheEnabled=false, rotatable=false, networkConnectionEnabled=false, chrome={chromedriverVersion=2.41.578737
                     (49da6702b16031c40d63e5618de03a32ff6c197e), userDataDir=C:\Users\KPatel\AppData\Local\Temp\scoped_dir14700_9673}, takesHeapSnapshot=true,
                     pageLoadStrategy=normal, databaseEnabled=false, handlesAlerts=true, version=78.0.3904.108, browserConnectionEnabled=false,
                     nativeEvents=true, webdriver.remote.sessionid=d6670fbc-e4c9-4b2e-8109-4f51be552df6, locationContextEnabled=true, cssSelectorsEnabled=true}]
                     Session ID: d6670fbc-e4c9-4b2e-8109-4f51be552df6
                     *** Element info: {Using=xpath, value=//span[contains(text(),'Customers')]}
                     
                  </a>
                   
                  
               </td>
            </tr>
            <tr>
               <td colspan="4" class="detailsBox">
                  <div id="HollandCRM_Prod_Smoke.CustomerInformationUnderSales_Validate_AccountInformation_Displayed_AccountListUnderSales_byStatus_failed_FAIL2_details"
                       class="testMethodDetails">
                     <div>
                        <b>Name: </b>Validate_AccountInformation_Displayed_AccountListUnderSales
                     </div>
                     <div>
                        <b>Signature: </b>Validate_AccountInformation_Displayed_AccountListUnderSales(java.util.Hashtable)[pri:2, instance:HollandCRM_Prod_Smoke.CustomerInformationUnderSales@4722ef0c]
                     </div>
                     <div>
                        <b>Parameters: </b>
                        
                        {Runmode=Y, Browser=Chrome}
                        
                        
                     </div>
                     <div>
                        <b>Start time: </b>16:45:55
                     </div>
                     <div>
                        <b>End time: </b>16:46:18
                     </div>
                     <div>
                        <b>Duration: </b>23s
                        
                     </div>
                  </div>
               </td>
            </tr>
            <tr>
               <td colspan="4" class="detailsBox">
                  <div id="HollandCRM_Prod_Smoke.CustomerInformationUnderSales_Validate_AccountInformation_Displayed_AccountListUnderSales_byStatus_failed_FAIL2_exception"
                       class="testMethodDetails">
                     <pre style="padding: 5px; margin: 0;">java.lang.AssertionError: no such element: Unable to locate element: {"method":"xpath","selector":"//span[contains(text(),'Customers')]"}
                        (Session info: chrome=78.0.3904.108)
                        (Driver info: chromedriver=2.41.578737 (49da6702b16031c40d63e5618de03a32ff6c197e),platform=Windows NT 10.0.18362 x86_64) (WARNING:
                        The server did not provide any stacktrace information)
                        Command duration or timeout: 20.03 seconds
                        For documentation on this error, please visit: http://seleniumhq.org/exceptions/no_such_element.html
                        Build info: version: '2.52.0', revision: '4c2593c', time: '2016-02-11 19:06:42'
                        System info: host: 'IS54', ip: '10.88.159.212', os.name: 'Windows 10', os.arch: 'amd64', os.version: '10.0', java.version:
                        '1.8.0_181'
                        Driver info: org.openqa.selenium.chrome.ChromeDriver
                        Capabilities [{mobileEmulationEnabled=false, hasTouchScreen=false, platform=XP, acceptSslCerts=false, goog:chromeOptions={debuggerAddress=localhost:60362},
                        acceptInsecureCerts=false, webStorageEnabled=true, browserName=chrome, takesScreenshot=true, javascriptEnabled=true, setWindowRect=true,
                        unexpectedAlertBehaviour=, applicationCacheEnabled=false, rotatable=false, networkConnectionEnabled=false, chrome={chromedriverVersion=2.41.578737
                        (49da6702b16031c40d63e5618de03a32ff6c197e), userDataDir=C:\Users\KPatel\AppData\Local\Temp\scoped_dir14700_9673}, takesHeapSnapshot=true,
                        pageLoadStrategy=normal, databaseEnabled=false, handlesAlerts=true, version=78.0.3904.108, browserConnectionEnabled=false,
                        nativeEvents=true, locationContextEnabled=true, cssSelectorsEnabled=true}]
                        Session ID: 0f7fb92f743a54a7bb7fa73a20725d65
                        *** Element info: {Using=xpath, value=//span[contains(text(),'Customers')]}
                        Command duration or timeout: 20.57 seconds
                        For documentation on this error, please visit: http://seleniumhq.org/exceptions/no_such_element.html
                        Build info: version: '2.52.0', revision: '4c2593c', time: '2016-02-11 19:06:42'
                        System info: host: 'IS54', ip: '10.88.159.212', os.name: 'Windows 10', os.arch: 'amd64', os.version: '10.0', java.version:
                        '10.0.2'
                        Driver info: org.openqa.selenium.remote.RemoteWebDriver
                        Capabilities [{mobileEmulationEnabled=false, hasTouchScreen=false, platform=XP, acceptSslCerts=false, goog:chromeOptions={debuggerAddress=localhost:60362},
                        acceptInsecureCerts=false, webStorageEnabled=true, browserName=chrome, takesScreenshot=true, javascriptEnabled=true, setWindowRect=true,
                        unexpectedAlertBehaviour=, applicationCacheEnabled=false, rotatable=false, networkConnectionEnabled=false, chrome={chromedriverVersion=2.41.578737
                        (49da6702b16031c40d63e5618de03a32ff6c197e), userDataDir=C:\Users\KPatel\AppData\Local\Temp\scoped_dir14700_9673}, takesHeapSnapshot=true,
                        pageLoadStrategy=normal, databaseEnabled=false, handlesAlerts=true, version=78.0.3904.108, browserConnectionEnabled=false,
                        nativeEvents=true, webdriver.remote.sessionid=d6670fbc-e4c9-4b2e-8109-4f51be552df6, locationContextEnabled=true, cssSelectorsEnabled=true}]
                        Session ID: d6670fbc-e4c9-4b2e-8109-4f51be552df6
                        *** Element info: {Using=xpath, value=//span[contains(text(),'Customers')]}
                        	at org.testng.Assert.fail(Assert.java:94)
                        	at com.datadriven.frame.base.BaseTest.reportFailure(BaseTest.java:331)
                        	at com.datadriven.frame.base.BaseTest.getElement(BaseTest.java:266)
                        	at com.datadriven.frame.base.BaseTest.ScrollToElement(BaseTest.java:191)
                        	at HollandCRM_Prod_Smoke.CustomerInformationUnderSales.Validate_AccountInformation_Displayed_AccountListUnderSales(CustomerInformationUnderSales.java:74)
                        	at java.base/jdk.internal.reflect.NativeMethodAccessorImpl.invoke0(Native Method)
                        	at java.base/jdk.internal.reflect.NativeMethodAccessorImpl.invoke(NativeMethodAccessorImpl.java:62)
                        	at java.base/jdk.internal.reflect.DelegatingMethodAccessorImpl.invoke(DelegatingMethodAccessorImpl.java:43)
                        	at java.base/java.lang.reflect.Method.invoke(Method.java:564)
                        	at org.testng.internal.MethodInvocationHelper.invokeMethod(MethodInvocationHelper.java:85)
                        	at org.testng.internal.Invoker.invokeMethod(Invoker.java:639)
                        	at org.testng.internal.Invoker.invokeTestMethod(Invoker.java:816)
                        	at org.testng.internal.TestMethodWithDataProviderMethodWorker.call(TestMethodWithDataProviderMethodWorker.java:75)
                        	at org.testng.internal.TestMethodWithDataProviderMethodWorker.call(TestMethodWithDataProviderMethodWorker.java:14)
                        	at java.base/java.util.concurrent.FutureTask.run(FutureTask.java:264)
                        	at java.base/java.util.concurrent.Executors$RunnableAdapter.call(Executors.java:514)
                        	at java.base/java.util.concurrent.FutureTask.run(FutureTask.java:264)
                        	at java.base/java.util.concurrent.ThreadPoolExecutor.runWorker(ThreadPoolExecutor.java:1135)
                        	at java.base/java.util.concurrent.ThreadPoolExecutor$Worker.run(ThreadPoolExecutor.java:635)
                        	at java.base/java.lang.Thread.run(Thread.java:844)
                     </pre>
                  </div>
               </td>
            </tr>
            <tr id="HollandCRM_Prod_Smoke.CustomerInformationUnderSales_quit_byStatus_failed_FAIL3_row"
                class="testMethodStatusFAIL testMethodStatusCONF">
               <td width="100%" class="firstMethodCell">
                  <a onclick="toggleDetailsVisibility('HollandCRM_Prod_Smoke.CustomerInformationUnderSales_quit_byStatus_failed_FAIL3_details')">quit()</a>
               </td>
               <td nowrap="true">16:46:18</td>
               <td nowrap="true" align="right">0 ms
                  
               </td>
               <td nowrap="true">
                  <a onclick="toggleDetailsVisibility('HollandCRM_Prod_Smoke.CustomerInformationUnderSales_quit_byStatus_failed_FAIL3_exception')">java.lang.AssertionError: 
                     no such element: Unable to locate element: {"method":"xpath","selector":"//li[@id='userInformationLauncher_buttoncrm_header_global_me-control']/button/span/span"}
                     (Session info: chrome=78.0.3904.108)
                     (Driver info: chromedriver=2.41.578737 (49da6702b16031c40d63e5618de03a32ff6c197e),platform=Windows NT 10.0.18362 x86_64) (WARNING:
                     The server did not provide any stacktrace information)
                     Command duration or timeout: 20.02 seconds
                     For documentation on this error, please visit: http://seleniumhq.org/exceptions/no_such_element.html
                     Build info: version: '2.52.0', revision: '4c2593c', time: '2016-02-11 19:06:42'
                     System info: host: 'IS54', ip: '10.88.159.212', os.name: 'Windows 10', os.arch: 'amd64', os.version: '10.0', java.version:
                     '1.8.0_181'
                     Driver info: org.openqa.selenium.chrome.ChromeDriver
                     Capabilities [{mobileEmulationEnabled=false, hasTouchScreen=false, platform=XP, acceptSslCerts=false, goog:chromeOptions={debuggerAddress=localhost:60362},
                     acceptInsecureCerts=false, webStorageEnabled=true, browserName=chrome, takesScreenshot=true, javascriptEnabled=true, setWindowRect=true,
                     unexpectedAlertBehaviour=, applicationCacheEnabled=false, rotatable=false, networkConnectionEnabled=false, chrome={chromedriverVersion=2.41.578737
                     (49da6702b16031c40d63e5618de03a32ff6c197e), userDataDir=C:\Users\KPatel\AppData\Local\Temp\scoped_dir14700_9673}, takesHeapSnapshot=true,
                     pageLoadStrategy=normal, databaseEnabled=false, handlesAlerts=true, version=78.0.3904.108, browserConnectionEnabled=false,
                     nativeEvents=true, locationContextEnabled=true, cssSelectorsEnabled=true}]
                     Session ID: 0f7fb92f743a54a7bb7fa73a20725d65
                     *** Element info: {Using=xpath, value=//li[@id='userInformationLauncher_buttoncrm_header_global_me-control']/button/span/span}
                     Command duration or timeout: 20.34 seconds
                     For documentation on this error, please visit: http://seleniumhq.org/exceptions/no_such_element.html
                     Build info: version: '2.52.0', revision: '4c2593c', time: '2016-02-11 19:06:42'
                     System info: host: 'IS54', ip: '10.88.159.212', os.name: 'Windows 10', os.arch: 'amd64', os.version: '10.0', java.version:
                     '10.0.2'
                     Driver info: org.openqa.selenium.remote.RemoteWebDriver
                     Capabilities [{mobileEmulationEnabled=false, hasTouchScreen=false, platform=XP, acceptSslCerts=false, goog:chromeOptions={debuggerAddress=localhost:60362},
                     acceptInsecureCerts=false, webStorageEnabled=true, browserName=chrome, takesScreenshot=true, javascriptEnabled=true, setWindowRect=true,
                     unexpectedAlertBehaviour=, applicationCacheEnabled=false, rotatable=false, networkConnectionEnabled=false, chrome={chromedriverVersion=2.41.578737
                     (49da6702b16031c40d63e5618de03a32ff6c197e), userDataDir=C:\Users\KPatel\AppData\Local\Temp\scoped_dir14700_9673}, takesHeapSnapshot=true,
                     pageLoadStrategy=normal, databaseEnabled=false, handlesAlerts=true, version=78.0.3904.108, browserConnectionEnabled=false,
                     nativeEvents=true, webdriver.remote.sessionid=d6670fbc-e4c9-4b2e-8109-4f51be552df6, locationContextEnabled=true, cssSelectorsEnabled=true}]
                     Session ID: d6670fbc-e4c9-4b2e-8109-4f51be552df6
                     *** Element info: {Using=xpath, value=//li[@id='userInformationLauncher_buttoncrm_header_global_me-control']/button/span/span}
                     
                  </a>
                   
                  
               </td>
            </tr>
            <tr>
               <td colspan="4" class="detailsBox">
                  <div id="HollandCRM_Prod_Smoke.CustomerInformationUnderSales_quit_byStatus_failed_FAIL3_details"
                       class="testMethodDetails">
                     <div>
                        <b>Name: </b>quit
                     </div>
                     <div>
                        <b>Signature: </b>quit()[pri:0, instance:HollandCRM_Prod_Smoke.CustomerInformationUnderSales@4722ef0c]
                     </div>
                     <div>
                        <b>Start time: </b>16:46:18
                     </div>
                     <div>
                        <b>End time: </b>16:46:18
                     </div>
                     <div>
                        <b>Duration: </b>0 ms
                        
                     </div>
                  </div>
               </td>
            </tr>
            <tr>
               <td colspan="4" class="detailsBox">
                  <div id="HollandCRM_Prod_Smoke.CustomerInformationUnderSales_quit_byStatus_failed_FAIL3_exception"
                       class="testMethodDetails">
                     <pre style="padding: 5px; margin: 0;">java.lang.AssertionError: no such element: Unable to locate element: {"method":"xpath","selector":"//li[@id='userInformationLauncher_buttoncrm_header_global_me-control']/button/span/span"}
                        (Session info: chrome=78.0.3904.108)
                        (Driver info: chromedriver=2.41.578737 (49da6702b16031c40d63e5618de03a32ff6c197e),platform=Windows NT 10.0.18362 x86_64) (WARNING:
                        The server did not provide any stacktrace information)
                        Command duration or timeout: 20.02 seconds
                        For documentation on this error, please visit: http://seleniumhq.org/exceptions/no_such_element.html
                        Build info: version: '2.52.0', revision: '4c2593c', time: '2016-02-11 19:06:42'
                        System info: host: 'IS54', ip: '10.88.159.212', os.name: 'Windows 10', os.arch: 'amd64', os.version: '10.0', java.version:
                        '1.8.0_181'
                        Driver info: org.openqa.selenium.chrome.ChromeDriver
                        Capabilities [{mobileEmulationEnabled=false, hasTouchScreen=false, platform=XP, acceptSslCerts=false, goog:chromeOptions={debuggerAddress=localhost:60362},
                        acceptInsecureCerts=false, webStorageEnabled=true, browserName=chrome, takesScreenshot=true, javascriptEnabled=true, setWindowRect=true,
                        unexpectedAlertBehaviour=, applicationCacheEnabled=false, rotatable=false, networkConnectionEnabled=false, chrome={chromedriverVersion=2.41.578737
                        (49da6702b16031c40d63e5618de03a32ff6c197e), userDataDir=C:\Users\KPatel\AppData\Local\Temp\scoped_dir14700_9673}, takesHeapSnapshot=true,
                        pageLoadStrategy=normal, databaseEnabled=false, handlesAlerts=true, version=78.0.3904.108, browserConnectionEnabled=false,
                        nativeEvents=true, locationContextEnabled=true, cssSelectorsEnabled=true}]
                        Session ID: 0f7fb92f743a54a7bb7fa73a20725d65
                        *** Element info: {Using=xpath, value=//li[@id='userInformationLauncher_buttoncrm_header_global_me-control']/button/span/span}
                        Command duration or timeout: 20.34 seconds
                        For documentation on this error, please visit: http://seleniumhq.org/exceptions/no_such_element.html
                        Build info: version: '2.52.0', revision: '4c2593c', time: '2016-02-11 19:06:42'
                        System info: host: 'IS54', ip: '10.88.159.212', os.name: 'Windows 10', os.arch: 'amd64', os.version: '10.0', java.version:
                        '10.0.2'
                        Driver info: org.openqa.selenium.remote.RemoteWebDriver
                        Capabilities [{mobileEmulationEnabled=false, hasTouchScreen=false, platform=XP, acceptSslCerts=false, goog:chromeOptions={debuggerAddress=localhost:60362},
                        acceptInsecureCerts=false, webStorageEnabled=true, browserName=chrome, takesScreenshot=true, javascriptEnabled=true, setWindowRect=true,
                        unexpectedAlertBehaviour=, applicationCacheEnabled=false, rotatable=false, networkConnectionEnabled=false, chrome={chromedriverVersion=2.41.578737
                        (49da6702b16031c40d63e5618de03a32ff6c197e), userDataDir=C:\Users\KPatel\AppData\Local\Temp\scoped_dir14700_9673}, takesHeapSnapshot=true,
                        pageLoadStrategy=normal, databaseEnabled=false, handlesAlerts=true, version=78.0.3904.108, browserConnectionEnabled=false,
                        nativeEvents=true, webdriver.remote.sessionid=d6670fbc-e4c9-4b2e-8109-4f51be552df6, locationContextEnabled=true, cssSelectorsEnabled=true}]
                        Session ID: d6670fbc-e4c9-4b2e-8109-4f51be552df6
                        *** Element info: {Using=xpath, value=//li[@id='userInformationLauncher_buttoncrm_header_global_me-control']/button/span/span}
                        	at org.testng.Assert.fail(Assert.java:94)
                        	at com.datadriven.frame.base.BaseTest.reportFailure(BaseTest.java:331)
                        	at com.datadriven.frame.base.BaseTest.getElement(BaseTest.java:266)
                        	at com.datadriven.frame.base.BaseTest.click(BaseTest.java:169)
                        	at com.datadriven.frame.base.BaseTest.signOut(BaseTest.java:438)
                        	at HollandCRM_Prod_Smoke.CustomerInformationUnderSales.quit(CustomerInformationUnderSales.java:148)
                        	at java.base/jdk.internal.reflect.NativeMethodAccessorImpl.invoke0(Native Method)
                        	at java.base/jdk.internal.reflect.NativeMethodAccessorImpl.invoke(NativeMethodAccessorImpl.java:62)
                        	at java.base/jdk.internal.reflect.DelegatingMethodAccessorImpl.invoke(DelegatingMethodAccessorImpl.java:43)
                        	at java.base/java.lang.reflect.Method.invoke(Method.java:564)
                        	at org.testng.internal.MethodInvocationHelper.invokeMethod(MethodInvocationHelper.java:85)
                        	at org.testng.internal.Invoker.invokeConfigurationMethod(Invoker.java:510)
                        	at org.testng.internal.Invoker.invokeConfigurations(Invoker.java:211)
                        	at org.testng.internal.Invoker.invokeConfigurations(Invoker.java:138)
                        	at org.testng.TestRunner.afterRun(TestRunner.java:1023)
                        	at org.testng.TestRunner.run(TestRunner.java:628)
                        	at org.testng.SuiteRunner.runTest(SuiteRunner.java:359)
                        	at org.testng.SuiteRunner.access$000(SuiteRunner.java:39)
                        	at org.testng.SuiteRunner$SuiteWorker.run(SuiteRunner.java:393)
                        	at org.testng.internal.thread.ThreadUtil$2.call(ThreadUtil.java:64)
                        	at java.base/java.util.concurrent.FutureTask.run(FutureTask.java:264)
                        	at java.base/java.util.concurrent.ThreadPoolExecutor.runWorker(ThreadPoolExecutor.java:1135)
                        	at java.base/java.util.concurrent.ThreadPoolExecutor$Worker.run(ThreadPoolExecutor.java:635)
                        	at java.base/java.lang.Thread.run(Thread.java:844)
                     </pre>
                  </div>
               </td>
            </tr>
            <tr id="HollandCRM_Prod_Smoke.CustomerInformationUnderSales_init_byStatus_passed_PASS1_row"
                class="testMethodStatusPASS testMethodStatusCONF">
               <td width="100%" class="firstMethodCell">
                  <a onclick="toggleDetailsVisibility('HollandCRM_Prod_Smoke.CustomerInformationUnderSales_init_byStatus_passed_PASS1_details')">init()</a>
               </td>
               <td nowrap="true">16:42:07</td>
               <td nowrap="true" align="right">0 ms
                  
               </td>
               <td nowrap="true">
                   
                  
               </td>
            </tr>
            <tr>
               <td colspan="4" class="detailsBox">
                  <div id="HollandCRM_Prod_Smoke.CustomerInformationUnderSales_init_byStatus_passed_PASS1_details"
                       class="testMethodDetails">
                     <div>
                        <b>Name: </b>init
                     </div>
                     <div>
                        <b>Signature: </b>init()[pri:0, instance:HollandCRM_Prod_Smoke.CustomerInformationUnderSales@4722ef0c]
                     </div>
                     <div>
                        <b>Start time: </b>16:42:07
                     </div>
                     <div>
                        <b>End time: </b>16:42:07
                     </div>
                     <div>
                        <b>Duration: </b>0 ms
                        
                     </div>
                  </div>
               </td>
            </tr>
            <tr></tr>
            <tr id="HollandCRM_Prod_Smoke.CustomerInformationUnderSales_init_byStatus_passed_PASS2_row"
                class="testMethodStatusPASS testMethodStatusCONF">
               <td width="100%" class="firstMethodCell">
                  <a onclick="toggleDetailsVisibility('HollandCRM_Prod_Smoke.CustomerInformationUnderSales_init_byStatus_passed_PASS2_details')">init()</a>
               </td>
               <td nowrap="true">16:45:55</td>
               <td nowrap="true" align="right">0 ms
                  
               </td>
               <td nowrap="true">
                   
                  
               </td>
            </tr>
            <tr>
               <td colspan="4" class="detailsBox">
                  <div id="HollandCRM_Prod_Smoke.CustomerInformationUnderSales_init_byStatus_passed_PASS2_details"
                       class="testMethodDetails">
                     <div>
                        <b>Name: </b>init
                     </div>
                     <div>
                        <b>Signature: </b>init()[pri:0, instance:HollandCRM_Prod_Smoke.CustomerInformationUnderSales@4722ef0c]
                     </div>
                     <div>
                        <b>Start time: </b>16:45:55
                     </div>
                     <div>
                        <b>End time: </b>16:45:55
                     </div>
                     <div>
                        <b>Duration: </b>0 ms
                        
                     </div>
                  </div>
               </td>
            </tr>
            <tr></tr>
            <tr id="HollandCRM_Prod_Smoke.CustomerInformationUnderSales_AccountInformationUnderSales_byStatus_passed_PASS3_row"
                class="testMethodStatusPASS">
               <td width="100%" class="firstMethodCell">
                  <a onclick="toggleDetailsVisibility('HollandCRM_Prod_Smoke.CustomerInformationUnderSales_AccountInformationUnderSales_byStatus_passed_PASS3_details')">AccountInformationUnderSales()</a>
               </td>
               <td nowrap="true">16:46:18</td>
               <td nowrap="true" align="right">0 ms
                  
               </td>
               <td nowrap="true">
                   
                  
               </td>
            </tr>
            <tr>
               <td colspan="4" class="detailsBox">
                  <div id="HollandCRM_Prod_Smoke.CustomerInformationUnderSales_AccountInformationUnderSales_byStatus_passed_PASS3_details"
                       class="testMethodDetails">
                     <div>
                        <b>Name: </b>AccountInformationUnderSales
                     </div>
                     <div>
                        <b>Signature: </b>AccountInformationUnderSales()[pri:3, instance:HollandCRM_Prod_Smoke.CustomerInformationUnderSales@4722ef0c]
                     </div>
                     <div>
                        <b>Start time: </b>16:46:18
                     </div>
                     <div>
                        <b>End time: </b>16:46:18
                     </div>
                     <div>
                        <b>Duration: </b>0 ms
                        
                     </div>
                  </div>
               </td>
            </tr>
            <tr></tr>
            <tr id="HollandCRM_Prod_Smoke.CustomerInformationUnderSales_init_byStatus_passed_PASS4_row"
                class="testMethodStatusPASS testMethodStatusCONF">
               <td width="100%" class="firstMethodCell">
                  <a onclick="toggleDetailsVisibility('HollandCRM_Prod_Smoke.CustomerInformationUnderSales_init_byStatus_passed_PASS4_details')">init()</a>
               </td>
               <td nowrap="true">16:46:18</td>
               <td nowrap="true" align="right">0 ms
                  
               </td>
               <td nowrap="true">
                   
                  
               </td>
            </tr>
            <tr>
               <td colspan="4" class="detailsBox">
                  <div id="HollandCRM_Prod_Smoke.CustomerInformationUnderSales_init_byStatus_passed_PASS4_details"
                       class="testMethodDetails">
                     <div>
                        <b>Name: </b>init
                     </div>
                     <div>
                        <b>Signature: </b>init()[pri:0, instance:HollandCRM_Prod_Smoke.CustomerInformationUnderSales@4722ef0c]
                     </div>
                     <div>
                        <b>Start time: </b>16:46:18
                     </div>
                     <div>
                        <b>End time: </b>16:46:18
                     </div>
                     <div>
                        <b>Duration: </b>0 ms
                        
                     </div>
                  </div>
               </td>
            </tr>
            <tr></tr>
         </table>
      </div>
      <div id="testMethodsByClass" style="display: none;">
         <table class="testMethodsTable" cellpadding="0" cellspacing="0">
            <tr>
               <td colspan="4">
                  <h3 style="display: inline;">HollandCRM_Prod_Smoke.CustomerInformationUnderSales</h3>
               </td>
            </tr>
            <tr class="methodsTableHeader">
               <td width="100%">Name</td>
               <td nowrap="true">Started</td>
               <td nowrap="true">Duration</td>
               <td>Exception</td>
            </tr>
            <tr id="HollandCRM_Prod_Smoke.CustomerInformationUnderSales_Validate_AccessToAccountListUnderSales_byClass_FAIL1_row"
                class="testMethodStatusFAIL">
               <td width="100%" class="firstMethodCell">
                  <a onclick="toggleDetailsVisibility('HollandCRM_Prod_Smoke.CustomerInformationUnderSales_Validate_AccessToAccountListUnderSales_byClass_FAIL1_details')">Validate_AccessToAccountListUnderSales({Runmode=Y, Browser=Chrome})</a>
               </td>
               <td nowrap="true">16:42:07</td>
               <td nowrap="true" align="right">4m
                  47s
                  
               </td>
               <td nowrap="true">
                  <a onclick="toggleDetailsVisibility('HollandCRM_Prod_Smoke.CustomerInformationUnderSales_Validate_AccessToAccountListUnderSales_byClass_FAIL1_exception')">java.lang.AssertionError: 
                     no such element: Unable to locate element: {"method":"xpath","selector":"//*[@id='i0118']"}
                     (Session info: chrome=78.0.3904.108)
                     (Driver info: chromedriver=2.41.578737 (49da6702b16031c40d63e5618de03a32ff6c197e),platform=Windows NT 10.0.18362 x86_64) (WARNING:
                     The server did not provide any stacktrace information)
                     Command duration or timeout: 20.06 seconds
                     For documentation on this error, please visit: http://seleniumhq.org/exceptions/no_such_element.html
                     Build info: version: '2.52.0', revision: '4c2593c', time: '2016-02-11 19:06:42'
                     System info: host: 'IS54', ip: '10.88.159.212', os.name: 'Windows 10', os.arch: 'amd64', os.version: '10.0', java.version:
                     '1.8.0_181'
                     Driver info: org.openqa.selenium.chrome.ChromeDriver
                     Capabilities [{mobileEmulationEnabled=false, hasTouchScreen=false, platform=XP, acceptSslCerts=false, goog:chromeOptions={debuggerAddress=localhost:60362},
                     acceptInsecureCerts=false, webStorageEnabled=true, browserName=chrome, takesScreenshot=true, javascriptEnabled=true, setWindowRect=true,
                     unexpectedAlertBehaviour=, applicationCacheEnabled=false, rotatable=false, networkConnectionEnabled=false, chrome={chromedriverVersion=2.41.578737
                     (49da6702b16031c40d63e5618de03a32ff6c197e), userDataDir=C:\Users\KPatel\AppData\Local\Temp\scoped_dir14700_9673}, takesHeapSnapshot=true,
                     pageLoadStrategy=normal, databaseEnabled=false, handlesAlerts=true, version=78.0.3904.108, browserConnectionEnabled=false,
                     nativeEvents=true, locationContextEnabled=true, cssSelectorsEnabled=true}]
                     Session ID: 0f7fb92f743a54a7bb7fa73a20725d65
                     *** Element info: {Using=xpath, value=//*[@id='i0118']}
                     Command duration or timeout: 20.82 seconds
                     For documentation on this error, please visit: http://seleniumhq.org/exceptions/no_such_element.html
                     Build info: version: '2.52.0', revision: '4c2593c', time: '2016-02-11 19:06:42'
                     System info: host: 'IS54', ip: '10.88.159.212', os.name: 'Windows 10', os.arch: 'amd64', os.version: '10.0', java.version:
                     '10.0.2'
                     Driver info: org.openqa.selenium.remote.RemoteWebDriver
                     Capabilities [{mobileEmulationEnabled=false, hasTouchScreen=false, platform=XP, acceptSslCerts=false, goog:chromeOptions={debuggerAddress=localhost:60362},
                     acceptInsecureCerts=false, webStorageEnabled=true, browserName=chrome, takesScreenshot=true, javascriptEnabled=true, setWindowRect=true,
                     unexpectedAlertBehaviour=, applicationCacheEnabled=false, rotatable=false, networkConnectionEnabled=false, chrome={chromedriverVersion=2.41.578737
                     (49da6702b16031c40d63e5618de03a32ff6c197e), userDataDir=C:\Users\KPatel\AppData\Local\Temp\scoped_dir14700_9673}, takesHeapSnapshot=true,
                     pageLoadStrategy=normal, databaseEnabled=false, handlesAlerts=true, version=78.0.3904.108, browserConnectionEnabled=false,
                     nativeEvents=true, webdriver.remote.sessionid=d6670fbc-e4c9-4b2e-8109-4f51be552df6, locationContextEnabled=true, cssSelectorsEnabled=true}]
                     Session ID: d6670fbc-e4c9-4b2e-8109-4f51be552df6
                     *** Element info: {Using=xpath, value=//*[@id='i0118']}
                     
                  </a>
                   
                  
               </td>
            </tr>
            <tr>
               <td colspan="4" class="detailsBox">
                  <div id="HollandCRM_Prod_Smoke.CustomerInformationUnderSales_Validate_AccessToAccountListUnderSales_byClass_FAIL1_details"
                       class="testMethodDetails">
                     <div>
                        <b>Name: </b>Validate_AccessToAccountListUnderSales
                     </div>
                     <div>
                        <b>Signature: </b>Validate_AccessToAccountListUnderSales(java.util.Hashtable)[pri:1, instance:HollandCRM_Prod_Smoke.CustomerInformationUnderSales@4722ef0c]
                     </div>
                     <div>
                        <b>Parameters: </b>
                        
                        {Runmode=Y, Browser=Chrome}
                        
                        
                     </div>
                     <div>
                        <b>Start time: </b>16:42:07
                     </div>
                     <div>
                        <b>End time: </b>16:45:55
                     </div>
                     <div>
                        <b>Duration: </b>4m
                        47s
                        
                     </div>
                  </div>
               </td>
            </tr>
            <tr>
               <td colspan="4" class="detailsBox">
                  <div id="HollandCRM_Prod_Smoke.CustomerInformationUnderSales_Validate_AccessToAccountListUnderSales_byClass_FAIL1_exception"
                       class="testMethodDetails">
                     <pre style="padding: 5px; margin: 0;">java.lang.AssertionError: no such element: Unable to locate element: {"method":"xpath","selector":"//*[@id='i0118']"}
                        (Session info: chrome=78.0.3904.108)
                        (Driver info: chromedriver=2.41.578737 (49da6702b16031c40d63e5618de03a32ff6c197e),platform=Windows NT 10.0.18362 x86_64) (WARNING:
                        The server did not provide any stacktrace information)
                        Command duration or timeout: 20.06 seconds
                        For documentation on this error, please visit: http://seleniumhq.org/exceptions/no_such_element.html
                        Build info: version: '2.52.0', revision: '4c2593c', time: '2016-02-11 19:06:42'
                        System info: host: 'IS54', ip: '10.88.159.212', os.name: 'Windows 10', os.arch: 'amd64', os.version: '10.0', java.version:
                        '1.8.0_181'
                        Driver info: org.openqa.selenium.chrome.ChromeDriver
                        Capabilities [{mobileEmulationEnabled=false, hasTouchScreen=false, platform=XP, acceptSslCerts=false, goog:chromeOptions={debuggerAddress=localhost:60362},
                        acceptInsecureCerts=false, webStorageEnabled=true, browserName=chrome, takesScreenshot=true, javascriptEnabled=true, setWindowRect=true,
                        unexpectedAlertBehaviour=, applicationCacheEnabled=false, rotatable=false, networkConnectionEnabled=false, chrome={chromedriverVersion=2.41.578737
                        (49da6702b16031c40d63e5618de03a32ff6c197e), userDataDir=C:\Users\KPatel\AppData\Local\Temp\scoped_dir14700_9673}, takesHeapSnapshot=true,
                        pageLoadStrategy=normal, databaseEnabled=false, handlesAlerts=true, version=78.0.3904.108, browserConnectionEnabled=false,
                        nativeEvents=true, locationContextEnabled=true, cssSelectorsEnabled=true}]
                        Session ID: 0f7fb92f743a54a7bb7fa73a20725d65
                        *** Element info: {Using=xpath, value=//*[@id='i0118']}
                        Command duration or timeout: 20.82 seconds
                        For documentation on this error, please visit: http://seleniumhq.org/exceptions/no_such_element.html
                        Build info: version: '2.52.0', revision: '4c2593c', time: '2016-02-11 19:06:42'
                        System info: host: 'IS54', ip: '10.88.159.212', os.name: 'Windows 10', os.arch: 'amd64', os.version: '10.0', java.version:
                        '10.0.2'
                        Driver info: org.openqa.selenium.remote.RemoteWebDriver
                        Capabilities [{mobileEmulationEnabled=false, hasTouchScreen=false, platform=XP, acceptSslCerts=false, goog:chromeOptions={debuggerAddress=localhost:60362},
                        acceptInsecureCerts=false, webStorageEnabled=true, browserName=chrome, takesScreenshot=true, javascriptEnabled=true, setWindowRect=true,
                        unexpectedAlertBehaviour=, applicationCacheEnabled=false, rotatable=false, networkConnectionEnabled=false, chrome={chromedriverVersion=2.41.578737
                        (49da6702b16031c40d63e5618de03a32ff6c197e), userDataDir=C:\Users\KPatel\AppData\Local\Temp\scoped_dir14700_9673}, takesHeapSnapshot=true,
                        pageLoadStrategy=normal, databaseEnabled=false, handlesAlerts=true, version=78.0.3904.108, browserConnectionEnabled=false,
                        nativeEvents=true, webdriver.remote.sessionid=d6670fbc-e4c9-4b2e-8109-4f51be552df6, locationContextEnabled=true, cssSelectorsEnabled=true}]
                        Session ID: d6670fbc-e4c9-4b2e-8109-4f51be552df6
                        *** Element info: {Using=xpath, value=//*[@id='i0118']}
                        	at org.testng.Assert.fail(Assert.java:94)
                        	at com.datadriven.frame.base.BaseTest.reportFailure(BaseTest.java:331)
                        	at com.datadriven.frame.base.BaseTest.getElement(BaseTest.java:266)
                        	at com.datadriven.frame.base.BaseTest.type(BaseTest.java:241)
                        	at com.datadriven.frame.base.BaseTest.doLogin(BaseTest.java:419)
                        	at HollandCRM_Prod_Smoke.CustomerInformationUnderSales.Validate_AccessToAccountListUnderSales(CustomerInformationUnderSales.java:53)
                        	at java.base/jdk.internal.reflect.NativeMethodAccessorImpl.invoke0(Native Method)
                        	at java.base/jdk.internal.reflect.NativeMethodAccessorImpl.invoke(NativeMethodAccessorImpl.java:62)
                        	at java.base/jdk.internal.reflect.DelegatingMethodAccessorImpl.invoke(DelegatingMethodAccessorImpl.java:43)
                        	at java.base/java.lang.reflect.Method.invoke(Method.java:564)
                        	at org.testng.internal.MethodInvocationHelper.invokeMethod(MethodInvocationHelper.java:85)
                        	at org.testng.internal.Invoker.invokeMethod(Invoker.java:639)
                        	at org.testng.internal.Invoker.invokeTestMethod(Invoker.java:816)
                        	at org.testng.internal.TestMethodWithDataProviderMethodWorker.call(TestMethodWithDataProviderMethodWorker.java:75)
                        	at org.testng.internal.TestMethodWithDataProviderMethodWorker.call(TestMethodWithDataProviderMethodWorker.java:14)
                        	at java.base/java.util.concurrent.FutureTask.run(FutureTask.java:264)
                        	at java.base/java.util.concurrent.Executors$RunnableAdapter.call(Executors.java:514)
                        	at java.base/java.util.concurrent.FutureTask.run(FutureTask.java:264)
                        	at java.base/java.util.concurrent.ThreadPoolExecutor.runWorker(ThreadPoolExecutor.java:1135)
                        	at java.base/java.util.concurrent.ThreadPoolExecutor$Worker.run(ThreadPoolExecutor.java:635)
                        	at java.base/java.lang.Thread.run(Thread.java:844)
                     </pre>
                  </div>
               </td>
            </tr>
            <tr id="HollandCRM_Prod_Smoke.CustomerInformationUnderSales_init_byClass_PASS2_row"
                class="testMethodStatusPASS testMethodStatusCONF">
               <td width="100%" class="firstMethodCell">
                  <a onclick="toggleDetailsVisibility('HollandCRM_Prod_Smoke.CustomerInformationUnderSales_init_byClass_PASS2_details')">init()</a>
               </td>
               <td nowrap="true">16:42:07</td>
               <td nowrap="true" align="right">0 ms
                  
               </td>
               <td nowrap="true">
                   
                  
               </td>
            </tr>
            <tr>
               <td colspan="4" class="detailsBox">
                  <div id="HollandCRM_Prod_Smoke.CustomerInformationUnderSales_init_byClass_PASS2_details"
                       class="testMethodDetails">
                     <div>
                        <b>Name: </b>init
                     </div>
                     <div>
                        <b>Signature: </b>init()[pri:0, instance:HollandCRM_Prod_Smoke.CustomerInformationUnderSales@4722ef0c]
                     </div>
                     <div>
                        <b>Start time: </b>16:42:07
                     </div>
                     <div>
                        <b>End time: </b>16:42:07
                     </div>
                     <div>
                        <b>Duration: </b>0 ms
                        
                     </div>
                  </div>
               </td>
            </tr>
            <tr></tr>
            <tr id="HollandCRM_Prod_Smoke.CustomerInformationUnderSales_Validate_AccountInformation_Displayed_AccountListUnderSales_byClass_FAIL3_row"
                class="testMethodStatusFAIL">
               <td width="100%" class="firstMethodCell">
                  <a onclick="toggleDetailsVisibility('HollandCRM_Prod_Smoke.CustomerInformationUnderSales_Validate_AccountInformation_Displayed_AccountListUnderSales_byClass_FAIL3_details')">Validate_AccountInformation_Displayed_AccountListUnderSales({Runmode=Y, Browser=Chrome})</a>
               </td>
               <td nowrap="true">16:45:55</td>
               <td nowrap="true" align="right">23s
                  
               </td>
               <td nowrap="true">
                  <a onclick="toggleDetailsVisibility('HollandCRM_Prod_Smoke.CustomerInformationUnderSales_Validate_AccountInformation_Displayed_AccountListUnderSales_byClass_FAIL3_exception')">java.lang.AssertionError: 
                     no such element: Unable to locate element: {"method":"xpath","selector":"//span[contains(text(),'Customers')]"}
                     (Session info: chrome=78.0.3904.108)
                     (Driver info: chromedriver=2.41.578737 (49da6702b16031c40d63e5618de03a32ff6c197e),platform=Windows NT 10.0.18362 x86_64) (WARNING:
                     The server did not provide any stacktrace information)
                     Command duration or timeout: 20.03 seconds
                     For documentation on this error, please visit: http://seleniumhq.org/exceptions/no_such_element.html
                     Build info: version: '2.52.0', revision: '4c2593c', time: '2016-02-11 19:06:42'
                     System info: host: 'IS54', ip: '10.88.159.212', os.name: 'Windows 10', os.arch: 'amd64', os.version: '10.0', java.version:
                     '1.8.0_181'
                     Driver info: org.openqa.selenium.chrome.ChromeDriver
                     Capabilities [{mobileEmulationEnabled=false, hasTouchScreen=false, platform=XP, acceptSslCerts=false, goog:chromeOptions={debuggerAddress=localhost:60362},
                     acceptInsecureCerts=false, webStorageEnabled=true, browserName=chrome, takesScreenshot=true, javascriptEnabled=true, setWindowRect=true,
                     unexpectedAlertBehaviour=, applicationCacheEnabled=false, rotatable=false, networkConnectionEnabled=false, chrome={chromedriverVersion=2.41.578737
                     (49da6702b16031c40d63e5618de03a32ff6c197e), userDataDir=C:\Users\KPatel\AppData\Local\Temp\scoped_dir14700_9673}, takesHeapSnapshot=true,
                     pageLoadStrategy=normal, databaseEnabled=false, handlesAlerts=true, version=78.0.3904.108, browserConnectionEnabled=false,
                     nativeEvents=true, locationContextEnabled=true, cssSelectorsEnabled=true}]
                     Session ID: 0f7fb92f743a54a7bb7fa73a20725d65
                     *** Element info: {Using=xpath, value=//span[contains(text(),'Customers')]}
                     Command duration or timeout: 20.57 seconds
                     For documentation on this error, please visit: http://seleniumhq.org/exceptions/no_such_element.html
                     Build info: version: '2.52.0', revision: '4c2593c', time: '2016-02-11 19:06:42'
                     System info: host: 'IS54', ip: '10.88.159.212', os.name: 'Windows 10', os.arch: 'amd64', os.version: '10.0', java.version:
                     '10.0.2'
                     Driver info: org.openqa.selenium.remote.RemoteWebDriver
                     Capabilities [{mobileEmulationEnabled=false, hasTouchScreen=false, platform=XP, acceptSslCerts=false, goog:chromeOptions={debuggerAddress=localhost:60362},
                     acceptInsecureCerts=false, webStorageEnabled=true, browserName=chrome, takesScreenshot=true, javascriptEnabled=true, setWindowRect=true,
                     unexpectedAlertBehaviour=, applicationCacheEnabled=false, rotatable=false, networkConnectionEnabled=false, chrome={chromedriverVersion=2.41.578737
                     (49da6702b16031c40d63e5618de03a32ff6c197e), userDataDir=C:\Users\KPatel\AppData\Local\Temp\scoped_dir14700_9673}, takesHeapSnapshot=true,
                     pageLoadStrategy=normal, databaseEnabled=false, handlesAlerts=true, version=78.0.3904.108, browserConnectionEnabled=false,
                     nativeEvents=true, webdriver.remote.sessionid=d6670fbc-e4c9-4b2e-8109-4f51be552df6, locationContextEnabled=true, cssSelectorsEnabled=true}]
                     Session ID: d6670fbc-e4c9-4b2e-8109-4f51be552df6
                     *** Element info: {Using=xpath, value=//span[contains(text(),'Customers')]}
                     
                  </a>
                   
                  
               </td>
            </tr>
            <tr>
               <td colspan="4" class="detailsBox">
                  <div id="HollandCRM_Prod_Smoke.CustomerInformationUnderSales_Validate_AccountInformation_Displayed_AccountListUnderSales_byClass_FAIL3_details"
                       class="testMethodDetails">
                     <div>
                        <b>Name: </b>Validate_AccountInformation_Displayed_AccountListUnderSales
                     </div>
                     <div>
                        <b>Signature: </b>Validate_AccountInformation_Displayed_AccountListUnderSales(java.util.Hashtable)[pri:2, instance:HollandCRM_Prod_Smoke.CustomerInformationUnderSales@4722ef0c]
                     </div>
                     <div>
                        <b>Parameters: </b>
                        
                        {Runmode=Y, Browser=Chrome}
                        
                        
                     </div>
                     <div>
                        <b>Start time: </b>16:45:55
                     </div>
                     <div>
                        <b>End time: </b>16:46:18
                     </div>
                     <div>
                        <b>Duration: </b>23s
                        
                     </div>
                  </div>
               </td>
            </tr>
            <tr>
               <td colspan="4" class="detailsBox">
                  <div id="HollandCRM_Prod_Smoke.CustomerInformationUnderSales_Validate_AccountInformation_Displayed_AccountListUnderSales_byClass_FAIL3_exception"
                       class="testMethodDetails">
                     <pre style="padding: 5px; margin: 0;">java.lang.AssertionError: no such element: Unable to locate element: {"method":"xpath","selector":"//span[contains(text(),'Customers')]"}
                        (Session info: chrome=78.0.3904.108)
                        (Driver info: chromedriver=2.41.578737 (49da6702b16031c40d63e5618de03a32ff6c197e),platform=Windows NT 10.0.18362 x86_64) (WARNING:
                        The server did not provide any stacktrace information)
                        Command duration or timeout: 20.03 seconds
                        For documentation on this error, please visit: http://seleniumhq.org/exceptions/no_such_element.html
                        Build info: version: '2.52.0', revision: '4c2593c', time: '2016-02-11 19:06:42'
                        System info: host: 'IS54', ip: '10.88.159.212', os.name: 'Windows 10', os.arch: 'amd64', os.version: '10.0', java.version:
                        '1.8.0_181'
                        Driver info: org.openqa.selenium.chrome.ChromeDriver
                        Capabilities [{mobileEmulationEnabled=false, hasTouchScreen=false, platform=XP, acceptSslCerts=false, goog:chromeOptions={debuggerAddress=localhost:60362},
                        acceptInsecureCerts=false, webStorageEnabled=true, browserName=chrome, takesScreenshot=true, javascriptEnabled=true, setWindowRect=true,
                        unexpectedAlertBehaviour=, applicationCacheEnabled=false, rotatable=false, networkConnectionEnabled=false, chrome={chromedriverVersion=2.41.578737
                        (49da6702b16031c40d63e5618de03a32ff6c197e), userDataDir=C:\Users\KPatel\AppData\Local\Temp\scoped_dir14700_9673}, takesHeapSnapshot=true,
                        pageLoadStrategy=normal, databaseEnabled=false, handlesAlerts=true, version=78.0.3904.108, browserConnectionEnabled=false,
                        nativeEvents=true, locationContextEnabled=true, cssSelectorsEnabled=true}]
                        Session ID: 0f7fb92f743a54a7bb7fa73a20725d65
                        *** Element info: {Using=xpath, value=//span[contains(text(),'Customers')]}
                        Command duration or timeout: 20.57 seconds
                        For documentation on this error, please visit: http://seleniumhq.org/exceptions/no_such_element.html
                        Build info: version: '2.52.0', revision: '4c2593c', time: '2016-02-11 19:06:42'
                        System info: host: 'IS54', ip: '10.88.159.212', os.name: 'Windows 10', os.arch: 'amd64', os.version: '10.0', java.version:
                        '10.0.2'
                        Driver info: org.openqa.selenium.remote.RemoteWebDriver
                        Capabilities [{mobileEmulationEnabled=false, hasTouchScreen=false, platform=XP, acceptSslCerts=false, goog:chromeOptions={debuggerAddress=localhost:60362},
                        acceptInsecureCerts=false, webStorageEnabled=true, browserName=chrome, takesScreenshot=true, javascriptEnabled=true, setWindowRect=true,
                        unexpectedAlertBehaviour=, applicationCacheEnabled=false, rotatable=false, networkConnectionEnabled=false, chrome={chromedriverVersion=2.41.578737
                        (49da6702b16031c40d63e5618de03a32ff6c197e), userDataDir=C:\Users\KPatel\AppData\Local\Temp\scoped_dir14700_9673}, takesHeapSnapshot=true,
                        pageLoadStrategy=normal, databaseEnabled=false, handlesAlerts=true, version=78.0.3904.108, browserConnectionEnabled=false,
                        nativeEvents=true, webdriver.remote.sessionid=d6670fbc-e4c9-4b2e-8109-4f51be552df6, locationContextEnabled=true, cssSelectorsEnabled=true}]
                        Session ID: d6670fbc-e4c9-4b2e-8109-4f51be552df6
                        *** Element info: {Using=xpath, value=//span[contains(text(),'Customers')]}
                        	at org.testng.Assert.fail(Assert.java:94)
                        	at com.datadriven.frame.base.BaseTest.reportFailure(BaseTest.java:331)
                        	at com.datadriven.frame.base.BaseTest.getElement(BaseTest.java:266)
                        	at com.datadriven.frame.base.BaseTest.ScrollToElement(BaseTest.java:191)
                        	at HollandCRM_Prod_Smoke.CustomerInformationUnderSales.Validate_AccountInformation_Displayed_AccountListUnderSales(CustomerInformationUnderSales.java:74)
                        	at java.base/jdk.internal.reflect.NativeMethodAccessorImpl.invoke0(Native Method)
                        	at java.base/jdk.internal.reflect.NativeMethodAccessorImpl.invoke(NativeMethodAccessorImpl.java:62)
                        	at java.base/jdk.internal.reflect.DelegatingMethodAccessorImpl.invoke(DelegatingMethodAccessorImpl.java:43)
                        	at java.base/java.lang.reflect.Method.invoke(Method.java:564)
                        	at org.testng.internal.MethodInvocationHelper.invokeMethod(MethodInvocationHelper.java:85)
                        	at org.testng.internal.Invoker.invokeMethod(Invoker.java:639)
                        	at org.testng.internal.Invoker.invokeTestMethod(Invoker.java:816)
                        	at org.testng.internal.TestMethodWithDataProviderMethodWorker.call(TestMethodWithDataProviderMethodWorker.java:75)
                        	at org.testng.internal.TestMethodWithDataProviderMethodWorker.call(TestMethodWithDataProviderMethodWorker.java:14)
                        	at java.base/java.util.concurrent.FutureTask.run(FutureTask.java:264)
                        	at java.base/java.util.concurrent.Executors$RunnableAdapter.call(Executors.java:514)
                        	at java.base/java.util.concurrent.FutureTask.run(FutureTask.java:264)
                        	at java.base/java.util.concurrent.ThreadPoolExecutor.runWorker(ThreadPoolExecutor.java:1135)
                        	at java.base/java.util.concurrent.ThreadPoolExecutor$Worker.run(ThreadPoolExecutor.java:635)
                        	at java.base/java.lang.Thread.run(Thread.java:844)
                     </pre>
                  </div>
               </td>
            </tr>
            <tr id="HollandCRM_Prod_Smoke.CustomerInformationUnderSales_init_byClass_PASS4_row"
                class="testMethodStatusPASS testMethodStatusCONF">
               <td width="100%" class="firstMethodCell">
                  <a onclick="toggleDetailsVisibility('HollandCRM_Prod_Smoke.CustomerInformationUnderSales_init_byClass_PASS4_details')">init()</a>
               </td>
               <td nowrap="true">16:45:55</td>
               <td nowrap="true" align="right">0 ms
                  
               </td>
               <td nowrap="true">
                   
                  
               </td>
            </tr>
            <tr>
               <td colspan="4" class="detailsBox">
                  <div id="HollandCRM_Prod_Smoke.CustomerInformationUnderSales_init_byClass_PASS4_details"
                       class="testMethodDetails">
                     <div>
                        <b>Name: </b>init
                     </div>
                     <div>
                        <b>Signature: </b>init()[pri:0, instance:HollandCRM_Prod_Smoke.CustomerInformationUnderSales@4722ef0c]
                     </div>
                     <div>
                        <b>Start time: </b>16:45:55
                     </div>
                     <div>
                        <b>End time: </b>16:45:55
                     </div>
                     <div>
                        <b>Duration: </b>0 ms
                        
                     </div>
                  </div>
               </td>
            </tr>
            <tr></tr>
            <tr id="HollandCRM_Prod_Smoke.CustomerInformationUnderSales_AccountInformationUnderSales_byClass_PASS5_row"
                class="testMethodStatusPASS">
               <td width="100%" class="firstMethodCell">
                  <a onclick="toggleDetailsVisibility('HollandCRM_Prod_Smoke.CustomerInformationUnderSales_AccountInformationUnderSales_byClass_PASS5_details')">AccountInformationUnderSales()</a>
               </td>
               <td nowrap="true">16:46:18</td>
               <td nowrap="true" align="right">0 ms
                  
               </td>
               <td nowrap="true">
                   
                  
               </td>
            </tr>
            <tr>
               <td colspan="4" class="detailsBox">
                  <div id="HollandCRM_Prod_Smoke.CustomerInformationUnderSales_AccountInformationUnderSales_byClass_PASS5_details"
                       class="testMethodDetails">
                     <div>
                        <b>Name: </b>AccountInformationUnderSales
                     </div>
                     <div>
                        <b>Signature: </b>AccountInformationUnderSales()[pri:3, instance:HollandCRM_Prod_Smoke.CustomerInformationUnderSales@4722ef0c]
                     </div>
                     <div>
                        <b>Start time: </b>16:46:18
                     </div>
                     <div>
                        <b>End time: </b>16:46:18
                     </div>
                     <div>
                        <b>Duration: </b>0 ms
                        
                     </div>
                  </div>
               </td>
            </tr>
            <tr></tr>
            <tr id="HollandCRM_Prod_Smoke.CustomerInformationUnderSales_quit_byClass_FAIL6_row"
                class="testMethodStatusFAIL testMethodStatusCONF">
               <td width="100%" class="firstMethodCell">
                  <a onclick="toggleDetailsVisibility('HollandCRM_Prod_Smoke.CustomerInformationUnderSales_quit_byClass_FAIL6_details')">quit()</a>
               </td>
               <td nowrap="true">16:46:18</td>
               <td nowrap="true" align="right">0 ms
                  
               </td>
               <td nowrap="true">
                  <a onclick="toggleDetailsVisibility('HollandCRM_Prod_Smoke.CustomerInformationUnderSales_quit_byClass_FAIL6_exception')">java.lang.AssertionError: 
                     no such element: Unable to locate element: {"method":"xpath","selector":"//li[@id='userInformationLauncher_buttoncrm_header_global_me-control']/button/span/span"}
                     (Session info: chrome=78.0.3904.108)
                     (Driver info: chromedriver=2.41.578737 (49da6702b16031c40d63e5618de03a32ff6c197e),platform=Windows NT 10.0.18362 x86_64) (WARNING:
                     The server did not provide any stacktrace information)
                     Command duration or timeout: 20.02 seconds
                     For documentation on this error, please visit: http://seleniumhq.org/exceptions/no_such_element.html
                     Build info: version: '2.52.0', revision: '4c2593c', time: '2016-02-11 19:06:42'
                     System info: host: 'IS54', ip: '10.88.159.212', os.name: 'Windows 10', os.arch: 'amd64', os.version: '10.0', java.version:
                     '1.8.0_181'
                     Driver info: org.openqa.selenium.chrome.ChromeDriver
                     Capabilities [{mobileEmulationEnabled=false, hasTouchScreen=false, platform=XP, acceptSslCerts=false, goog:chromeOptions={debuggerAddress=localhost:60362},
                     acceptInsecureCerts=false, webStorageEnabled=true, browserName=chrome, takesScreenshot=true, javascriptEnabled=true, setWindowRect=true,
                     unexpectedAlertBehaviour=, applicationCacheEnabled=false, rotatable=false, networkConnectionEnabled=false, chrome={chromedriverVersion=2.41.578737
                     (49da6702b16031c40d63e5618de03a32ff6c197e), userDataDir=C:\Users\KPatel\AppData\Local\Temp\scoped_dir14700_9673}, takesHeapSnapshot=true,
                     pageLoadStrategy=normal, databaseEnabled=false, handlesAlerts=true, version=78.0.3904.108, browserConnectionEnabled=false,
                     nativeEvents=true, locationContextEnabled=true, cssSelectorsEnabled=true}]
                     Session ID: 0f7fb92f743a54a7bb7fa73a20725d65
                     *** Element info: {Using=xpath, value=//li[@id='userInformationLauncher_buttoncrm_header_global_me-control']/button/span/span}
                     Command duration or timeout: 20.34 seconds
                     For documentation on this error, please visit: http://seleniumhq.org/exceptions/no_such_element.html
                     Build info: version: '2.52.0', revision: '4c2593c', time: '2016-02-11 19:06:42'
                     System info: host: 'IS54', ip: '10.88.159.212', os.name: 'Windows 10', os.arch: 'amd64', os.version: '10.0', java.version:
                     '10.0.2'
                     Driver info: org.openqa.selenium.remote.RemoteWebDriver
                     Capabilities [{mobileEmulationEnabled=false, hasTouchScreen=false, platform=XP, acceptSslCerts=false, goog:chromeOptions={debuggerAddress=localhost:60362},
                     acceptInsecureCerts=false, webStorageEnabled=true, browserName=chrome, takesScreenshot=true, javascriptEnabled=true, setWindowRect=true,
                     unexpectedAlertBehaviour=, applicationCacheEnabled=false, rotatable=false, networkConnectionEnabled=false, chrome={chromedriverVersion=2.41.578737
                     (49da6702b16031c40d63e5618de03a32ff6c197e), userDataDir=C:\Users\KPatel\AppData\Local\Temp\scoped_dir14700_9673}, takesHeapSnapshot=true,
                     pageLoadStrategy=normal, databaseEnabled=false, handlesAlerts=true, version=78.0.3904.108, browserConnectionEnabled=false,
                     nativeEvents=true, webdriver.remote.sessionid=d6670fbc-e4c9-4b2e-8109-4f51be552df6, locationContextEnabled=true, cssSelectorsEnabled=true}]
                     Session ID: d6670fbc-e4c9-4b2e-8109-4f51be552df6
                     *** Element info: {Using=xpath, value=//li[@id='userInformationLauncher_buttoncrm_header_global_me-control']/button/span/span}
                     
                  </a>
                   
                  
               </td>
            </tr>
            <tr>
               <td colspan="4" class="detailsBox">
                  <div id="HollandCRM_Prod_Smoke.CustomerInformationUnderSales_quit_byClass_FAIL6_details"
                       class="testMethodDetails">
                     <div>
                        <b>Name: </b>quit
                     </div>
                     <div>
                        <b>Signature: </b>quit()[pri:0, instance:HollandCRM_Prod_Smoke.CustomerInformationUnderSales@4722ef0c]
                     </div>
                     <div>
                        <b>Start time: </b>16:46:18
                     </div>
                     <div>
                        <b>End time: </b>16:46:18
                     </div>
                     <div>
                        <b>Duration: </b>0 ms
                        
                     </div>
                  </div>
               </td>
            </tr>
            <tr>
               <td colspan="4" class="detailsBox">
                  <div id="HollandCRM_Prod_Smoke.CustomerInformationUnderSales_quit_byClass_FAIL6_exception"
                       class="testMethodDetails">
                     <pre style="padding: 5px; margin: 0;">java.lang.AssertionError: no such element: Unable to locate element: {"method":"xpath","selector":"//li[@id='userInformationLauncher_buttoncrm_header_global_me-control']/button/span/span"}
                        (Session info: chrome=78.0.3904.108)
                        (Driver info: chromedriver=2.41.578737 (49da6702b16031c40d63e5618de03a32ff6c197e),platform=Windows NT 10.0.18362 x86_64) (WARNING:
                        The server did not provide any stacktrace information)
                        Command duration or timeout: 20.02 seconds
                        For documentation on this error, please visit: http://seleniumhq.org/exceptions/no_such_element.html
                        Build info: version: '2.52.0', revision: '4c2593c', time: '2016-02-11 19:06:42'
                        System info: host: 'IS54', ip: '10.88.159.212', os.name: 'Windows 10', os.arch: 'amd64', os.version: '10.0', java.version:
                        '1.8.0_181'
                        Driver info: org.openqa.selenium.chrome.ChromeDriver
                        Capabilities [{mobileEmulationEnabled=false, hasTouchScreen=false, platform=XP, acceptSslCerts=false, goog:chromeOptions={debuggerAddress=localhost:60362},
                        acceptInsecureCerts=false, webStorageEnabled=true, browserName=chrome, takesScreenshot=true, javascriptEnabled=true, setWindowRect=true,
                        unexpectedAlertBehaviour=, applicationCacheEnabled=false, rotatable=false, networkConnectionEnabled=false, chrome={chromedriverVersion=2.41.578737
                        (49da6702b16031c40d63e5618de03a32ff6c197e), userDataDir=C:\Users\KPatel\AppData\Local\Temp\scoped_dir14700_9673}, takesHeapSnapshot=true,
                        pageLoadStrategy=normal, databaseEnabled=false, handlesAlerts=true, version=78.0.3904.108, browserConnectionEnabled=false,
                        nativeEvents=true, locationContextEnabled=true, cssSelectorsEnabled=true}]
                        Session ID: 0f7fb92f743a54a7bb7fa73a20725d65
                        *** Element info: {Using=xpath, value=//li[@id='userInformationLauncher_buttoncrm_header_global_me-control']/button/span/span}
                        Command duration or timeout: 20.34 seconds
                        For documentation on this error, please visit: http://seleniumhq.org/exceptions/no_such_element.html
                        Build info: version: '2.52.0', revision: '4c2593c', time: '2016-02-11 19:06:42'
                        System info: host: 'IS54', ip: '10.88.159.212', os.name: 'Windows 10', os.arch: 'amd64', os.version: '10.0', java.version:
                        '10.0.2'
                        Driver info: org.openqa.selenium.remote.RemoteWebDriver
                        Capabilities [{mobileEmulationEnabled=false, hasTouchScreen=false, platform=XP, acceptSslCerts=false, goog:chromeOptions={debuggerAddress=localhost:60362},
                        acceptInsecureCerts=false, webStorageEnabled=true, browserName=chrome, takesScreenshot=true, javascriptEnabled=true, setWindowRect=true,
                        unexpectedAlertBehaviour=, applicationCacheEnabled=false, rotatable=false, networkConnectionEnabled=false, chrome={chromedriverVersion=2.41.578737
                        (49da6702b16031c40d63e5618de03a32ff6c197e), userDataDir=C:\Users\KPatel\AppData\Local\Temp\scoped_dir14700_9673}, takesHeapSnapshot=true,
                        pageLoadStrategy=normal, databaseEnabled=false, handlesAlerts=true, version=78.0.3904.108, browserConnectionEnabled=false,
                        nativeEvents=true, webdriver.remote.sessionid=d6670fbc-e4c9-4b2e-8109-4f51be552df6, locationContextEnabled=true, cssSelectorsEnabled=true}]
                        Session ID: d6670fbc-e4c9-4b2e-8109-4f51be552df6
                        *** Element info: {Using=xpath, value=//li[@id='userInformationLauncher_buttoncrm_header_global_me-control']/button/span/span}
                        	at org.testng.Assert.fail(Assert.java:94)
                        	at com.datadriven.frame.base.BaseTest.reportFailure(BaseTest.java:331)
                        	at com.datadriven.frame.base.BaseTest.getElement(BaseTest.java:266)
                        	at com.datadriven.frame.base.BaseTest.click(BaseTest.java:169)
                        	at com.datadriven.frame.base.BaseTest.signOut(BaseTest.java:438)
                        	at HollandCRM_Prod_Smoke.CustomerInformationUnderSales.quit(CustomerInformationUnderSales.java:148)
                        	at java.base/jdk.internal.reflect.NativeMethodAccessorImpl.invoke0(Native Method)
                        	at java.base/jdk.internal.reflect.NativeMethodAccessorImpl.invoke(NativeMethodAccessorImpl.java:62)
                        	at java.base/jdk.internal.reflect.DelegatingMethodAccessorImpl.invoke(DelegatingMethodAccessorImpl.java:43)
                        	at java.base/java.lang.reflect.Method.invoke(Method.java:564)
                        	at org.testng.internal.MethodInvocationHelper.invokeMethod(MethodInvocationHelper.java:85)
                        	at org.testng.internal.Invoker.invokeConfigurationMethod(Invoker.java:510)
                        	at org.testng.internal.Invoker.invokeConfigurations(Invoker.java:211)
                        	at org.testng.internal.Invoker.invokeConfigurations(Invoker.java:138)
                        	at org.testng.TestRunner.afterRun(TestRunner.java:1023)
                        	at org.testng.TestRunner.run(TestRunner.java:628)
                        	at org.testng.SuiteRunner.runTest(SuiteRunner.java:359)
                        	at org.testng.SuiteRunner.access$000(SuiteRunner.java:39)
                        	at org.testng.SuiteRunner$SuiteWorker.run(SuiteRunner.java:393)
                        	at org.testng.internal.thread.ThreadUtil$2.call(ThreadUtil.java:64)
                        	at java.base/java.util.concurrent.FutureTask.run(FutureTask.java:264)
                        	at java.base/java.util.concurrent.ThreadPoolExecutor.runWorker(ThreadPoolExecutor.java:1135)
                        	at java.base/java.util.concurrent.ThreadPoolExecutor$Worker.run(ThreadPoolExecutor.java:635)
                        	at java.base/java.lang.Thread.run(Thread.java:844)
                     </pre>
                  </div>
               </td>
            </tr>
            <tr id="HollandCRM_Prod_Smoke.CustomerInformationUnderSales_init_byClass_PASS7_row"
                class="testMethodStatusPASS testMethodStatusCONF">
               <td width="100%" class="firstMethodCell">
                  <a onclick="toggleDetailsVisibility('HollandCRM_Prod_Smoke.CustomerInformationUnderSales_init_byClass_PASS7_details')">init()</a>
               </td>
               <td nowrap="true">16:46:18</td>
               <td nowrap="true" align="right">0 ms
                  
               </td>
               <td nowrap="true">
                   
                  
               </td>
            </tr>
            <tr>
               <td colspan="4" class="detailsBox">
                  <div id="HollandCRM_Prod_Smoke.CustomerInformationUnderSales_init_byClass_PASS7_details"
                       class="testMethodDetails">
                     <div>
                        <b>Name: </b>init
                     </div>
                     <div>
                        <b>Signature: </b>init()[pri:0, instance:HollandCRM_Prod_Smoke.CustomerInformationUnderSales@4722ef0c]
                     </div>
                     <div>
                        <b>Start time: </b>16:46:18
                     </div>
                     <div>
                        <b>End time: </b>16:46:18
                     </div>
                     <div>
                        <b>Duration: </b>0 ms
                        
                     </div>
                  </div>
               </td>
            </tr>
            <tr></tr>
         </table>
         <br></br>
      </div>
      <div style="margin-top: 15px; color: gray; text-align: center; font-size: 9px;">
         Generated with
         
         <a href="http://code.google.com/p/testng-xslt/" style="color: #8888aa;"
            target="_blank">
            TestNG XSLT
            
         </a>
      </div>
   </body>
</html>