<?xml version="1.0" encoding="UTF-8"?>
<!-- Generated by org.testng.reporters.JUnitXMLReporter -->
<testsuite hostname="IS54" ignored="0" name="Default test" tests="3" failures="0" timestamp="01 Nov 2019 20:30:48 GMT" time="66.371" errors="0">
  <testcase name="ValidateAccessToResourceUnderSales" time="50.729" classname="HollandCRM_Prod_Smoke.Access_Resource_Resourcelist_Sales"/>
  <testcase name="Validate_NavToSelectedResource_Name_Displayed" time="3.173" classname="HollandCRM_Prod_Smoke.Access_Resource_Resourcelist_Sales"/>
  <testcase name="Access_Resource_Resourcelist_Sales" time="3.044" classname="HollandCRM_Prod_Smoke.Access_Resource_Resourcelist_Sales"/>
</testsuite> <!-- Default test -->
