<?xml version="1.0" encoding="UTF-8"?>
<testng-results skipped="0" failed="0" ignored="0" total="3" passed="3">
  <reporter-output>
  </reporter-output>
  <suite name="Default suite" duration-ms="66371" started-at="2019-11-01T20:29:42Z" finished-at="2019-11-01T20:30:48Z">
    <groups>
    </groups>
    <test name="Default test" duration-ms="66371" started-at="2019-11-01T20:29:42Z" finished-at="2019-11-01T20:30:48Z">
      <class name="HollandCRM_Prod_Smoke.Access_Resource_Resourcelist_Sales">
        <test-method status="PASS" signature="init()[pri:0, instance:HollandCRM_Prod_Smoke.Access_Resource_Resourcelist_Sales@971d0d8]" name="init" is-config="true" duration-ms="4" started-at="2019-11-01T15:29:43Z" finished-at="2019-11-01T15:29:43Z">
          <reporter-output>
          </reporter-output>
        </test-method> <!-- init -->
        <test-method status="PASS" signature="ValidateAccessToResourceUnderSales(java.util.Hashtable)[pri:1, instance:HollandCRM_Prod_Smoke.Access_Resource_Resourcelist_Sales@971d0d8]" name="ValidateAccessToResourceUnderSales" duration-ms="50729" started-at="2019-11-01T15:29:43Z" data-provider="getData" finished-at="2019-11-01T15:30:33Z">
          <params>
            <param index="0">
              <value>
                <![CDATA[{Col4=ok, Col3=A3, Col2=A2, Runmode=Y, Browser=Chrome}]]>
              </value>
            </param>
          </params>
          <reporter-output>
          </reporter-output>
        </test-method> <!-- ValidateAccessToResourceUnderSales -->
        <test-method status="PASS" signature="Validate_NavToSelectedResource_Name_Displayed(java.util.Hashtable)[pri:2, instance:HollandCRM_Prod_Smoke.Access_Resource_Resourcelist_Sales@971d0d8]" name="Validate_NavToSelectedResource_Name_Displayed" duration-ms="3173" started-at="2019-11-01T15:30:33Z" data-provider="getData" depends-on-methods="HollandCRM_Prod_Smoke.Access_Resource_Resourcelist_Sales.ValidateAccessToResourceUnderSales" finished-at="2019-11-01T15:30:37Z">
          <params>
            <param index="0">
              <value>
                <![CDATA[{Col4=ok, Col3=A3, Col2=A2, Runmode=Y, Browser=Chrome}]]>
              </value>
            </param>
          </params>
          <reporter-output>
          </reporter-output>
        </test-method> <!-- Validate_NavToSelectedResource_Name_Displayed -->
        <test-method status="PASS" signature="init()[pri:0, instance:HollandCRM_Prod_Smoke.Access_Resource_Resourcelist_Sales@971d0d8]" name="init" is-config="true" duration-ms="0" started-at="2019-11-01T15:30:33Z" finished-at="2019-11-01T15:30:33Z">
          <reporter-output>
          </reporter-output>
        </test-method> <!-- init -->
        <test-method status="PASS" signature="Access_Resource_Resourcelist_Sales()[pri:3, instance:HollandCRM_Prod_Smoke.Access_Resource_Resourcelist_Sales@971d0d8]" name="Access_Resource_Resourcelist_Sales" duration-ms="3044" started-at="2019-11-01T15:30:37Z" depends-on-methods="HollandCRM_Prod_Smoke.Access_Resource_Resourcelist_Sales.Validate_NavToSelectedResource_Name_Displayed" finished-at="2019-11-01T15:30:40Z">
          <reporter-output>
          </reporter-output>
        </test-method> <!-- Access_Resource_Resourcelist_Sales -->
        <test-method status="PASS" signature="init()[pri:0, instance:HollandCRM_Prod_Smoke.Access_Resource_Resourcelist_Sales@971d0d8]" name="init" is-config="true" duration-ms="0" started-at="2019-11-01T15:30:37Z" finished-at="2019-11-01T15:30:37Z">
          <reporter-output>
          </reporter-output>
        </test-method> <!-- init -->
        <test-method status="PASS" signature="quit()[pri:0, instance:HollandCRM_Prod_Smoke.Access_Resource_Resourcelist_Sales@971d0d8]" name="quit" is-config="true" duration-ms="8771" started-at="2019-11-01T15:30:40Z" finished-at="2019-11-01T15:30:48Z">
          <reporter-output>
          </reporter-output>
        </test-method> <!-- quit -->
      </class> <!-- HollandCRM_Prod_Smoke.Access_Resource_Resourcelist_Sales -->
    </test> <!-- Default test -->
  </suite> <!-- Default suite -->
</testng-results>
