<?xml version="1.0" encoding="UTF-8"?>
<testng-results ignored="0" total="1" passed="1" failed="0" skipped="0">
  <reporter-output>
  </reporter-output>
  <suite started-at="2019-12-15T19:30:13Z" name="Default suite" finished-at="2019-12-15T19:31:25Z" duration-ms="72108">
    <groups>
    </groups>
    <test started-at="2019-12-15T19:30:13Z" name="Default test" finished-at="2019-12-15T19:31:25Z" duration-ms="72108">
      <class name="HollandCRM_Prod_Smoke.Access_Project_Projectlist_Sales">
        <test-method is-config="true" signature="init()[pri:0, instance:HollandCRM_Prod_Smoke.Access_Project_Projectlist_Sales@2812b107]" started-at="2019-12-15T13:30:14Z" name="init" finished-at="2019-12-15T13:30:14Z" duration-ms="4" status="PASS">
          <reporter-output>
          </reporter-output>
        </test-method> <!-- init -->
        <test-method signature="Access_Project_Projectlist_Sales(java.util.Hashtable)[pri:1, instance:HollandCRM_Prod_Smoke.Access_Project_Projectlist_Sales@2812b107]" started-at="2019-12-15T13:30:14Z" name="Access_Project_Projectlist_Sales" data-provider="getData" finished-at="2019-12-15T13:31:16Z" duration-ms="62753" status="PASS">
          <params>
            <param index="0">
              <value>
                <![CDATA[{Username=A2, Password=A3, Runmode=Y, Browser=Chrome}]]>
              </value>
            </param>
          </params>
          <reporter-output>
          </reporter-output>
        </test-method> <!-- Access_Project_Projectlist_Sales -->
        <test-method is-config="true" signature="quit()[pri:0, instance:HollandCRM_Prod_Smoke.Access_Project_Projectlist_Sales@2812b107]" started-at="2019-12-15T13:31:16Z" name="quit" finished-at="2019-12-15T13:31:25Z" duration-ms="8749" status="PASS">
          <reporter-output>
          </reporter-output>
        </test-method> <!-- quit -->
      </class> <!-- HollandCRM_Prod_Smoke.Access_Project_Projectlist_Sales -->
    </test> <!-- Default test -->
  </suite> <!-- Default suite -->
</testng-results>
