<?xml version="1.0" encoding="UTF-8"?>
<testng-results total="30" passed="26" failed="2" skipped="2">
  <reporter-output>
  </reporter-output>
  <suite started-at="2019-12-17T18:39:20Z" name="SuiteName" finished-at="2019-12-17T18:50:17Z" duration-ms="657339">
    <groups>
    </groups>
    <test started-at="2019-12-17T18:39:20Z" name="Test1" finished-at="2019-12-17T18:40:33Z" duration-ms="73328">
      <class name="HollandCRM_Prod_Smoke.Access_Project_Projectlist_Sales">
        <test-method is-config="true" signature="init()[pri:0, instance:HollandCRM_Prod_Smoke.Access_Project_Projectlist_Sales@31ea9581]" started-at="2019-12-17T12:39:20Z" name="init" finished-at="2019-12-17T12:39:20Z" duration-ms="4" status="PASS">
          <reporter-output>
          </reporter-output>
        </test-method> <!-- init -->
        <test-method signature="Access_Project_Projectlist_Sales(java.util.Hashtable)[pri:1, instance:HollandCRM_Prod_Smoke.Access_Project_Projectlist_Sales@31ea9581]" started-at="2019-12-17T12:39:20Z" name="Access_Project_Projectlist_Sales" data-provider="getData" finished-at="2019-12-17T12:40:24Z" duration-ms="63735" status="PASS">
          <params>
            <param index="0">
              <value>
                <![CDATA[{Username=A2, Password=A3, Runmode=Y, Browser=Chrome}]]>
              </value>
            </param>
          </params>
          <reporter-output>
          </reporter-output>
        </test-method> <!-- Access_Project_Projectlist_Sales -->
        <test-method is-config="true" signature="quit()[pri:0, instance:HollandCRM_Prod_Smoke.Access_Project_Projectlist_Sales@31ea9581]" started-at="2019-12-17T12:40:24Z" name="quit" finished-at="2019-12-17T12:40:33Z" duration-ms="9163" status="PASS">
          <reporter-output>
          </reporter-output>
        </test-method> <!-- quit -->
      </class> <!-- HollandCRM_Prod_Smoke.Access_Project_Projectlist_Sales -->
    </test> <!-- Test1 -->
    <test started-at="2019-12-17T18:40:33Z" name="Test2" finished-at="2019-12-17T18:41:52Z" duration-ms="78718">
      <class name="HollandCRM_Prod_Smoke.Access_Resource_Resourcelist_Sales">
        <test-method is-config="true" signature="init()[pri:0, instance:HollandCRM_Prod_Smoke.Access_Resource_Resourcelist_Sales@548a24a]" started-at="2019-12-17T12:40:33Z" name="init" finished-at="2019-12-17T12:40:33Z" duration-ms="0" status="PASS">
          <reporter-output>
          </reporter-output>
        </test-method> <!-- init -->
        <test-method signature="ValidateAccessToResourceUnderSales(java.util.Hashtable)[pri:1, instance:HollandCRM_Prod_Smoke.Access_Resource_Resourcelist_Sales@548a24a]" started-at="2019-12-17T12:40:33Z" name="ValidateAccessToResourceUnderSales" data-provider="getData" finished-at="2019-12-17T12:41:43Z" duration-ms="69710" status="FAIL">
          <params>
            <param index="0">
              <value>
                <![CDATA[{Col4=ok, Col3=A3, Col2=A2, Runmode=Y, Browser=Chrome}]]>
              </value>
            </param>
          </params>
          <exception class="java.lang.AssertionError">
            <message>
              <![CDATA[no such element: Unable to locate element: {"method":"css selector","selector":"#sitemap-entity-msdyn_ResourceSubArea .bf > .bu"}
  (Session info: chrome=79.0.3945.79)
  (Driver info: chromedriver=2.41.578737 (49da6702b16031c40d63e5618de03a32ff6c197e),platform=Windows NT 10.0.18362 x86_64) (WARNING: The server did not provide any stacktrace information)
Command duration or timeout: 20.02 seconds
For documentation on this error, please visit: http://seleniumhq.org/exceptions/no_such_element.html
Build info: version: '2.52.0', revision: '4c2593c', time: '2016-02-11 19:06:42'
System info: host: 'IS54', ip: '192.168.1.11', os.name: 'Windows 10', os.arch: 'amd64', os.version: '10.0', java.version: '10.0.2'
Driver info: org.openqa.selenium.chrome.ChromeDriver
Capabilities [{mobileEmulationEnabled=false, hasTouchScreen=false, platform=XP, acceptSslCerts=false, goog:chromeOptions={debuggerAddress=localhost:54461}, acceptInsecureCerts=false, webStorageEnabled=true, browserName=chrome, takesScreenshot=true, javascriptEnabled=true, setWindowRect=true, unexpectedAlertBehaviour=, applicationCacheEnabled=false, rotatable=false, networkConnectionEnabled=false, chrome={chromedriverVersion=2.41.578737 (49da6702b16031c40d63e5618de03a32ff6c197e), userDataDir=C:\Users\KPatel\AppData\Local\Temp\scoped_dir1968_12341}, takesHeapSnapshot=true, pageLoadStrategy=normal, databaseEnabled=false, handlesAlerts=true, version=79.0.3945.79, browserConnectionEnabled=false, nativeEvents=true, locationContextEnabled=true, cssSelectorsEnabled=true}]
Session ID: ae3d24c4ea0051f63232983024d6ed3f
*** Element info: {Using=css selector, value=#sitemap-entity-msdyn_ResourceSubArea .bf > .bu}]]>
            </message>
            <full-stacktrace>
              <![CDATA[java.lang.AssertionError: no such element: Unable to locate element: {"method":"css selector","selector":"#sitemap-entity-msdyn_ResourceSubArea .bf > .bu"}
  (Session info: chrome=79.0.3945.79)
  (Driver info: chromedriver=2.41.578737 (49da6702b16031c40d63e5618de03a32ff6c197e),platform=Windows NT 10.0.18362 x86_64) (WARNING: The server did not provide any stacktrace information)
Command duration or timeout: 20.02 seconds
For documentation on this error, please visit: http://seleniumhq.org/exceptions/no_such_element.html
Build info: version: '2.52.0', revision: '4c2593c', time: '2016-02-11 19:06:42'
System info: host: 'IS54', ip: '192.168.1.11', os.name: 'Windows 10', os.arch: 'amd64', os.version: '10.0', java.version: '10.0.2'
Driver info: org.openqa.selenium.chrome.ChromeDriver
Capabilities [{mobileEmulationEnabled=false, hasTouchScreen=false, platform=XP, acceptSslCerts=false, goog:chromeOptions={debuggerAddress=localhost:54461}, acceptInsecureCerts=false, webStorageEnabled=true, browserName=chrome, takesScreenshot=true, javascriptEnabled=true, setWindowRect=true, unexpectedAlertBehaviour=, applicationCacheEnabled=false, rotatable=false, networkConnectionEnabled=false, chrome={chromedriverVersion=2.41.578737 (49da6702b16031c40d63e5618de03a32ff6c197e), userDataDir=C:\Users\KPatel\AppData\Local\Temp\scoped_dir1968_12341}, takesHeapSnapshot=true, pageLoadStrategy=normal, databaseEnabled=false, handlesAlerts=true, version=79.0.3945.79, browserConnectionEnabled=false, nativeEvents=true, locationContextEnabled=true, cssSelectorsEnabled=true}]
Session ID: ae3d24c4ea0051f63232983024d6ed3f
*** Element info: {Using=css selector, value=#sitemap-entity-msdyn_ResourceSubArea .bf > .bu}
	at org.testng.Assert.fail(Assert.java:94)
	at com.datadriven.frame.base.BaseTest.reportFailure(BaseTest.java:331)
	at com.datadriven.frame.base.BaseTest.getElement(BaseTest.java:266)
	at com.datadriven.frame.base.BaseTest.ScrollToElement(BaseTest.java:191)
	at HollandCRM_Prod_Smoke.Access_Resource_Resourcelist_Sales.ValidateAccessToResourceUnderSales(Access_Resource_Resourcelist_Sales.java:57)
	at java.base/jdk.internal.reflect.NativeMethodAccessorImpl.invoke0(Native Method)
	at java.base/jdk.internal.reflect.NativeMethodAccessorImpl.invoke(NativeMethodAccessorImpl.java:62)
	at java.base/jdk.internal.reflect.DelegatingMethodAccessorImpl.invoke(DelegatingMethodAccessorImpl.java:43)
	at java.base/java.lang.reflect.Method.invoke(Method.java:564)
	at org.testng.internal.MethodInvocationHelper.invokeMethod(MethodInvocationHelper.java:85)
	at org.testng.internal.Invoker.invokeMethod(Invoker.java:639)
	at org.testng.internal.Invoker.invokeTestMethod(Invoker.java:816)
	at org.testng.internal.TestMethodWithDataProviderMethodWorker.call(TestMethodWithDataProviderMethodWorker.java:75)
	at org.testng.internal.TestMethodWithDataProviderMethodWorker.call(TestMethodWithDataProviderMethodWorker.java:14)
	at java.base/java.util.concurrent.FutureTask.run(FutureTask.java:264)
	at java.base/java.util.concurrent.Executors$RunnableAdapter.call(Executors.java:514)
	at java.base/java.util.concurrent.FutureTask.run(FutureTask.java:264)
	at java.base/java.util.concurrent.ThreadPoolExecutor.runWorker(ThreadPoolExecutor.java:1135)
	at java.base/java.util.concurrent.ThreadPoolExecutor$Worker.run(ThreadPoolExecutor.java:635)
	at java.base/java.lang.Thread.run(Thread.java:844)
]]>
            </full-stacktrace>
          </exception> <!-- java.lang.AssertionError -->
          <reporter-output>
          </reporter-output>
        </test-method> <!-- ValidateAccessToResourceUnderSales -->
        <test-method signature="Access_Resource_Resourcelist_Sales()[pri:3, instance:HollandCRM_Prod_Smoke.Access_Resource_Resourcelist_Sales@548a24a]" started-at="2019-12-17T12:41:43Z" name="Access_Resource_Resourcelist_Sales" finished-at="2019-12-17T12:41:43Z" depends-on-methods="HollandCRM_Prod_Smoke.Access_Resource_Resourcelist_Sales.Validate_NavToSelectedResource_Name_Displayed" duration-ms="0" status="SKIP">
          <exception class="java.lang.Throwable">
            <message>
              <![CDATA[Method Access_Resource_Resourcelist_Sales.Access_Resource_Resourcelist_Sales()[pri:3, instance:HollandCRM_Prod_Smoke.Access_Resource_Resourcelist_Sales@548a24a] depends on not successfully finished methods]]>
            </message>
            <full-stacktrace>
              <![CDATA[java.lang.Throwable: Method Access_Resource_Resourcelist_Sales.Access_Resource_Resourcelist_Sales()[pri:3, instance:HollandCRM_Prod_Smoke.Access_Resource_Resourcelist_Sales@548a24a] depends on not successfully finished methods
	at org.testng.internal.Invoker.invokeTestMethods(Invoker.java:1033)
	at org.testng.internal.TestMethodWorker.invokeTestMethods(TestMethodWorker.java:125)
	at org.testng.internal.TestMethodWorker.run(TestMethodWorker.java:108)
	at org.testng.TestRunner.privateRun(TestRunner.java:774)
	at org.testng.TestRunner.run(TestRunner.java:624)
	at org.testng.SuiteRunner.runTest(SuiteRunner.java:359)
	at org.testng.SuiteRunner.runSequentially(SuiteRunner.java:354)
	at org.testng.SuiteRunner.privateRun(SuiteRunner.java:312)
	at org.testng.SuiteRunner.run(SuiteRunner.java:261)
	at org.testng.SuiteRunnerWorker.runSuite(SuiteRunnerWorker.java:52)
	at org.testng.SuiteRunnerWorker.run(SuiteRunnerWorker.java:86)
	at org.testng.TestNG.runSuitesSequentially(TestNG.java:1215)
	at org.testng.TestNG.runSuitesLocally(TestNG.java:1140)
	at org.testng.TestNG.run(TestNG.java:1048)
	at org.testng.TestNG.privateMain(TestNG.java:1355)
	at org.testng.TestNG.main(TestNG.java:1324)
]]>
            </full-stacktrace>
          </exception> <!-- java.lang.Throwable -->
          <reporter-output>
          </reporter-output>
        </test-method> <!-- Access_Resource_Resourcelist_Sales -->
        <test-method is-config="true" signature="quit()[pri:0, instance:HollandCRM_Prod_Smoke.Access_Resource_Resourcelist_Sales@548a24a]" started-at="2019-12-17T12:41:43Z" name="quit" finished-at="2019-12-17T12:41:52Z" duration-ms="8949" status="PASS">
          <reporter-output>
          </reporter-output>
        </test-method> <!-- quit -->
        <test-method signature="Validate_NavToSelectedResource_Name_Displayed(java.util.Hashtable)[pri:2, instance:HollandCRM_Prod_Smoke.Access_Resource_Resourcelist_Sales@548a24a]" started-at="2019-12-17T12:41:43Z" name="Validate_NavToSelectedResource_Name_Displayed" data-provider="getData" finished-at="2019-12-17T12:41:43Z" depends-on-methods="HollandCRM_Prod_Smoke.Access_Resource_Resourcelist_Sales.ValidateAccessToResourceUnderSales" duration-ms="0" status="SKIP">
          <exception class="java.lang.Throwable">
            <message>
              <![CDATA[Method Access_Resource_Resourcelist_Sales.Validate_NavToSelectedResource_Name_Displayed(java.util.Hashtable)[pri:2, instance:HollandCRM_Prod_Smoke.Access_Resource_Resourcelist_Sales@548a24a] depends on not successfully finished methods]]>
            </message>
            <full-stacktrace>
              <![CDATA[java.lang.Throwable: Method Access_Resource_Resourcelist_Sales.Validate_NavToSelectedResource_Name_Displayed(java.util.Hashtable)[pri:2, instance:HollandCRM_Prod_Smoke.Access_Resource_Resourcelist_Sales@548a24a] depends on not successfully finished methods
	at org.testng.internal.Invoker.invokeTestMethods(Invoker.java:1033)
	at org.testng.internal.TestMethodWorker.invokeTestMethods(TestMethodWorker.java:125)
	at org.testng.internal.TestMethodWorker.run(TestMethodWorker.java:108)
	at org.testng.TestRunner.privateRun(TestRunner.java:774)
	at org.testng.TestRunner.run(TestRunner.java:624)
	at org.testng.SuiteRunner.runTest(SuiteRunner.java:359)
	at org.testng.SuiteRunner.runSequentially(SuiteRunner.java:354)
	at org.testng.SuiteRunner.privateRun(SuiteRunner.java:312)
	at org.testng.SuiteRunner.run(SuiteRunner.java:261)
	at org.testng.SuiteRunnerWorker.runSuite(SuiteRunnerWorker.java:52)
	at org.testng.SuiteRunnerWorker.run(SuiteRunnerWorker.java:86)
	at org.testng.TestNG.runSuitesSequentially(TestNG.java:1215)
	at org.testng.TestNG.runSuitesLocally(TestNG.java:1140)
	at org.testng.TestNG.run(TestNG.java:1048)
	at org.testng.TestNG.privateMain(TestNG.java:1355)
	at org.testng.TestNG.main(TestNG.java:1324)
]]>
            </full-stacktrace>
          </exception> <!-- java.lang.Throwable -->
          <reporter-output>
          </reporter-output>
        </test-method> <!-- Validate_NavToSelectedResource_Name_Displayed -->
      </class> <!-- HollandCRM_Prod_Smoke.Access_Resource_Resourcelist_Sales -->
    </test> <!-- Test2 -->
    <test started-at="2019-12-17T18:41:52Z" name="Test3" finished-at="2019-12-17T18:43:18Z" duration-ms="85640">
      <class name="HollandCRM_Prod_Smoke.Access_ResourceBooking_Resource_Sales">
        <test-method is-config="true" signature="init()[pri:0, instance:HollandCRM_Prod_Smoke.Access_ResourceBooking_Resource_Sales@72bc6553]" started-at="2019-12-17T12:41:52Z" name="init" finished-at="2019-12-17T12:41:52Z" duration-ms="0" status="PASS">
          <reporter-output>
          </reporter-output>
        </test-method> <!-- init -->
        <test-method signature="Access_ResourceBooking_Resource_Sales1(java.util.Hashtable)[pri:1, instance:HollandCRM_Prod_Smoke.Access_ResourceBooking_Resource_Sales@72bc6553]" started-at="2019-12-17T12:41:52Z" name="Access_ResourceBooking_Resource_Sales1" data-provider="getData" finished-at="2019-12-17T12:42:37Z" duration-ms="45172" status="PASS">
          <params>
            <param index="0">
              <value>
                <![CDATA[{Runmode=Y, Browser=Chrome}]]>
              </value>
            </param>
          </params>
          <reporter-output>
          </reporter-output>
        </test-method> <!-- Access_ResourceBooking_Resource_Sales1 -->
        <test-method signature="Validate_AccessToListofResourceBooking()[pri:2, instance:HollandCRM_Prod_Smoke.Access_ResourceBooking_Resource_Sales@72bc6553]" started-at="2019-12-17T12:42:37Z" name="Validate_AccessToListofResourceBooking" finished-at="2019-12-17T12:42:43Z" duration-ms="5323" status="PASS">
          <reporter-output>
          </reporter-output>
        </test-method> <!-- Validate_AccessToListofResourceBooking -->
        <test-method is-config="true" signature="init()[pri:0, instance:HollandCRM_Prod_Smoke.Access_ResourceBooking_Resource_Sales@72bc6553]" started-at="2019-12-17T12:42:37Z" name="init" finished-at="2019-12-17T12:42:37Z" duration-ms="0" status="PASS">
          <reporter-output>
          </reporter-output>
        </test-method> <!-- init -->
        <test-method is-config="true" signature="init()[pri:0, instance:HollandCRM_Prod_Smoke.Access_ResourceBooking_Resource_Sales@72bc6553]" started-at="2019-12-17T12:42:43Z" name="init" finished-at="2019-12-17T12:42:43Z" duration-ms="1" status="PASS">
          <reporter-output>
          </reporter-output>
        </test-method> <!-- init -->
        <test-method signature="Validate_NavToSelected_Booking(java.util.Hashtable)[pri:3, instance:HollandCRM_Prod_Smoke.Access_ResourceBooking_Resource_Sales@72bc6553]" started-at="2019-12-17T12:42:43Z" name="Validate_NavToSelected_Booking" data-provider="getData" finished-at="2019-12-17T12:42:46Z" duration-ms="3306" status="PASS">
          <params>
            <param index="0">
              <value>
                <![CDATA[{Runmode=Y, Browser=Chrome}]]>
              </value>
            </param>
          </params>
          <reporter-output>
          </reporter-output>
        </test-method> <!-- Validate_NavToSelected_Booking -->
        <test-method signature="Access_ResourceBooking_Resource_Sales()[pri:4, instance:HollandCRM_Prod_Smoke.Access_ResourceBooking_Resource_Sales@72bc6553]" started-at="2019-12-17T12:42:46Z" name="Access_ResourceBooking_Resource_Sales" finished-at="2019-12-17T12:43:09Z" duration-ms="22603" status="FAIL">
          <exception class="java.lang.AssertionError">
            <message>
              <![CDATA[Resource_Booking_name_property_xpath is not present by please verify Xpath]]>
            </message>
            <full-stacktrace>
              <![CDATA[java.lang.AssertionError: Resource_Booking_name_property_xpath is not present by please verify Xpath
	at org.testng.Assert.fail(Assert.java:94)
	at com.datadriven.frame.base.BaseTest.reportFailure(BaseTest.java:331)
	at HollandCRM_Prod_Smoke.Access_ResourceBooking_Resource_Sales.Access_ResourceBooking_Resource_Sales(Access_ResourceBooking_Resource_Sales.java:111)
	at java.base/jdk.internal.reflect.NativeMethodAccessorImpl.invoke0(Native Method)
	at java.base/jdk.internal.reflect.NativeMethodAccessorImpl.invoke(NativeMethodAccessorImpl.java:62)
	at java.base/jdk.internal.reflect.DelegatingMethodAccessorImpl.invoke(DelegatingMethodAccessorImpl.java:43)
	at java.base/java.lang.reflect.Method.invoke(Method.java:564)
	at org.testng.internal.MethodInvocationHelper.invokeMethod(MethodInvocationHelper.java:85)
	at org.testng.internal.Invoker.invokeMethod(Invoker.java:639)
	at org.testng.internal.Invoker.invokeTestMethod(Invoker.java:816)
	at org.testng.internal.Invoker.invokeTestMethods(Invoker.java:1124)
	at org.testng.internal.TestMethodWorker.invokeTestMethods(TestMethodWorker.java:125)
	at org.testng.internal.TestMethodWorker.run(TestMethodWorker.java:108)
	at org.testng.TestRunner.privateRun(TestRunner.java:774)
	at org.testng.TestRunner.run(TestRunner.java:624)
	at org.testng.SuiteRunner.runTest(SuiteRunner.java:359)
	at org.testng.SuiteRunner.runSequentially(SuiteRunner.java:354)
	at org.testng.SuiteRunner.privateRun(SuiteRunner.java:312)
	at org.testng.SuiteRunner.run(SuiteRunner.java:261)
	at org.testng.SuiteRunnerWorker.runSuite(SuiteRunnerWorker.java:52)
	at org.testng.SuiteRunnerWorker.run(SuiteRunnerWorker.java:86)
	at org.testng.TestNG.runSuitesSequentially(TestNG.java:1215)
	at org.testng.TestNG.runSuitesLocally(TestNG.java:1140)
	at org.testng.TestNG.run(TestNG.java:1048)
	at org.testng.TestNG.privateMain(TestNG.java:1355)
	at org.testng.TestNG.main(TestNG.java:1324)
]]>
            </full-stacktrace>
          </exception> <!-- java.lang.AssertionError -->
          <reporter-output>
          </reporter-output>
        </test-method> <!-- Access_ResourceBooking_Resource_Sales -->
        <test-method is-config="true" signature="init()[pri:0, instance:HollandCRM_Prod_Smoke.Access_ResourceBooking_Resource_Sales@72bc6553]" started-at="2019-12-17T12:42:46Z" name="init" finished-at="2019-12-17T12:42:46Z" duration-ms="0" status="PASS">
          <reporter-output>
          </reporter-output>
        </test-method> <!-- init -->
        <test-method is-config="true" signature="quit()[pri:0, instance:HollandCRM_Prod_Smoke.Access_ResourceBooking_Resource_Sales@72bc6553]" started-at="2019-12-17T12:43:09Z" name="quit" finished-at="2019-12-17T12:43:18Z" duration-ms="9047" status="PASS">
          <reporter-output>
          </reporter-output>
        </test-method> <!-- quit -->
      </class> <!-- HollandCRM_Prod_Smoke.Access_ResourceBooking_Resource_Sales -->
    </test> <!-- Test3 -->
    <test started-at="2019-12-17T18:43:18Z" name="Test4" finished-at="2019-12-17T18:44:30Z" duration-ms="72220">
      <class name="HollandCRM_Prod_Smoke.Access_ResourceRequirement_Resource_Sales">
        <test-method is-config="true" signature="init()[pri:0, instance:HollandCRM_Prod_Smoke.Access_ResourceRequirement_Resource_Sales@6f53b8a]" started-at="2019-12-17T12:43:18Z" name="init" finished-at="2019-12-17T12:43:18Z" duration-ms="4" status="PASS">
          <reporter-output>
          </reporter-output>
        </test-method> <!-- init -->
        <test-method signature="Validate_AccessToListofResourceRequirment(java.util.Hashtable)[pri:1, instance:HollandCRM_Prod_Smoke.Access_ResourceRequirement_Resource_Sales@6f53b8a]" started-at="2019-12-17T12:43:18Z" name="Validate_AccessToListofResourceRequirment" data-provider="getData" finished-at="2019-12-17T12:44:06Z" duration-ms="48281" status="PASS">
          <params>
            <param index="0">
              <value>
                <![CDATA[{Runmode=Y, Browser=Chrome}]]>
              </value>
            </param>
          </params>
          <reporter-output>
          </reporter-output>
        </test-method> <!-- Validate_AccessToListofResourceRequirment -->
        <test-method is-config="true" signature="init()[pri:0, instance:HollandCRM_Prod_Smoke.Access_ResourceRequirement_Resource_Sales@6f53b8a]" started-at="2019-12-17T12:44:06Z" name="init" finished-at="2019-12-17T12:44:06Z" duration-ms="0" status="PASS">
          <reporter-output>
          </reporter-output>
        </test-method> <!-- init -->
        <test-method signature="Validate_NavToSelected_Requirement(java.util.Hashtable)[pri:2, instance:HollandCRM_Prod_Smoke.Access_ResourceRequirement_Resource_Sales@6f53b8a]" started-at="2019-12-17T12:44:06Z" name="Validate_NavToSelected_Requirement" data-provider="getData" finished-at="2019-12-17T12:44:11Z" duration-ms="5321" status="PASS">
          <params>
            <param index="0">
              <value>
                <![CDATA[{Runmode=Y, Browser=Chrome}]]>
              </value>
            </param>
          </params>
          <reporter-output>
          </reporter-output>
        </test-method> <!-- Validate_NavToSelected_Requirement -->
        <test-method is-config="true" signature="init()[pri:0, instance:HollandCRM_Prod_Smoke.Access_ResourceRequirement_Resource_Sales@6f53b8a]" started-at="2019-12-17T12:44:11Z" name="init" finished-at="2019-12-17T12:44:11Z" duration-ms="1" status="PASS">
          <reporter-output>
          </reporter-output>
        </test-method> <!-- init -->
        <test-method signature="Access_ResourceRequirement_Resource_Sales()[pri:3, instance:HollandCRM_Prod_Smoke.Access_ResourceRequirement_Resource_Sales@6f53b8a]" started-at="2019-12-17T12:44:11Z" name="Access_ResourceRequirement_Resource_Sales" finished-at="2019-12-17T12:44:15Z" duration-ms="3362" status="PASS">
          <reporter-output>
          </reporter-output>
        </test-method> <!-- Access_ResourceRequirement_Resource_Sales -->
        <test-method is-config="true" signature="init()[pri:0, instance:HollandCRM_Prod_Smoke.Access_ResourceRequirement_Resource_Sales@6f53b8a]" started-at="2019-12-17T12:44:15Z" name="init" finished-at="2019-12-17T12:44:15Z" duration-ms="1" status="PASS">
          <reporter-output>
          </reporter-output>
        </test-method> <!-- init -->
        <test-method signature="Access_ResourceRequirement_PropertyPage()[pri:4, instance:HollandCRM_Prod_Smoke.Access_ResourceRequirement_Resource_Sales@6f53b8a]" started-at="2019-12-17T12:44:15Z" name="Access_ResourceRequirement_PropertyPage" finished-at="2019-12-17T12:44:21Z" duration-ms="6006" status="PASS">
          <reporter-output>
          </reporter-output>
        </test-method> <!-- Access_ResourceRequirement_PropertyPage -->
        <test-method is-config="true" signature="quit()[pri:0, instance:HollandCRM_Prod_Smoke.Access_ResourceRequirement_Resource_Sales@6f53b8a]" started-at="2019-12-17T12:44:21Z" name="quit" finished-at="2019-12-17T12:44:30Z" duration-ms="9104" status="PASS">
          <reporter-output>
          </reporter-output>
        </test-method> <!-- quit -->
      </class> <!-- HollandCRM_Prod_Smoke.Access_ResourceRequirement_Resource_Sales -->
    </test> <!-- Test4 -->
    <test started-at="2019-12-17T18:44:30Z" name="Test5" finished-at="2019-12-17T18:45:40Z" duration-ms="69747">
      <class name="HollandCRM_Prod_Smoke.Access_ResourceRoles_Resourcelist_Sales">
        <test-method is-config="true" signature="init()[pri:0, instance:HollandCRM_Prod_Smoke.Access_ResourceRoles_Resourcelist_Sales@6cb107fd]" started-at="2019-12-17T12:44:30Z" name="init" finished-at="2019-12-17T12:44:30Z" duration-ms="0" status="PASS">
          <reporter-output>
          </reporter-output>
        </test-method> <!-- init -->
        <test-method signature="Access_Resourcelist_Sales(java.util.Hashtable)[pri:1, instance:HollandCRM_Prod_Smoke.Access_ResourceRoles_Resourcelist_Sales@6cb107fd]" started-at="2019-12-17T12:44:30Z" name="Access_Resourcelist_Sales" data-provider="getData" finished-at="2019-12-17T12:45:18Z" duration-ms="48542" status="PASS">
          <params>
            <param index="0">
              <value>
                <![CDATA[{Runmode=Y, Browser=Chrome}]]>
              </value>
            </param>
          </params>
          <reporter-output>
          </reporter-output>
        </test-method> <!-- Access_Resourcelist_Sales -->
        <test-method signature="Validate_NavToSelectedProject_Name_Displayed(java.util.Hashtable)[pri:2, instance:HollandCRM_Prod_Smoke.Access_ResourceRoles_Resourcelist_Sales@6cb107fd]" started-at="2019-12-17T12:45:19Z" name="Validate_NavToSelectedProject_Name_Displayed" data-provider="getData" finished-at="2019-12-17T12:45:24Z" duration-ms="5307" status="PASS">
          <params>
            <param index="0">
              <value>
                <![CDATA[{Runmode=Y, Browser=Chrome}]]>
              </value>
            </param>
          </params>
          <reporter-output>
          </reporter-output>
        </test-method> <!-- Validate_NavToSelectedProject_Name_Displayed -->
        <test-method is-config="true" signature="init()[pri:0, instance:HollandCRM_Prod_Smoke.Access_ResourceRoles_Resourcelist_Sales@6cb107fd]" started-at="2019-12-17T12:45:19Z" name="init" finished-at="2019-12-17T12:45:19Z" duration-ms="0" status="PASS">
          <reporter-output>
          </reporter-output>
        </test-method> <!-- init -->
        <test-method signature="Validate_NavToSelectedRoles(java.util.Hashtable)[pri:3, instance:HollandCRM_Prod_Smoke.Access_ResourceRoles_Resourcelist_Sales@6cb107fd]" started-at="2019-12-17T12:45:24Z" name="Validate_NavToSelectedRoles" data-provider="getData" finished-at="2019-12-17T12:45:27Z" duration-ms="3380" status="PASS">
          <params>
            <param index="0">
              <value>
                <![CDATA[{Runmode=Y, Browser=Chrome}]]>
              </value>
            </param>
          </params>
          <reporter-output>
          </reporter-output>
        </test-method> <!-- Validate_NavToSelectedRoles -->
        <test-method is-config="true" signature="init()[pri:0, instance:HollandCRM_Prod_Smoke.Access_ResourceRoles_Resourcelist_Sales@6cb107fd]" started-at="2019-12-17T12:45:24Z" name="init" finished-at="2019-12-17T12:45:24Z" duration-ms="0" status="PASS">
          <reporter-output>
          </reporter-output>
        </test-method> <!-- init -->
        <test-method is-config="true" signature="init()[pri:0, instance:HollandCRM_Prod_Smoke.Access_ResourceRoles_Resourcelist_Sales@6cb107fd]" started-at="2019-12-17T12:45:27Z" name="init" finished-at="2019-12-17T12:45:27Z" duration-ms="4" status="PASS">
          <reporter-output>
          </reporter-output>
        </test-method> <!-- init -->
        <test-method signature="Validate_NavToSelectedRolesLandingPage(java.util.Hashtable)[pri:4, instance:HollandCRM_Prod_Smoke.Access_ResourceRoles_Resourcelist_Sales@6cb107fd]" started-at="2019-12-17T12:45:27Z" name="Validate_NavToSelectedRolesLandingPage" data-provider="getData" finished-at="2019-12-17T12:45:31Z" duration-ms="3293" status="PASS">
          <params>
            <param index="0">
              <value>
                <![CDATA[{Runmode=Y, Browser=Chrome}]]>
              </value>
            </param>
          </params>
          <reporter-output>
          </reporter-output>
        </test-method> <!-- Validate_NavToSelectedRolesLandingPage -->
        <test-method is-config="true" signature="quit()[pri:0, instance:HollandCRM_Prod_Smoke.Access_ResourceRoles_Resourcelist_Sales@6cb107fd]" started-at="2019-12-17T12:45:31Z" name="quit" finished-at="2019-12-17T12:45:40Z" duration-ms="8973" status="PASS">
          <reporter-output>
          </reporter-output>
        </test-method> <!-- quit -->
      </class> <!-- HollandCRM_Prod_Smoke.Access_ResourceRoles_Resourcelist_Sales -->
    </test> <!-- Test5 -->
    <test started-at="2019-12-17T18:45:40Z" name="Test6" finished-at="2019-12-17T18:46:49Z" duration-ms="68993">
      <class name="HollandCRM_Prod_Smoke.Access_ResourceSkill_Resourcelist_Sales">
        <test-method is-config="true" signature="init()[pri:0, instance:HollandCRM_Prod_Smoke.Access_ResourceSkill_Resourcelist_Sales@6f204a1a]" started-at="2019-12-17T12:45:40Z" name="init" finished-at="2019-12-17T12:45:40Z" duration-ms="0" status="PASS">
          <reporter-output>
          </reporter-output>
        </test-method> <!-- init -->
        <test-method signature="Access_ResourceSkill_Sales(java.util.Hashtable)[pri:1, instance:HollandCRM_Prod_Smoke.Access_ResourceSkill_Resourcelist_Sales@6f204a1a]" started-at="2019-12-17T12:45:40Z" name="Access_ResourceSkill_Sales" data-provider="getData" finished-at="2019-12-17T12:46:25Z" duration-ms="45509" status="PASS">
          <params>
            <param index="0">
              <value>
                <![CDATA[{Runmode=Y, Browser=Chrome}]]>
              </value>
            </param>
          </params>
          <reporter-output>
          </reporter-output>
        </test-method> <!-- Access_ResourceSkill_Sales -->
        <test-method is-config="true" signature="init()[pri:0, instance:HollandCRM_Prod_Smoke.Access_ResourceSkill_Resourcelist_Sales@6f204a1a]" started-at="2019-12-17T12:46:25Z" name="init" finished-at="2019-12-17T12:46:25Z" duration-ms="1" status="PASS">
          <reporter-output>
          </reporter-output>
        </test-method> <!-- init -->
        <test-method signature="Validate_NavToSelectedResourceskill(java.util.Hashtable)[pri:2, instance:HollandCRM_Prod_Smoke.Access_ResourceSkill_Resourcelist_Sales@6f204a1a]" started-at="2019-12-17T12:46:25Z" name="Validate_NavToSelectedResourceskill" data-provider="getData" finished-at="2019-12-17T12:46:32Z" depends-on-methods="HollandCRM_Prod_Smoke.Access_ResourceSkill_Resourcelist_Sales.Access_ResourceSkill_Sales" duration-ms="6317" status="PASS">
          <params>
            <param index="0">
              <value>
                <![CDATA[{Runmode=Y, Browser=Chrome}]]>
              </value>
            </param>
          </params>
          <reporter-output>
          </reporter-output>
        </test-method> <!-- Validate_NavToSelectedResourceskill -->
        <test-method signature="Access_ResourceSkill_Resourcelist_Sales()[pri:3, instance:HollandCRM_Prod_Smoke.Access_ResourceSkill_Resourcelist_Sales@6f204a1a]" started-at="2019-12-17T12:46:32Z" name="Access_ResourceSkill_Resourcelist_Sales" finished-at="2019-12-17T12:46:35Z" depends-on-methods="HollandCRM_Prod_Smoke.Access_ResourceSkill_Resourcelist_Sales.Validate_NavToSelectedResourceskill" duration-ms="3466" status="PASS">
          <reporter-output>
          </reporter-output>
        </test-method> <!-- Access_ResourceSkill_Resourcelist_Sales -->
        <test-method is-config="true" signature="init()[pri:0, instance:HollandCRM_Prod_Smoke.Access_ResourceSkill_Resourcelist_Sales@6f204a1a]" started-at="2019-12-17T12:46:32Z" name="init" finished-at="2019-12-17T12:46:32Z" duration-ms="0" status="PASS">
          <reporter-output>
          </reporter-output>
        </test-method> <!-- init -->
        <test-method signature="Access_ResourceSkill_PropertyPage_Sales()[pri:4, instance:HollandCRM_Prod_Smoke.Access_ResourceSkill_Resourcelist_Sales@6f204a1a]" started-at="2019-12-17T12:46:35Z" name="Access_ResourceSkill_PropertyPage_Sales" finished-at="2019-12-17T12:46:40Z" depends-on-methods="HollandCRM_Prod_Smoke.Access_ResourceSkill_Resourcelist_Sales.Validate_NavToSelectedResourceskill" duration-ms="4635" status="PASS">
          <reporter-output>
          </reporter-output>
        </test-method> <!-- Access_ResourceSkill_PropertyPage_Sales -->
        <test-method is-config="true" signature="init()[pri:0, instance:HollandCRM_Prod_Smoke.Access_ResourceSkill_Resourcelist_Sales@6f204a1a]" started-at="2019-12-17T12:46:35Z" name="init" finished-at="2019-12-17T12:46:35Z" duration-ms="0" status="PASS">
          <reporter-output>
          </reporter-output>
        </test-method> <!-- init -->
        <test-method is-config="true" signature="quit()[pri:0, instance:HollandCRM_Prod_Smoke.Access_ResourceSkill_Resourcelist_Sales@6f204a1a]" started-at="2019-12-17T12:46:40Z" name="quit" finished-at="2019-12-17T12:46:49Z" duration-ms="8932" status="PASS">
          <reporter-output>
          </reporter-output>
        </test-method> <!-- quit -->
      </class> <!-- HollandCRM_Prod_Smoke.Access_ResourceSkill_Resourcelist_Sales -->
    </test> <!-- Test6 -->
    <test started-at="2019-12-17T18:46:49Z" name="Test7" finished-at="2019-12-17T18:48:04Z" duration-ms="75778">
      <class name="HollandCRM_Prod_Smoke.CustomerInformationUnderSales">
        <test-method is-config="true" signature="init()[pri:0, instance:HollandCRM_Prod_Smoke.CustomerInformationUnderSales@4722ef0c]" started-at="2019-12-17T12:46:49Z" name="init" finished-at="2019-12-17T12:46:49Z" duration-ms="0" status="PASS">
          <reporter-output>
          </reporter-output>
        </test-method> <!-- init -->
        <test-method signature="Validate_AccessToAccountListUnderSales(java.util.Hashtable)[pri:1, instance:HollandCRM_Prod_Smoke.CustomerInformationUnderSales@4722ef0c]" started-at="2019-12-17T12:46:49Z" name="Validate_AccessToAccountListUnderSales" data-provider="getData" finished-at="2019-12-17T12:47:34Z" duration-ms="44815" status="PASS">
          <params>
            <param index="0">
              <value>
                <![CDATA[{Runmode=Y, Browser=Chrome}]]>
              </value>
            </param>
          </params>
          <reporter-output>
          </reporter-output>
        </test-method> <!-- Validate_AccessToAccountListUnderSales -->
        <test-method signature="Validate_AccountInformation_Displayed_AccountListUnderSales(java.util.Hashtable)[pri:2, instance:HollandCRM_Prod_Smoke.CustomerInformationUnderSales@4722ef0c]" started-at="2019-12-17T12:47:34Z" name="Validate_AccountInformation_Displayed_AccountListUnderSales" data-provider="getData" finished-at="2019-12-17T12:47:55Z" duration-ms="21522" status="PASS">
          <params>
            <param index="0">
              <value>
                <![CDATA[{Runmode=Y, Browser=Chrome}]]>
              </value>
            </param>
          </params>
          <reporter-output>
          </reporter-output>
        </test-method> <!-- Validate_AccountInformation_Displayed_AccountListUnderSales -->
        <test-method is-config="true" signature="init()[pri:0, instance:HollandCRM_Prod_Smoke.CustomerInformationUnderSales@4722ef0c]" started-at="2019-12-17T12:47:34Z" name="init" finished-at="2019-12-17T12:47:34Z" duration-ms="0" status="PASS">
          <reporter-output>
          </reporter-output>
        </test-method> <!-- init -->
        <test-method signature="AccountInformationUnderSales()[pri:3, instance:HollandCRM_Prod_Smoke.CustomerInformationUnderSales@4722ef0c]" started-at="2019-12-17T12:47:55Z" name="AccountInformationUnderSales" finished-at="2019-12-17T12:47:55Z" duration-ms="0" status="PASS">
          <reporter-output>
          </reporter-output>
        </test-method> <!-- AccountInformationUnderSales -->
        <test-method is-config="true" signature="init()[pri:0, instance:HollandCRM_Prod_Smoke.CustomerInformationUnderSales@4722ef0c]" started-at="2019-12-17T12:47:55Z" name="init" finished-at="2019-12-17T12:47:55Z" duration-ms="0" status="PASS">
          <reporter-output>
          </reporter-output>
        </test-method> <!-- init -->
        <test-method is-config="true" signature="quit()[pri:0, instance:HollandCRM_Prod_Smoke.CustomerInformationUnderSales@4722ef0c]" started-at="2019-12-17T12:47:55Z" name="quit" finished-at="2019-12-17T12:48:04Z" duration-ms="9324" status="PASS">
          <reporter-output>
          </reporter-output>
        </test-method> <!-- quit -->
      </class> <!-- HollandCRM_Prod_Smoke.CustomerInformationUnderSales -->
    </test> <!-- Test7 -->
    <test started-at="2019-12-17T18:48:04Z" name="Test8" finished-at="2019-12-17T18:49:12Z" duration-ms="67502">
      <class name="HollandCRM_Prod_Smoke.ContactContactlistUnderSales">
        <test-method signature="AccessToContactListUnderSales(java.util.Hashtable)[pri:1, instance:HollandCRM_Prod_Smoke.ContactContactlistUnderSales@5c7933ad]" started-at="2019-12-17T12:48:04Z" name="AccessToContactListUnderSales" data-provider="getData" finished-at="2019-12-17T12:48:49Z" duration-ms="45028" status="PASS">
          <params>
            <param index="0">
              <value>
                <![CDATA[{Runmode=Y, Browser=Chrome}]]>
              </value>
            </param>
          </params>
          <reporter-output>
          </reporter-output>
        </test-method> <!-- AccessToContactListUnderSales -->
        <test-method is-config="true" signature="init()[pri:0, instance:HollandCRM_Prod_Smoke.ContactContactlistUnderSales@5c7933ad]" started-at="2019-12-17T12:48:04Z" name="init" finished-at="2019-12-17T12:48:04Z" duration-ms="0" status="PASS">
          <reporter-output>
          </reporter-output>
        </test-method> <!-- init -->
        <test-method signature="GeneralInformation_Displayed_ContactListUnderSales(java.util.Hashtable)[pri:2, instance:HollandCRM_Prod_Smoke.ContactContactlistUnderSales@5c7933ad]" started-at="2019-12-17T12:48:50Z" name="GeneralInformation_Displayed_ContactListUnderSales" data-provider="getData" finished-at="2019-12-17T12:48:56Z" depends-on-methods="HollandCRM_Prod_Smoke.ContactContactlistUnderSales.AccessToContactListUnderSales" duration-ms="6336" status="PASS">
          <params>
            <param index="0">
              <value>
                <![CDATA[{Runmode=Y, Browser=Chrome}]]>
              </value>
            </param>
          </params>
          <reporter-output>
          </reporter-output>
        </test-method> <!-- GeneralInformation_Displayed_ContactListUnderSales -->
        <test-method is-config="true" signature="init()[pri:0, instance:HollandCRM_Prod_Smoke.ContactContactlistUnderSales@5c7933ad]" started-at="2019-12-17T12:48:50Z" name="init" finished-at="2019-12-17T12:48:50Z" duration-ms="0" status="PASS">
          <reporter-output>
          </reporter-output>
        </test-method> <!-- init -->
        <test-method signature="FirstName_LastName_Displayed_ContactContactListGeneralInformation()[pri:3, instance:HollandCRM_Prod_Smoke.ContactContactlistUnderSales@5c7933ad]" started-at="2019-12-17T12:48:56Z" name="FirstName_LastName_Displayed_ContactContactListGeneralInformation" finished-at="2019-12-17T12:49:01Z" depends-on-methods="HollandCRM_Prod_Smoke.ContactContactlistUnderSales.GeneralInformation_Displayed_ContactListUnderSales" duration-ms="5120" status="PASS">
          <reporter-output>
          </reporter-output>
        </test-method> <!-- FirstName_LastName_Displayed_ContactContactListGeneralInformation -->
        <test-method is-config="true" signature="init()[pri:0, instance:HollandCRM_Prod_Smoke.ContactContactlistUnderSales@5c7933ad]" started-at="2019-12-17T12:48:56Z" name="init" finished-at="2019-12-17T12:48:56Z" duration-ms="0" status="PASS">
          <reporter-output>
          </reporter-output>
        </test-method> <!-- init -->
        <test-method is-config="true" signature="init()[pri:0, instance:HollandCRM_Prod_Smoke.ContactContactlistUnderSales@5c7933ad]" started-at="2019-12-17T12:49:01Z" name="init" finished-at="2019-12-17T12:49:01Z" duration-ms="1" status="PASS">
          <reporter-output>
          </reporter-output>
        </test-method> <!-- init -->
        <test-method signature="ContactContactlistUnderSales()[pri:4, instance:HollandCRM_Prod_Smoke.ContactContactlistUnderSales@5c7933ad]" started-at="2019-12-17T12:49:01Z" name="ContactContactlistUnderSales" finished-at="2019-12-17T12:49:03Z" depends-on-methods="HollandCRM_Prod_Smoke.ContactContactlistUnderSales.FirstName_LastName_Displayed_ContactContactListGeneralInformation" duration-ms="2003" status="PASS">
          <reporter-output>
          </reporter-output>
        </test-method> <!-- ContactContactlistUnderSales -->
        <test-method is-config="true" signature="quit()[pri:0, instance:HollandCRM_Prod_Smoke.ContactContactlistUnderSales@5c7933ad]" started-at="2019-12-17T12:49:03Z" name="quit" finished-at="2019-12-17T12:49:12Z" duration-ms="8914" status="PASS">
          <reporter-output>
          </reporter-output>
        </test-method> <!-- quit -->
      </class> <!-- HollandCRM_Prod_Smoke.ContactContactlistUnderSales -->
    </test> <!-- Test8 -->
    <test started-at="2019-12-17T18:49:12Z" name="Test9" finished-at="2019-12-17T18:50:17Z" duration-ms="65313">
      <class name="HollandCRM_Prod_Smoke.Validate_OppotunitiesCanbeOpened_UnderSales_Opportunities">
        <test-method signature="Validate_AccessToListofOpportunities(java.util.Hashtable)[pri:1, instance:HollandCRM_Prod_Smoke.Validate_OppotunitiesCanbeOpened_UnderSales_Opportunities@3feb2dda]" started-at="2019-12-17T12:49:12Z" name="Validate_AccessToListofOpportunities" data-provider="getData" finished-at="2019-12-17T12:49:57Z" duration-ms="45115" status="PASS">
          <params>
            <param index="0">
              <value>
                <![CDATA[{Runmode=Y, Browser=Chrome}]]>
              </value>
            </param>
          </params>
          <reporter-output>
          </reporter-output>
        </test-method> <!-- Validate_AccessToListofOpportunities -->
        <test-method is-config="true" signature="init()[pri:0, instance:HollandCRM_Prod_Smoke.Validate_OppotunitiesCanbeOpened_UnderSales_Opportunities@3feb2dda]" started-at="2019-12-17T12:49:12Z" name="init" finished-at="2019-12-17T12:49:12Z" duration-ms="0" status="PASS">
          <reporter-output>
          </reporter-output>
        </test-method> <!-- init -->
        <test-method is-config="true" signature="init()[pri:0, instance:HollandCRM_Prod_Smoke.Validate_OppotunitiesCanbeOpened_UnderSales_Opportunities@3feb2dda]" started-at="2019-12-17T12:49:57Z" name="init" finished-at="2019-12-17T12:49:57Z" duration-ms="0" status="PASS">
          <reporter-output>
          </reporter-output>
        </test-method> <!-- init -->
        <test-method signature="Validate_OpportunitySelected_Name_Displayed(java.util.Hashtable)[pri:2, instance:HollandCRM_Prod_Smoke.Validate_OppotunitiesCanbeOpened_UnderSales_Opportunities@3feb2dda]" started-at="2019-12-17T12:49:57Z" name="Validate_OpportunitySelected_Name_Displayed" data-provider="getData" finished-at="2019-12-17T12:50:06Z" duration-ms="8449" status="PASS">
          <params>
            <param index="0">
              <value>
                <![CDATA[{Runmode=Y, Browser=Chrome}]]>
              </value>
            </param>
          </params>
          <reporter-output>
          </reporter-output>
        </test-method> <!-- Validate_OpportunitySelected_Name_Displayed -->
        <test-method signature="Validate_AccountName_Displayed_AccountListUnderSales4()[pri:3, instance:HollandCRM_Prod_Smoke.Validate_OppotunitiesCanbeOpened_UnderSales_Opportunities@3feb2dda]" started-at="2019-12-17T12:50:06Z" name="Validate_AccountName_Displayed_AccountListUnderSales4" finished-at="2019-12-17T12:50:08Z" duration-ms="2641" status="PASS">
          <reporter-output>
          </reporter-output>
        </test-method> <!-- Validate_AccountName_Displayed_AccountListUnderSales4 -->
        <test-method is-config="true" signature="init()[pri:0, instance:HollandCRM_Prod_Smoke.Validate_OppotunitiesCanbeOpened_UnderSales_Opportunities@3feb2dda]" started-at="2019-12-17T12:50:06Z" name="init" finished-at="2019-12-17T12:50:06Z" duration-ms="0" status="PASS">
          <reporter-output>
          </reporter-output>
        </test-method> <!-- init -->
        <test-method is-config="true" signature="quit()[pri:0, instance:HollandCRM_Prod_Smoke.Validate_OppotunitiesCanbeOpened_UnderSales_Opportunities@3feb2dda]" started-at="2019-12-17T12:50:08Z" name="quit" finished-at="2019-12-17T12:50:17Z" duration-ms="9023" status="PASS">
          <reporter-output>
          </reporter-output>
        </test-method> <!-- quit -->
      </class> <!-- HollandCRM_Prod_Smoke.Validate_OppotunitiesCanbeOpened_UnderSales_Opportunities -->
    </test> <!-- Test9 -->
  </suite> <!-- SuiteName -->
</testng-results>
