<?xml version="1.0" encoding="UTF-8"?>
<testng-results skipped="0" failed="0" ignored="0" total="1" passed="1">
  <reporter-output>
  </reporter-output>
  <suite name="Default suite" duration-ms="80707" started-at="2019-11-03T17:41:35Z" finished-at="2019-11-03T17:42:56Z">
    <groups>
    </groups>
    <test name="Default test" duration-ms="80707" started-at="2019-11-03T17:41:35Z" finished-at="2019-11-03T17:42:56Z">
      <class name="HollandCRM_Prod_Smoke.Access_Project_Projectlist_Sales">
        <test-method status="PASS" signature="init()[pri:0, instance:HollandCRM_Prod_Smoke.Access_Project_Projectlist_Sales@971d0d8]" name="init" is-config="true" duration-ms="5" started-at="2019-11-03T11:41:36Z" finished-at="2019-11-03T11:41:36Z">
          <reporter-output>
          </reporter-output>
        </test-method> <!-- init -->
        <test-method status="PASS" signature="Access_Project_Projectlist_Sales(java.util.Hashtable)[pri:1, instance:HollandCRM_Prod_Smoke.Access_Project_Projectlist_Sales@971d0d8]" name="Access_Project_Projectlist_Sales" duration-ms="63904" started-at="2019-11-03T11:41:36Z" data-provider="getData" finished-at="2019-11-03T11:42:40Z">
          <params>
            <param index="0">
              <value>
                <![CDATA[{Username=A2, Password=A3, Runmode=Y, Browser=Chrome}]]>
              </value>
            </param>
          </params>
          <reporter-output>
          </reporter-output>
        </test-method> <!-- Access_Project_Projectlist_Sales -->
        <test-method status="PASS" signature="quit()[pri:0, instance:HollandCRM_Prod_Smoke.Access_Project_Projectlist_Sales@971d0d8]" name="quit" is-config="true" duration-ms="16164" started-at="2019-11-03T11:42:40Z" finished-at="2019-11-03T11:42:56Z">
          <reporter-output>
          </reporter-output>
        </test-method> <!-- quit -->
      </class> <!-- HollandCRM_Prod_Smoke.Access_Project_Projectlist_Sales -->
    </test> <!-- Default test -->
  </suite> <!-- Default suite -->
</testng-results>
