<?xml version="1.0" encoding="UTF-8"?>
<testng-results total="30" passed="28" failed="2" skipped="0">
  <reporter-output>
  </reporter-output>
  <suite started-at="2019-12-24T03:03:22Z" name="SuiteName" finished-at="2019-12-24T03:14:33Z" duration-ms="670833">
    <groups>
    </groups>
    <test started-at="2019-12-24T03:03:22Z" name="Test1" finished-at="2019-12-24T03:04:38Z" duration-ms="76126">
      <class name="HollandCRM_Prod_Smoke.Access_Project_Projectlist_Sales">
        <test-method is-config="true" signature="init()[pri:0, instance:HollandCRM_Prod_Smoke.Access_Project_Projectlist_Sales@31ea9581]" started-at="2019-12-23T21:03:23Z" name="init" finished-at="2019-12-23T21:03:23Z" duration-ms="4" status="PASS">
          <reporter-output>
          </reporter-output>
        </test-method> <!-- init -->
        <test-method signature="Access_Project_Projectlist_Sales(java.util.Hashtable)[pri:1, instance:HollandCRM_Prod_Smoke.Access_Project_Projectlist_Sales@31ea9581]" started-at="2019-12-23T21:03:23Z" name="Access_Project_Projectlist_Sales" data-provider="getData" finished-at="2019-12-23T21:04:29Z" duration-ms="65899" status="PASS">
          <params>
            <param index="0">
              <value>
                <![CDATA[{Username=A2, Password=A3, Runmode=Y, Browser=Chrome}]]>
              </value>
            </param>
          </params>
          <reporter-output>
          </reporter-output>
        </test-method> <!-- Access_Project_Projectlist_Sales -->
        <test-method is-config="true" signature="quit()[pri:0, instance:HollandCRM_Prod_Smoke.Access_Project_Projectlist_Sales@31ea9581]" started-at="2019-12-23T21:04:29Z" name="quit" finished-at="2019-12-23T21:04:38Z" duration-ms="9763" status="PASS">
          <reporter-output>
          </reporter-output>
        </test-method> <!-- quit -->
      </class> <!-- HollandCRM_Prod_Smoke.Access_Project_Projectlist_Sales -->
    </test> <!-- Test1 -->
    <test started-at="2019-12-24T03:04:38Z" name="Test2" finished-at="2019-12-24T03:05:56Z" duration-ms="77971">
      <class name="HollandCRM_Prod_Smoke.Access_Resource_Resourcelist_Sales">
        <test-method is-config="true" signature="init()[pri:0, instance:HollandCRM_Prod_Smoke.Access_Resource_Resourcelist_Sales@548a24a]" started-at="2019-12-23T21:04:38Z" name="init" finished-at="2019-12-23T21:04:38Z" duration-ms="1" status="PASS">
          <reporter-output>
          </reporter-output>
        </test-method> <!-- init -->
        <test-method signature="ValidateAccessToResourceUnderSales(java.util.Hashtable)[pri:1, instance:HollandCRM_Prod_Smoke.Access_Resource_Resourcelist_Sales@548a24a]" started-at="2019-12-23T21:04:38Z" name="ValidateAccessToResourceUnderSales" data-provider="getData" finished-at="2019-12-23T21:05:40Z" duration-ms="62033" status="PASS">
          <params>
            <param index="0">
              <value>
                <![CDATA[{Col4=ok, Col3=A3, Col2=A2, Runmode=Y, Browser=Chrome}]]>
              </value>
            </param>
          </params>
          <reporter-output>
          </reporter-output>
        </test-method> <!-- ValidateAccessToResourceUnderSales -->
        <test-method signature="Validate_NavToSelectedResource_Name_Displayed(java.util.Hashtable)[pri:2, instance:HollandCRM_Prod_Smoke.Access_Resource_Resourcelist_Sales@548a24a]" started-at="2019-12-23T21:05:41Z" name="Validate_NavToSelectedResource_Name_Displayed" data-provider="getData" finished-at="2019-12-23T21:05:44Z" depends-on-methods="HollandCRM_Prod_Smoke.Access_Resource_Resourcelist_Sales.ValidateAccessToResourceUnderSales" duration-ms="3319" status="PASS">
          <params>
            <param index="0">
              <value>
                <![CDATA[{Col4=ok, Col3=A3, Col2=A2, Runmode=Y, Browser=Chrome}]]>
              </value>
            </param>
          </params>
          <reporter-output>
          </reporter-output>
        </test-method> <!-- Validate_NavToSelectedResource_Name_Displayed -->
        <test-method is-config="true" signature="init()[pri:0, instance:HollandCRM_Prod_Smoke.Access_Resource_Resourcelist_Sales@548a24a]" started-at="2019-12-23T21:05:41Z" name="init" finished-at="2019-12-23T21:05:41Z" duration-ms="0" status="PASS">
          <reporter-output>
          </reporter-output>
        </test-method> <!-- init -->
        <test-method is-config="true" signature="init()[pri:0, instance:HollandCRM_Prod_Smoke.Access_Resource_Resourcelist_Sales@548a24a]" started-at="2019-12-23T21:05:44Z" name="init" finished-at="2019-12-23T21:05:44Z" duration-ms="1" status="PASS">
          <reporter-output>
          </reporter-output>
        </test-method> <!-- init -->
        <test-method signature="Access_Resource_Resourcelist_Sales()[pri:3, instance:HollandCRM_Prod_Smoke.Access_Resource_Resourcelist_Sales@548a24a]" started-at="2019-12-23T21:05:44Z" name="Access_Resource_Resourcelist_Sales" finished-at="2019-12-23T21:05:47Z" depends-on-methods="HollandCRM_Prod_Smoke.Access_Resource_Resourcelist_Sales.Validate_NavToSelectedResource_Name_Displayed" duration-ms="3059" status="PASS">
          <reporter-output>
          </reporter-output>
        </test-method> <!-- Access_Resource_Resourcelist_Sales -->
        <test-method is-config="true" signature="quit()[pri:0, instance:HollandCRM_Prod_Smoke.Access_Resource_Resourcelist_Sales@548a24a]" started-at="2019-12-23T21:05:47Z" name="quit" finished-at="2019-12-23T21:05:56Z" duration-ms="9345" status="PASS">
          <reporter-output>
          </reporter-output>
        </test-method> <!-- quit -->
      </class> <!-- HollandCRM_Prod_Smoke.Access_Resource_Resourcelist_Sales -->
    </test> <!-- Test2 -->
    <test started-at="2019-12-24T03:05:56Z" name="Test3" finished-at="2019-12-24T03:07:05Z" duration-ms="68496">
      <class name="HollandCRM_Prod_Smoke.Access_ResourceBooking_Resource_Sales">
        <test-method is-config="true" signature="init()[pri:0, instance:HollandCRM_Prod_Smoke.Access_ResourceBooking_Resource_Sales@72bc6553]" started-at="2019-12-23T21:05:56Z" name="init" finished-at="2019-12-23T21:05:56Z" duration-ms="0" status="PASS">
          <reporter-output>
          </reporter-output>
        </test-method> <!-- init -->
        <test-method signature="Access_ResourceBooking_Resource_Sales1(java.util.Hashtable)[pri:1, instance:HollandCRM_Prod_Smoke.Access_ResourceBooking_Resource_Sales@72bc6553]" started-at="2019-12-23T21:05:56Z" name="Access_ResourceBooking_Resource_Sales1" data-provider="getData" finished-at="2019-12-23T21:06:43Z" duration-ms="46432" status="PASS">
          <params>
            <param index="0">
              <value>
                <![CDATA[{Runmode=Y, Browser=Chrome}]]>
              </value>
            </param>
          </params>
          <reporter-output>
          </reporter-output>
        </test-method> <!-- Access_ResourceBooking_Resource_Sales1 -->
        <test-method signature="Validate_AccessToListofResourceBooking()[pri:2, instance:HollandCRM_Prod_Smoke.Access_ResourceBooking_Resource_Sales@72bc6553]" started-at="2019-12-23T21:06:43Z" name="Validate_AccessToListofResourceBooking" finished-at="2019-12-23T21:06:48Z" duration-ms="5339" status="PASS">
          <reporter-output>
          </reporter-output>
        </test-method> <!-- Validate_AccessToListofResourceBooking -->
        <test-method is-config="true" signature="init()[pri:0, instance:HollandCRM_Prod_Smoke.Access_ResourceBooking_Resource_Sales@72bc6553]" started-at="2019-12-23T21:06:43Z" name="init" finished-at="2019-12-23T21:06:43Z" duration-ms="0" status="PASS">
          <reporter-output>
          </reporter-output>
        </test-method> <!-- init -->
        <test-method is-config="true" signature="init()[pri:0, instance:HollandCRM_Prod_Smoke.Access_ResourceBooking_Resource_Sales@72bc6553]" started-at="2019-12-23T21:06:48Z" name="init" finished-at="2019-12-23T21:06:48Z" duration-ms="0" status="PASS">
          <reporter-output>
          </reporter-output>
        </test-method> <!-- init -->
        <test-method signature="Validate_NavToSelected_Booking(java.util.Hashtable)[pri:3, instance:HollandCRM_Prod_Smoke.Access_ResourceBooking_Resource_Sales@72bc6553]" started-at="2019-12-23T21:06:48Z" name="Validate_NavToSelected_Booking" data-provider="getData" finished-at="2019-12-23T21:06:52Z" duration-ms="3219" status="PASS">
          <params>
            <param index="0">
              <value>
                <![CDATA[{Runmode=Y, Browser=Chrome}]]>
              </value>
            </param>
          </params>
          <reporter-output>
          </reporter-output>
        </test-method> <!-- Validate_NavToSelected_Booking -->
        <test-method is-config="true" signature="init()[pri:0, instance:HollandCRM_Prod_Smoke.Access_ResourceBooking_Resource_Sales@72bc6553]" started-at="2019-12-23T21:06:52Z" name="init" finished-at="2019-12-23T21:06:52Z" duration-ms="0" status="PASS">
          <reporter-output>
          </reporter-output>
        </test-method> <!-- init -->
        <test-method signature="Access_ResourceBooking_Resource_Sales()[pri:4, instance:HollandCRM_Prod_Smoke.Access_ResourceBooking_Resource_Sales@72bc6553]" started-at="2019-12-23T21:06:52Z" name="Access_ResourceBooking_Resource_Sales" finished-at="2019-12-23T21:06:56Z" duration-ms="4034" status="PASS">
          <reporter-output>
          </reporter-output>
        </test-method> <!-- Access_ResourceBooking_Resource_Sales -->
        <test-method is-config="true" signature="quit()[pri:0, instance:HollandCRM_Prod_Smoke.Access_ResourceBooking_Resource_Sales@72bc6553]" started-at="2019-12-23T21:06:56Z" name="quit" finished-at="2019-12-23T21:07:05Z" duration-ms="9195" status="PASS">
          <reporter-output>
          </reporter-output>
        </test-method> <!-- quit -->
      </class> <!-- HollandCRM_Prod_Smoke.Access_ResourceBooking_Resource_Sales -->
    </test> <!-- Test3 -->
    <test started-at="2019-12-24T03:07:05Z" name="Test4" finished-at="2019-12-24T03:08:21Z" duration-ms="76483">
      <class name="HollandCRM_Prod_Smoke.Access_ResourceRequirement_Resource_Sales">
        <test-method is-config="true" signature="init()[pri:0, instance:HollandCRM_Prod_Smoke.Access_ResourceRequirement_Resource_Sales@6f53b8a]" started-at="2019-12-23T21:07:05Z" name="init" finished-at="2019-12-23T21:07:05Z" duration-ms="0" status="PASS">
          <reporter-output>
          </reporter-output>
        </test-method> <!-- init -->
        <test-method signature="Validate_AccessToListofResourceRequirment(java.util.Hashtable)[pri:1, instance:HollandCRM_Prod_Smoke.Access_ResourceRequirement_Resource_Sales@6f53b8a]" started-at="2019-12-23T21:07:05Z" name="Validate_AccessToListofResourceRequirment" data-provider="getData" finished-at="2019-12-23T21:07:56Z" duration-ms="51053" status="PASS">
          <params>
            <param index="0">
              <value>
                <![CDATA[{Runmode=Y, Browser=Chrome}]]>
              </value>
            </param>
          </params>
          <reporter-output>
          </reporter-output>
        </test-method> <!-- Validate_AccessToListofResourceRequirment -->
        <test-method is-config="true" signature="init()[pri:0, instance:HollandCRM_Prod_Smoke.Access_ResourceRequirement_Resource_Sales@6f53b8a]" started-at="2019-12-23T21:07:56Z" name="init" finished-at="2019-12-23T21:07:56Z" duration-ms="1" status="PASS">
          <reporter-output>
          </reporter-output>
        </test-method> <!-- init -->
        <test-method signature="Validate_NavToSelected_Requirement(java.util.Hashtable)[pri:2, instance:HollandCRM_Prod_Smoke.Access_ResourceRequirement_Resource_Sales@6f53b8a]" started-at="2019-12-23T21:07:56Z" name="Validate_NavToSelected_Requirement" data-provider="getData" finished-at="2019-12-23T21:08:01Z" duration-ms="5267" status="PASS">
          <params>
            <param index="0">
              <value>
                <![CDATA[{Runmode=Y, Browser=Chrome}]]>
              </value>
            </param>
          </params>
          <reporter-output>
          </reporter-output>
        </test-method> <!-- Validate_NavToSelected_Requirement -->
        <test-method signature="Access_ResourceRequirement_Resource_Sales()[pri:3, instance:HollandCRM_Prod_Smoke.Access_ResourceRequirement_Resource_Sales@6f53b8a]" started-at="2019-12-23T21:08:01Z" name="Access_ResourceRequirement_Resource_Sales" finished-at="2019-12-23T21:08:05Z" duration-ms="3514" status="PASS">
          <reporter-output>
          </reporter-output>
        </test-method> <!-- Access_ResourceRequirement_Resource_Sales -->
        <test-method is-config="true" signature="init()[pri:0, instance:HollandCRM_Prod_Smoke.Access_ResourceRequirement_Resource_Sales@6f53b8a]" started-at="2019-12-23T21:08:01Z" name="init" finished-at="2019-12-23T21:08:01Z" duration-ms="0" status="PASS">
          <reporter-output>
          </reporter-output>
        </test-method> <!-- init -->
        <test-method is-config="true" signature="init()[pri:0, instance:HollandCRM_Prod_Smoke.Access_ResourceRequirement_Resource_Sales@6f53b8a]" started-at="2019-12-23T21:08:05Z" name="init" finished-at="2019-12-23T21:08:05Z" duration-ms="0" status="PASS">
          <reporter-output>
          </reporter-output>
        </test-method> <!-- init -->
        <test-method signature="Access_ResourceRequirement_PropertyPage()[pri:4, instance:HollandCRM_Prod_Smoke.Access_ResourceRequirement_Resource_Sales@6f53b8a]" started-at="2019-12-23T21:08:05Z" name="Access_ResourceRequirement_PropertyPage" finished-at="2019-12-23T21:08:12Z" duration-ms="7197" status="PASS">
          <reporter-output>
          </reporter-output>
        </test-method> <!-- Access_ResourceRequirement_PropertyPage -->
        <test-method is-config="true" signature="quit()[pri:0, instance:HollandCRM_Prod_Smoke.Access_ResourceRequirement_Resource_Sales@6f53b8a]" started-at="2019-12-23T21:08:12Z" name="quit" finished-at="2019-12-23T21:08:21Z" duration-ms="9285" status="PASS">
          <reporter-output>
          </reporter-output>
        </test-method> <!-- quit -->
      </class> <!-- HollandCRM_Prod_Smoke.Access_ResourceRequirement_Resource_Sales -->
    </test> <!-- Test4 -->
    <test started-at="2019-12-24T03:08:21Z" name="Test5" finished-at="2019-12-24T03:09:33Z" duration-ms="71367">
      <class name="HollandCRM_Prod_Smoke.Access_ResourceRoles_Resourcelist_Sales">
        <test-method is-config="true" signature="init()[pri:0, instance:HollandCRM_Prod_Smoke.Access_ResourceRoles_Resourcelist_Sales@6cb107fd]" started-at="2019-12-23T21:08:21Z" name="init" finished-at="2019-12-23T21:08:21Z" duration-ms="0" status="PASS">
          <reporter-output>
          </reporter-output>
        </test-method> <!-- init -->
        <test-method signature="Access_Resourcelist_Sales(java.util.Hashtable)[pri:1, instance:HollandCRM_Prod_Smoke.Access_ResourceRoles_Resourcelist_Sales@6cb107fd]" started-at="2019-12-23T21:08:21Z" name="Access_Resourcelist_Sales" data-provider="getData" finished-at="2019-12-23T21:09:11Z" duration-ms="49876" status="PASS">
          <params>
            <param index="0">
              <value>
                <![CDATA[{Runmode=Y, Browser=Chrome}]]>
              </value>
            </param>
          </params>
          <reporter-output>
          </reporter-output>
        </test-method> <!-- Access_Resourcelist_Sales -->
        <test-method signature="Validate_NavToSelectedProject_Name_Displayed(java.util.Hashtable)[pri:2, instance:HollandCRM_Prod_Smoke.Access_ResourceRoles_Resourcelist_Sales@6cb107fd]" started-at="2019-12-23T21:09:11Z" name="Validate_NavToSelectedProject_Name_Displayed" data-provider="getData" finished-at="2019-12-23T21:09:17Z" duration-ms="5332" status="PASS">
          <params>
            <param index="0">
              <value>
                <![CDATA[{Runmode=Y, Browser=Chrome}]]>
              </value>
            </param>
          </params>
          <reporter-output>
          </reporter-output>
        </test-method> <!-- Validate_NavToSelectedProject_Name_Displayed -->
        <test-method is-config="true" signature="init()[pri:0, instance:HollandCRM_Prod_Smoke.Access_ResourceRoles_Resourcelist_Sales@6cb107fd]" started-at="2019-12-23T21:09:11Z" name="init" finished-at="2019-12-23T21:09:11Z" duration-ms="0" status="PASS">
          <reporter-output>
          </reporter-output>
        </test-method> <!-- init -->
        <test-method is-config="true" signature="init()[pri:0, instance:HollandCRM_Prod_Smoke.Access_ResourceRoles_Resourcelist_Sales@6cb107fd]" started-at="2019-12-23T21:09:17Z" name="init" finished-at="2019-12-23T21:09:17Z" duration-ms="1" status="PASS">
          <reporter-output>
          </reporter-output>
        </test-method> <!-- init -->
        <test-method signature="Validate_NavToSelectedRoles(java.util.Hashtable)[pri:3, instance:HollandCRM_Prod_Smoke.Access_ResourceRoles_Resourcelist_Sales@6cb107fd]" started-at="2019-12-23T21:09:17Z" name="Validate_NavToSelectedRoles" data-provider="getData" finished-at="2019-12-23T21:09:20Z" duration-ms="3403" status="PASS">
          <params>
            <param index="0">
              <value>
                <![CDATA[{Runmode=Y, Browser=Chrome}]]>
              </value>
            </param>
          </params>
          <reporter-output>
          </reporter-output>
        </test-method> <!-- Validate_NavToSelectedRoles -->
        <test-method is-config="true" signature="init()[pri:0, instance:HollandCRM_Prod_Smoke.Access_ResourceRoles_Resourcelist_Sales@6cb107fd]" started-at="2019-12-23T21:09:20Z" name="init" finished-at="2019-12-23T21:09:20Z" duration-ms="0" status="PASS">
          <reporter-output>
          </reporter-output>
        </test-method> <!-- init -->
        <test-method signature="Validate_NavToSelectedRolesLandingPage(java.util.Hashtable)[pri:4, instance:HollandCRM_Prod_Smoke.Access_ResourceRoles_Resourcelist_Sales@6cb107fd]" started-at="2019-12-23T21:09:20Z" name="Validate_NavToSelectedRolesLandingPage" data-provider="getData" finished-at="2019-12-23T21:09:24Z" duration-ms="3414" status="PASS">
          <params>
            <param index="0">
              <value>
                <![CDATA[{Runmode=Y, Browser=Chrome}]]>
              </value>
            </param>
          </params>
          <reporter-output>
          </reporter-output>
        </test-method> <!-- Validate_NavToSelectedRolesLandingPage -->
        <test-method is-config="true" signature="quit()[pri:0, instance:HollandCRM_Prod_Smoke.Access_ResourceRoles_Resourcelist_Sales@6cb107fd]" started-at="2019-12-23T21:09:24Z" name="quit" finished-at="2019-12-23T21:09:33Z" duration-ms="9051" status="PASS">
          <reporter-output>
          </reporter-output>
        </test-method> <!-- quit -->
      </class> <!-- HollandCRM_Prod_Smoke.Access_ResourceRoles_Resourcelist_Sales -->
    </test> <!-- Test5 -->
    <test started-at="2019-12-24T03:09:33Z" name="Test6" finished-at="2019-12-24T03:10:44Z" duration-ms="70915">
      <class name="HollandCRM_Prod_Smoke.Access_ResourceSkill_Resourcelist_Sales">
        <test-method is-config="true" signature="init()[pri:0, instance:HollandCRM_Prod_Smoke.Access_ResourceSkill_Resourcelist_Sales@6f204a1a]" started-at="2019-12-23T21:09:33Z" name="init" finished-at="2019-12-23T21:09:33Z" duration-ms="1" status="PASS">
          <reporter-output>
          </reporter-output>
        </test-method> <!-- init -->
        <test-method signature="Access_ResourceSkill_Sales(java.util.Hashtable)[pri:1, instance:HollandCRM_Prod_Smoke.Access_ResourceSkill_Resourcelist_Sales@6f204a1a]" started-at="2019-12-23T21:09:33Z" name="Access_ResourceSkill_Sales" data-provider="getData" finished-at="2019-12-23T21:10:19Z" duration-ms="46544" status="PASS">
          <params>
            <param index="0">
              <value>
                <![CDATA[{Runmode=Y, Browser=Chrome}]]>
              </value>
            </param>
          </params>
          <reporter-output>
          </reporter-output>
        </test-method> <!-- Access_ResourceSkill_Sales -->
        <test-method signature="Validate_NavToSelectedResourceskill(java.util.Hashtable)[pri:2, instance:HollandCRM_Prod_Smoke.Access_ResourceSkill_Resourcelist_Sales@6f204a1a]" started-at="2019-12-23T21:10:19Z" name="Validate_NavToSelectedResourceskill" data-provider="getData" finished-at="2019-12-23T21:10:26Z" depends-on-methods="HollandCRM_Prod_Smoke.Access_ResourceSkill_Resourcelist_Sales.Access_ResourceSkill_Sales" duration-ms="6327" status="PASS">
          <params>
            <param index="0">
              <value>
                <![CDATA[{Runmode=Y, Browser=Chrome}]]>
              </value>
            </param>
          </params>
          <reporter-output>
          </reporter-output>
        </test-method> <!-- Validate_NavToSelectedResourceskill -->
        <test-method is-config="true" signature="init()[pri:0, instance:HollandCRM_Prod_Smoke.Access_ResourceSkill_Resourcelist_Sales@6f204a1a]" started-at="2019-12-23T21:10:19Z" name="init" finished-at="2019-12-23T21:10:19Z" duration-ms="0" status="PASS">
          <reporter-output>
          </reporter-output>
        </test-method> <!-- init -->
        <test-method signature="Access_ResourceSkill_Resourcelist_Sales()[pri:3, instance:HollandCRM_Prod_Smoke.Access_ResourceSkill_Resourcelist_Sales@6f204a1a]" started-at="2019-12-23T21:10:26Z" name="Access_ResourceSkill_Resourcelist_Sales" finished-at="2019-12-23T21:10:30Z" depends-on-methods="HollandCRM_Prod_Smoke.Access_ResourceSkill_Resourcelist_Sales.Validate_NavToSelectedResourceskill" duration-ms="3983" status="PASS">
          <reporter-output>
          </reporter-output>
        </test-method> <!-- Access_ResourceSkill_Resourcelist_Sales -->
        <test-method is-config="true" signature="init()[pri:0, instance:HollandCRM_Prod_Smoke.Access_ResourceSkill_Resourcelist_Sales@6f204a1a]" started-at="2019-12-23T21:10:26Z" name="init" finished-at="2019-12-23T21:10:26Z" duration-ms="0" status="PASS">
          <reporter-output>
          </reporter-output>
        </test-method> <!-- init -->
        <test-method is-config="true" signature="init()[pri:0, instance:HollandCRM_Prod_Smoke.Access_ResourceSkill_Resourcelist_Sales@6f204a1a]" started-at="2019-12-23T21:10:30Z" name="init" finished-at="2019-12-23T21:10:30Z" duration-ms="1" status="PASS">
          <reporter-output>
          </reporter-output>
        </test-method> <!-- init -->
        <test-method signature="Access_ResourceSkill_PropertyPage_Sales()[pri:4, instance:HollandCRM_Prod_Smoke.Access_ResourceSkill_Resourcelist_Sales@6f204a1a]" started-at="2019-12-23T21:10:30Z" name="Access_ResourceSkill_PropertyPage_Sales" finished-at="2019-12-23T21:10:34Z" depends-on-methods="HollandCRM_Prod_Smoke.Access_ResourceSkill_Resourcelist_Sales.Validate_NavToSelectedResourceskill" duration-ms="4518" status="PASS">
          <reporter-output>
          </reporter-output>
        </test-method> <!-- Access_ResourceSkill_PropertyPage_Sales -->
        <test-method is-config="true" signature="quit()[pri:0, instance:HollandCRM_Prod_Smoke.Access_ResourceSkill_Resourcelist_Sales@6f204a1a]" started-at="2019-12-23T21:10:34Z" name="quit" finished-at="2019-12-23T21:10:44Z" duration-ms="9398" status="PASS">
          <reporter-output>
          </reporter-output>
        </test-method> <!-- quit -->
      </class> <!-- HollandCRM_Prod_Smoke.Access_ResourceSkill_Resourcelist_Sales -->
    </test> <!-- Test6 -->
    <test started-at="2019-12-24T03:10:44Z" name="Test7" finished-at="2019-12-24T03:12:01Z" duration-ms="77032">
      <class name="HollandCRM_Prod_Smoke.CustomerInformationUnderSales">
        <test-method is-config="true" signature="init()[pri:0, instance:HollandCRM_Prod_Smoke.CustomerInformationUnderSales@4722ef0c]" started-at="2019-12-23T21:10:44Z" name="init" finished-at="2019-12-23T21:10:44Z" duration-ms="0" status="PASS">
          <reporter-output>
          </reporter-output>
        </test-method> <!-- init -->
        <test-method signature="Validate_AccessToAccountListUnderSales(java.util.Hashtable)[pri:1, instance:HollandCRM_Prod_Smoke.CustomerInformationUnderSales@4722ef0c]" started-at="2019-12-23T21:10:44Z" name="Validate_AccessToAccountListUnderSales" data-provider="getData" finished-at="2019-12-23T21:11:30Z" duration-ms="45874" status="PASS">
          <params>
            <param index="0">
              <value>
                <![CDATA[{Runmode=Y, Browser=Chrome}]]>
              </value>
            </param>
          </params>
          <reporter-output>
          </reporter-output>
        </test-method> <!-- Validate_AccessToAccountListUnderSales -->
        <test-method signature="Validate_AccountInformation_Displayed_AccountListUnderSales(java.util.Hashtable)[pri:2, instance:HollandCRM_Prod_Smoke.CustomerInformationUnderSales@4722ef0c]" started-at="2019-12-23T21:11:30Z" name="Validate_AccountInformation_Displayed_AccountListUnderSales" data-provider="getData" finished-at="2019-12-23T21:11:51Z" duration-ms="21612" status="PASS">
          <params>
            <param index="0">
              <value>
                <![CDATA[{Runmode=Y, Browser=Chrome}]]>
              </value>
            </param>
          </params>
          <reporter-output>
          </reporter-output>
        </test-method> <!-- Validate_AccountInformation_Displayed_AccountListUnderSales -->
        <test-method is-config="true" signature="init()[pri:0, instance:HollandCRM_Prod_Smoke.CustomerInformationUnderSales@4722ef0c]" started-at="2019-12-23T21:11:30Z" name="init" finished-at="2019-12-23T21:11:30Z" duration-ms="0" status="PASS">
          <reporter-output>
          </reporter-output>
        </test-method> <!-- init -->
        <test-method signature="AccountInformationUnderSales()[pri:3, instance:HollandCRM_Prod_Smoke.CustomerInformationUnderSales@4722ef0c]" started-at="2019-12-23T21:11:51Z" name="AccountInformationUnderSales" finished-at="2019-12-23T21:11:51Z" duration-ms="1" status="PASS">
          <reporter-output>
          </reporter-output>
        </test-method> <!-- AccountInformationUnderSales -->
        <test-method is-config="true" signature="init()[pri:0, instance:HollandCRM_Prod_Smoke.CustomerInformationUnderSales@4722ef0c]" started-at="2019-12-23T21:11:51Z" name="init" finished-at="2019-12-23T21:11:51Z" duration-ms="0" status="PASS">
          <reporter-output>
          </reporter-output>
        </test-method> <!-- init -->
        <test-method is-config="true" signature="quit()[pri:0, instance:HollandCRM_Prod_Smoke.CustomerInformationUnderSales@4722ef0c]" started-at="2019-12-23T21:11:51Z" name="quit" finished-at="2019-12-23T21:12:01Z" duration-ms="9418" status="PASS">
          <reporter-output>
          </reporter-output>
        </test-method> <!-- quit -->
      </class> <!-- HollandCRM_Prod_Smoke.CustomerInformationUnderSales -->
    </test> <!-- Test7 -->
    <test started-at="2019-12-24T03:12:01Z" name="Test8" finished-at="2019-12-24T03:13:10Z" duration-ms="69609">
      <class name="HollandCRM_Prod_Smoke.ContactContactlistUnderSales">
        <test-method signature="AccessToContactListUnderSales(java.util.Hashtable)[pri:1, instance:HollandCRM_Prod_Smoke.ContactContactlistUnderSales@5c7933ad]" started-at="2019-12-23T21:12:01Z" name="AccessToContactListUnderSales" data-provider="getData" finished-at="2019-12-23T21:12:48Z" duration-ms="47136" status="PASS">
          <params>
            <param index="0">
              <value>
                <![CDATA[{Runmode=Y, Browser=Chrome}]]>
              </value>
            </param>
          </params>
          <reporter-output>
          </reporter-output>
        </test-method> <!-- AccessToContactListUnderSales -->
        <test-method is-config="true" signature="init()[pri:0, instance:HollandCRM_Prod_Smoke.ContactContactlistUnderSales@5c7933ad]" started-at="2019-12-23T21:12:01Z" name="init" finished-at="2019-12-23T21:12:01Z" duration-ms="0" status="PASS">
          <reporter-output>
          </reporter-output>
        </test-method> <!-- init -->
        <test-method is-config="true" signature="init()[pri:0, instance:HollandCRM_Prod_Smoke.ContactContactlistUnderSales@5c7933ad]" started-at="2019-12-23T21:12:48Z" name="init" finished-at="2019-12-23T21:12:48Z" duration-ms="0" status="PASS">
          <reporter-output>
          </reporter-output>
        </test-method> <!-- init -->
        <test-method signature="GeneralInformation_Displayed_ContactListUnderSales(java.util.Hashtable)[pri:2, instance:HollandCRM_Prod_Smoke.ContactContactlistUnderSales@5c7933ad]" started-at="2019-12-23T21:12:48Z" name="GeneralInformation_Displayed_ContactListUnderSales" data-provider="getData" finished-at="2019-12-23T21:12:54Z" depends-on-methods="HollandCRM_Prod_Smoke.ContactContactlistUnderSales.AccessToContactListUnderSales" duration-ms="6378" status="PASS">
          <params>
            <param index="0">
              <value>
                <![CDATA[{Runmode=Y, Browser=Chrome}]]>
              </value>
            </param>
          </params>
          <reporter-output>
          </reporter-output>
        </test-method> <!-- GeneralInformation_Displayed_ContactListUnderSales -->
        <test-method is-config="true" signature="init()[pri:0, instance:HollandCRM_Prod_Smoke.ContactContactlistUnderSales@5c7933ad]" started-at="2019-12-23T21:12:54Z" name="init" finished-at="2019-12-23T21:12:54Z" duration-ms="0" status="PASS">
          <reporter-output>
          </reporter-output>
        </test-method> <!-- init -->
        <test-method signature="FirstName_LastName_Displayed_ContactContactListGeneralInformation()[pri:3, instance:HollandCRM_Prod_Smoke.ContactContactlistUnderSales@5c7933ad]" started-at="2019-12-23T21:12:54Z" name="FirstName_LastName_Displayed_ContactContactListGeneralInformation" finished-at="2019-12-23T21:12:59Z" depends-on-methods="HollandCRM_Prod_Smoke.ContactContactlistUnderSales.GeneralInformation_Displayed_ContactListUnderSales" duration-ms="4696" status="PASS">
          <reporter-output>
          </reporter-output>
        </test-method> <!-- FirstName_LastName_Displayed_ContactContactListGeneralInformation -->
        <test-method is-config="true" signature="init()[pri:0, instance:HollandCRM_Prod_Smoke.ContactContactlistUnderSales@5c7933ad]" started-at="2019-12-23T21:12:59Z" name="init" finished-at="2019-12-23T21:12:59Z" duration-ms="0" status="PASS">
          <reporter-output>
          </reporter-output>
        </test-method> <!-- init -->
        <test-method signature="ContactContactlistUnderSales()[pri:4, instance:HollandCRM_Prod_Smoke.ContactContactlistUnderSales@5c7933ad]" started-at="2019-12-23T21:12:59Z" name="ContactContactlistUnderSales" finished-at="2019-12-23T21:13:01Z" depends-on-methods="HollandCRM_Prod_Smoke.ContactContactlistUnderSales.FirstName_LastName_Displayed_ContactContactListGeneralInformation" duration-ms="2354" status="PASS">
          <reporter-output>
          </reporter-output>
        </test-method> <!-- ContactContactlistUnderSales -->
        <test-method is-config="true" signature="quit()[pri:0, instance:HollandCRM_Prod_Smoke.ContactContactlistUnderSales@5c7933ad]" started-at="2019-12-23T21:13:01Z" name="quit" finished-at="2019-12-23T21:13:10Z" duration-ms="8922" status="PASS">
          <reporter-output>
          </reporter-output>
        </test-method> <!-- quit -->
      </class> <!-- HollandCRM_Prod_Smoke.ContactContactlistUnderSales -->
    </test> <!-- Test8 -->
    <test started-at="2019-12-24T03:13:10Z" name="Test9" finished-at="2019-12-24T03:14:33Z" duration-ms="82737">
      <class name="HollandCRM_Prod_Smoke.Validate_OppotunitiesCanbeOpened_UnderSales_Opportunities">
        <test-method is-config="true" signature="init()[pri:0, instance:HollandCRM_Prod_Smoke.Validate_OppotunitiesCanbeOpened_UnderSales_Opportunities@3feb2dda]" started-at="2019-12-23T21:13:10Z" name="init" finished-at="2019-12-23T21:13:10Z" duration-ms="0" status="PASS">
          <reporter-output>
          </reporter-output>
        </test-method> <!-- init -->
        <test-method signature="Validate_AccessToListofOpportunities(java.util.Hashtable)[pri:1, instance:HollandCRM_Prod_Smoke.Validate_OppotunitiesCanbeOpened_UnderSales_Opportunities@3feb2dda]" started-at="2019-12-23T21:13:10Z" name="Validate_AccessToListofOpportunities" data-provider="getData" finished-at="2019-12-23T21:13:57Z" duration-ms="46451" status="PASS">
          <params>
            <param index="0">
              <value>
                <![CDATA[{Runmode=Y, Browser=Chrome}]]>
              </value>
            </param>
          </params>
          <reporter-output>
          </reporter-output>
        </test-method> <!-- Validate_AccessToListofOpportunities -->
        <test-method is-config="true" signature="init()[pri:0, instance:HollandCRM_Prod_Smoke.Validate_OppotunitiesCanbeOpened_UnderSales_Opportunities@3feb2dda]" started-at="2019-12-23T21:13:57Z" name="init" finished-at="2019-12-23T21:13:57Z" duration-ms="0" status="PASS">
          <reporter-output>
          </reporter-output>
        </test-method> <!-- init -->
        <test-method signature="Validate_OpportunitySelected_Name_Displayed(java.util.Hashtable)[pri:2, instance:HollandCRM_Prod_Smoke.Validate_OppotunitiesCanbeOpened_UnderSales_Opportunities@3feb2dda]" started-at="2019-12-23T21:13:57Z" name="Validate_OpportunitySelected_Name_Displayed" data-provider="getData" finished-at="2019-12-23T21:14:04Z" duration-ms="7017" status="FAIL">
          <params>
            <param index="0">
              <value>
                <![CDATA[{Runmode=Y, Browser=Chrome}]]>
              </value>
            </param>
          </params>
          <exception class="java.lang.AssertionError">
            <message>
              <![CDATA[expected [true] but found [false]]]>
            </message>
            <full-stacktrace>
              <![CDATA[java.lang.AssertionError: expected [true] but found [false]
	at org.testng.Assert.fail(Assert.java:94)
	at org.testng.Assert.failNotEquals(Assert.java:496)
	at org.testng.Assert.assertTrue(Assert.java:42)
	at org.testng.Assert.assertTrue(Assert.java:52)
	at HollandCRM_Prod_Smoke.Validate_OppotunitiesCanbeOpened_UnderSales_Opportunities.Validate_OpportunitySelected_Name_Displayed(Validate_OppotunitiesCanbeOpened_UnderSales_Opportunities.java:96)
	at java.base/jdk.internal.reflect.NativeMethodAccessorImpl.invoke0(Native Method)
	at java.base/jdk.internal.reflect.NativeMethodAccessorImpl.invoke(NativeMethodAccessorImpl.java:62)
	at java.base/jdk.internal.reflect.DelegatingMethodAccessorImpl.invoke(DelegatingMethodAccessorImpl.java:43)
	at java.base/java.lang.reflect.Method.invoke(Method.java:564)
	at org.testng.internal.MethodInvocationHelper.invokeMethod(MethodInvocationHelper.java:85)
	at org.testng.internal.Invoker.invokeMethod(Invoker.java:639)
	at org.testng.internal.Invoker.invokeTestMethod(Invoker.java:816)
	at org.testng.internal.TestMethodWithDataProviderMethodWorker.call(TestMethodWithDataProviderMethodWorker.java:75)
	at org.testng.internal.TestMethodWithDataProviderMethodWorker.call(TestMethodWithDataProviderMethodWorker.java:14)
	at java.base/java.util.concurrent.FutureTask.run(FutureTask.java:264)
	at java.base/java.util.concurrent.Executors$RunnableAdapter.call(Executors.java:514)
	at java.base/java.util.concurrent.FutureTask.run(FutureTask.java:264)
	at java.base/java.util.concurrent.ThreadPoolExecutor.runWorker(ThreadPoolExecutor.java:1135)
	at java.base/java.util.concurrent.ThreadPoolExecutor$Worker.run(ThreadPoolExecutor.java:635)
	at java.base/java.lang.Thread.run(Thread.java:844)
]]>
            </full-stacktrace>
          </exception> <!-- java.lang.AssertionError -->
          <reporter-output>
          </reporter-output>
        </test-method> <!-- Validate_OpportunitySelected_Name_Displayed -->
        <test-method signature="Validate_AccountName_Displayed_AccountListUnderSales4()[pri:3, instance:HollandCRM_Prod_Smoke.Validate_OppotunitiesCanbeOpened_UnderSales_Opportunities@3feb2dda]" started-at="2019-12-23T21:14:04Z" name="Validate_AccountName_Displayed_AccountListUnderSales4" finished-at="2019-12-23T21:14:24Z" duration-ms="20066" status="FAIL">
          <exception class="org.openqa.selenium.NoSuchElementException">
            <message>
              <![CDATA[no such element: Unable to locate element: {"method":"xpath","selector":"//*[@id="id-a837e4a7-01b8-4f82-a475-be9abd67e667-1-name8-name.fieldControl-text-box-text"]"}
  (Session info: chrome=79.0.3945.88)
  (Driver info: chromedriver=2.41.578737 (49da6702b16031c40d63e5618de03a32ff6c197e),platform=Windows NT 10.0.18362 x86_64) (WARNING: The server did not provide any stacktrace information)
Command duration or timeout: 20.07 seconds
For documentation on this error, please visit: http://seleniumhq.org/exceptions/no_such_element.html
Build info: version: '2.52.0', revision: '4c2593c', time: '2016-02-11 19:06:42'
System info: host: 'IS54', ip: '192.168.1.11', os.name: 'Windows 10', os.arch: 'amd64', os.version: '10.0', java.version: '10.0.2'
Driver info: org.openqa.selenium.chrome.ChromeDriver
Capabilities [{mobileEmulationEnabled=false, hasTouchScreen=false, platform=XP, acceptSslCerts=false, goog:chromeOptions={debuggerAddress=localhost:60543}, acceptInsecureCerts=false, webStorageEnabled=true, browserName=chrome, takesScreenshot=true, javascriptEnabled=true, setWindowRect=true, unexpectedAlertBehaviour=, applicationCacheEnabled=false, rotatable=false, networkConnectionEnabled=false, chrome={chromedriverVersion=2.41.578737 (49da6702b16031c40d63e5618de03a32ff6c197e), userDataDir=C:\Users\KPatel\AppData\Local\Temp\scoped_dir12864_31188}, takesHeapSnapshot=true, pageLoadStrategy=normal, databaseEnabled=false, handlesAlerts=true, version=79.0.3945.88, browserConnectionEnabled=false, nativeEvents=true, locationContextEnabled=true, cssSelectorsEnabled=true}]
Session ID: 7af4c264af8ac9299bc889da58780b07
*** Element info: {Using=xpath, value=//*[@id="id-a837e4a7-01b8-4f82-a475-be9abd67e667-1-name8-name.fieldControl-text-box-text"]}]]>
            </message>
            <full-stacktrace>
              <![CDATA[org.openqa.selenium.NoSuchElementException: no such element: Unable to locate element: {"method":"xpath","selector":"//*[@id="id-a837e4a7-01b8-4f82-a475-be9abd67e667-1-name8-name.fieldControl-text-box-text"]"}
  (Session info: chrome=79.0.3945.88)
  (Driver info: chromedriver=2.41.578737 (49da6702b16031c40d63e5618de03a32ff6c197e),platform=Windows NT 10.0.18362 x86_64) (WARNING: The server did not provide any stacktrace information)
Command duration or timeout: 20.07 seconds
For documentation on this error, please visit: http://seleniumhq.org/exceptions/no_such_element.html
Build info: version: '2.52.0', revision: '4c2593c', time: '2016-02-11 19:06:42'
System info: host: 'IS54', ip: '192.168.1.11', os.name: 'Windows 10', os.arch: 'amd64', os.version: '10.0', java.version: '10.0.2'
Driver info: org.openqa.selenium.chrome.ChromeDriver
Capabilities [{mobileEmulationEnabled=false, hasTouchScreen=false, platform=XP, acceptSslCerts=false, goog:chromeOptions={debuggerAddress=localhost:60543}, acceptInsecureCerts=false, webStorageEnabled=true, browserName=chrome, takesScreenshot=true, javascriptEnabled=true, setWindowRect=true, unexpectedAlertBehaviour=, applicationCacheEnabled=false, rotatable=false, networkConnectionEnabled=false, chrome={chromedriverVersion=2.41.578737 (49da6702b16031c40d63e5618de03a32ff6c197e), userDataDir=C:\Users\KPatel\AppData\Local\Temp\scoped_dir12864_31188}, takesHeapSnapshot=true, pageLoadStrategy=normal, databaseEnabled=false, handlesAlerts=true, version=79.0.3945.88, browserConnectionEnabled=false, nativeEvents=true, locationContextEnabled=true, cssSelectorsEnabled=true}]
Session ID: 7af4c264af8ac9299bc889da58780b07
*** Element info: {Using=xpath, value=//*[@id="id-a837e4a7-01b8-4f82-a475-be9abd67e667-1-name8-name.fieldControl-text-box-text"]}
	at java.base/jdk.internal.reflect.NativeConstructorAccessorImpl.newInstance0(Native Method)
	at java.base/jdk.internal.reflect.NativeConstructorAccessorImpl.newInstance(NativeConstructorAccessorImpl.java:62)
	at java.base/jdk.internal.reflect.DelegatingConstructorAccessorImpl.newInstance(DelegatingConstructorAccessorImpl.java:45)
	at java.base/java.lang.reflect.Constructor.newInstance(Constructor.java:488)
	at org.openqa.selenium.remote.ErrorHandler.createThrowable(ErrorHandler.java:206)
	at org.openqa.selenium.remote.ErrorHandler.throwIfResponseFailed(ErrorHandler.java:158)
	at org.openqa.selenium.remote.RemoteWebDriver.execute(RemoteWebDriver.java:678)
	at org.openqa.selenium.remote.RemoteWebDriver.findElement(RemoteWebDriver.java:363)
	at org.openqa.selenium.remote.RemoteWebDriver.findElementByXPath(RemoteWebDriver.java:500)
	at org.openqa.selenium.By$ByXPath.findElement(By.java:361)
	at org.openqa.selenium.remote.RemoteWebDriver.findElement(RemoteWebDriver.java:355)
	at HollandCRM_Prod_Smoke.Validate_OppotunitiesCanbeOpened_UnderSales_Opportunities.Validate_AccountName_Displayed_AccountListUnderSales4(Validate_OppotunitiesCanbeOpened_UnderSales_Opportunities.java:110)
	at java.base/jdk.internal.reflect.NativeMethodAccessorImpl.invoke0(Native Method)
	at java.base/jdk.internal.reflect.NativeMethodAccessorImpl.invoke(NativeMethodAccessorImpl.java:62)
	at java.base/jdk.internal.reflect.DelegatingMethodAccessorImpl.invoke(DelegatingMethodAccessorImpl.java:43)
	at java.base/java.lang.reflect.Method.invoke(Method.java:564)
	at org.testng.internal.MethodInvocationHelper.invokeMethod(MethodInvocationHelper.java:85)
	at org.testng.internal.Invoker.invokeMethod(Invoker.java:639)
	at org.testng.internal.Invoker.invokeTestMethod(Invoker.java:816)
	at org.testng.internal.Invoker.invokeTestMethods(Invoker.java:1124)
	at org.testng.internal.TestMethodWorker.invokeTestMethods(TestMethodWorker.java:125)
	at org.testng.internal.TestMethodWorker.run(TestMethodWorker.java:108)
	at org.testng.TestRunner.privateRun(TestRunner.java:774)
	at org.testng.TestRunner.run(TestRunner.java:624)
	at org.testng.SuiteRunner.runTest(SuiteRunner.java:359)
	at org.testng.SuiteRunner.runSequentially(SuiteRunner.java:354)
	at org.testng.SuiteRunner.privateRun(SuiteRunner.java:312)
	at org.testng.SuiteRunner.run(SuiteRunner.java:261)
	at org.testng.SuiteRunnerWorker.runSuite(SuiteRunnerWorker.java:52)
	at org.testng.SuiteRunnerWorker.run(SuiteRunnerWorker.java:86)
	at org.testng.TestNG.runSuitesSequentially(TestNG.java:1215)
	at org.testng.TestNG.runSuitesLocally(TestNG.java:1140)
	at org.testng.TestNG.run(TestNG.java:1048)
	at org.testng.TestNG.privateMain(TestNG.java:1355)
	at org.testng.TestNG.main(TestNG.java:1324)
]]>
            </full-stacktrace>
          </exception> <!-- org.openqa.selenium.NoSuchElementException -->
          <reporter-output>
          </reporter-output>
        </test-method> <!-- Validate_AccountName_Displayed_AccountListUnderSales4 -->
        <test-method is-config="true" signature="init()[pri:0, instance:HollandCRM_Prod_Smoke.Validate_OppotunitiesCanbeOpened_UnderSales_Opportunities@3feb2dda]" started-at="2019-12-23T21:14:04Z" name="init" finished-at="2019-12-23T21:14:04Z" duration-ms="0" status="PASS">
          <reporter-output>
          </reporter-output>
        </test-method> <!-- init -->
        <test-method is-config="true" signature="quit()[pri:0, instance:HollandCRM_Prod_Smoke.Validate_OppotunitiesCanbeOpened_UnderSales_Opportunities@3feb2dda]" started-at="2019-12-23T21:14:24Z" name="quit" finished-at="2019-12-23T21:14:33Z" duration-ms="9103" status="PASS">
          <reporter-output>
          </reporter-output>
        </test-method> <!-- quit -->
      </class> <!-- HollandCRM_Prod_Smoke.Validate_OppotunitiesCanbeOpened_UnderSales_Opportunities -->
    </test> <!-- Test9 -->
  </suite> <!-- SuiteName -->
</testng-results>
