<?xml version="1.0" encoding="UTF-8"?>
<testng-results skipped="0" failed="0" ignored="0" total="1" passed="1">
  <reporter-output>
  </reporter-output>
  <suite name="Default suite" duration-ms="67108" started-at="2019-12-06T22:58:57Z" finished-at="2019-12-06T23:00:04Z">
    <groups>
    </groups>
    <test name="Default test" duration-ms="67108" started-at="2019-12-06T22:58:57Z" finished-at="2019-12-06T23:00:04Z">
      <class name="HollandCRM_Prod_Smoke.Access_Project_Projectlist_Sales">
        <test-method status="PASS" signature="init()[pri:0, instance:HollandCRM_Prod_Smoke.Access_Project_Projectlist_Sales@971d0d8]" name="init" is-config="true" duration-ms="3" started-at="2019-12-06T16:58:58Z" finished-at="2019-12-06T16:58:58Z">
          <reporter-output>
          </reporter-output>
        </test-method> <!-- init -->
        <test-method status="PASS" signature="Access_Project_Projectlist_Sales(java.util.Hashtable)[pri:1, instance:HollandCRM_Prod_Smoke.Access_Project_Projectlist_Sales@971d0d8]" name="Access_Project_Projectlist_Sales" duration-ms="56739" started-at="2019-12-06T16:58:58Z" data-provider="getData" finished-at="2019-12-06T16:59:55Z">
          <params>
            <param index="0">
              <value>
                <![CDATA[{Username=A2, Password=A3, Runmode=Y, Browser=Chrome}]]>
              </value>
            </param>
          </params>
          <reporter-output>
          </reporter-output>
        </test-method> <!-- Access_Project_Projectlist_Sales -->
        <test-method status="PASS" signature="quit()[pri:0, instance:HollandCRM_Prod_Smoke.Access_Project_Projectlist_Sales@971d0d8]" name="quit" is-config="true" duration-ms="9692" started-at="2019-12-06T16:59:55Z" finished-at="2019-12-06T17:00:04Z">
          <reporter-output>
          </reporter-output>
        </test-method> <!-- quit -->
      </class> <!-- HollandCRM_Prod_Smoke.Access_Project_Projectlist_Sales -->
    </test> <!-- Default test -->
  </suite> <!-- Default suite -->
</testng-results>
