<?xml version="1.0" encoding="UTF-8"?>
<!-- Generated by org.testng.reporters.JUnitReportReporter -->
<testsuite name="HollandCRM_Prod_Smoke.AccountInformationUnderSales" tests="4" time="63.461" ignored="0" failures="0" timestamp="23 Oct 2019 21:03:57 GMT" skipped="0" hostname="IS54" errors="0">
  <testcase name="Validate_AccountName_Displayed_AccountListUnderSales" time="3.152" classname="HollandCRM_Prod_Smoke.AccountInformationUnderSales"/>
  <testcase name="Validate_AccessToAccountListUnderSales" time="53.242" classname="HollandCRM_Prod_Smoke.AccountInformationUnderSales"/>
  <testcase name="Validate_AccountInformation_Displayed_AccountListUnderSales" time="7.061" classname="HollandCRM_Prod_Smoke.AccountInformationUnderSales"/>
  <testcase name="AccountInformationUnderSales" time="0.006" classname="HollandCRM_Prod_Smoke.AccountInformationUnderSales"/>
</testsuite> <!-- HollandCRM_Prod_Smoke.AccountInformationUnderSales -->
