<?xml version="1.0" encoding="UTF-8"?>
<!-- Generated by org.testng.reporters.JUnitReportReporter -->
<testsuite hostname="IS54" failures="0" tests="4" name="HollandCRM_Prod_Smoke.Access_ResourceSkill_Resourcelist_Sales" time="61.374" errors="0" timestamp="24 Dec 2019 03:14:33 GMT">
  <testcase classname="HollandCRM_Prod_Smoke.Access_ResourceSkill_Resourcelist_Sales" name="Validate_NavToSelectedResourceskill" time="6.328"/>
  <testcase classname="HollandCRM_Prod_Smoke.Access_ResourceSkill_Resourcelist_Sales" name="Access_ResourceSkill_PropertyPage_Sales" time="4.518"/>
  <testcase classname="HollandCRM_Prod_Smoke.Access_ResourceSkill_Resourcelist_Sales" name="Access_ResourceSkill_Resourcelist_Sales" time="3.983"/>
  <testcase classname="HollandCRM_Prod_Smoke.Access_ResourceSkill_Resourcelist_Sales" name="Access_ResourceSkill_Sales" time="46.545"/>
</testsuite> <!-- HollandCRM_Prod_Smoke.Access_ResourceSkill_Resourcelist_Sales -->
