<?xml version="1.0" encoding="UTF-8"?>
<!-- Generated by org.testng.reporters.JUnitReportReporter -->
<testsuite name="HollandCRM_Prod_Smoke.ContactContactlistUnderSales" tests="4" time="70.651" ignored="0" failures="0" timestamp="03 Nov 2019 03:03:44 GMT" skipped="0" hostname="IS54" errors="0">
  <testcase name="ContactContactlistUnderSales" time="0.008" classname="HollandCRM_Prod_Smoke.ContactContactlistUnderSales"/>
  <testcase name="GeneralInformation_Displayed_ContactListUnderSales" time="6.584" classname="HollandCRM_Prod_Smoke.ContactContactlistUnderSales"/>
  <testcase name="FirstName_LastName_Displayed_ContactContactListGeneralInformation" time="6.212" classname="HollandCRM_Prod_Smoke.ContactContactlistUnderSales"/>
  <testcase name="AccessToContactListUnderSales" time="57.847" classname="HollandCRM_Prod_Smoke.ContactContactlistUnderSales"/>
</testsuite> <!-- HollandCRM_Prod_Smoke.ContactContactlistUnderSales -->
