<?xml version="1.0" encoding="UTF-8"?>
<!-- Generated by org.testng.reporters.JUnitReportReporter -->
<testsuite hostname="IS54" failures="0" tests="4" name="HollandCRM_Prod_Smoke.ContactContactlistUnderSales" time="56.250" errors="0" timestamp="15 Dec 2019 19:28:41 GMT">
  <testcase classname="HollandCRM_Prod_Smoke.ContactContactlistUnderSales" name="AccessToContactListUnderSales" time="44.070"/>
  <testcase classname="HollandCRM_Prod_Smoke.ContactContactlistUnderSales" name="GeneralInformation_Displayed_ContactListUnderSales" time="6.185"/>
  <testcase classname="HollandCRM_Prod_Smoke.ContactContactlistUnderSales" name="FirstName_LastName_Displayed_ContactContactListGeneralInformation" time="4.205"/>
  <testcase classname="HollandCRM_Prod_Smoke.ContactContactlistUnderSales" name="ContactContactlistUnderSales" time="1.790"/>
</testsuite> <!-- HollandCRM_Prod_Smoke.ContactContactlistUnderSales -->
