<?xml version="1.0" encoding="UTF-8"?>
<!-- Generated by org.testng.reporters.JUnitReportReporter -->
<testsuite hostname="IS54" failures="0" tests="3" name="HollandCRM_Prod_Smoke.Validate_OppotunitiesCanbeOpened_UnderSales_Opportunities" time="54.346" errors="0" timestamp="15 Dec 2019 19:28:41 GMT">
  <testcase classname="HollandCRM_Prod_Smoke.Validate_OppotunitiesCanbeOpened_UnderSales_Opportunities" name="Validate_AccessToListofOpportunities" time="44.274"/>
  <testcase classname="HollandCRM_Prod_Smoke.Validate_OppotunitiesCanbeOpened_UnderSales_Opportunities" name="Validate_OpportunitySelected_Name_Displayed" time="7.494"/>
  <testcase classname="HollandCRM_Prod_Smoke.Validate_OppotunitiesCanbeOpened_UnderSales_Opportunities" name="Validate_AccountName_Displayed_AccountListUnderSales4" time="2.578"/>
</testsuite> <!-- HollandCRM_Prod_Smoke.Validate_OppotunitiesCanbeOpened_UnderSales_Opportunities -->
