<?xml version="1.0" encoding="UTF-8"?>
<!-- Generated by org.testng.reporters.JUnitReportReporter -->
<testsuite hostname="IS54" failures="0" tests="4" name="HollandCRM_Prod_Smoke.ContactContactlistUnderSales" time="60.564" errors="0" timestamp="24 Dec 2019 03:14:33 GMT">
  <testcase classname="HollandCRM_Prod_Smoke.ContactContactlistUnderSales" name="FirstName_LastName_Displayed_ContactContactListGeneralInformation" time="4.696"/>
  <testcase classname="HollandCRM_Prod_Smoke.ContactContactlistUnderSales" name="GeneralInformation_Displayed_ContactListUnderSales" time="6.378"/>
  <testcase classname="HollandCRM_Prod_Smoke.ContactContactlistUnderSales" name="AccessToContactListUnderSales" time="47.136"/>
  <testcase classname="HollandCRM_Prod_Smoke.ContactContactlistUnderSales" name="ContactContactlistUnderSales" time="2.354"/>
</testsuite> <!-- HollandCRM_Prod_Smoke.ContactContactlistUnderSales -->
