<?xml version="1.0" encoding="UTF-8"?>
<!-- Generated by org.testng.reporters.JUnitReportReporter -->
<testsuite hostname="IS54" failures="2" tests="4" name="HollandCRM_Prod_Smoke.Access_ResourceBooking_Resource_Sales" time="111.790" errors="0" timestamp="4 Dec 2019 04:55:13 GMT">
  <testcase classname="HollandCRM_Prod_Smoke.Access_ResourceBooking_Resource_Sales" name="Access_ResourceBooking_Resource_Sales" time="22.471">
    <failure message="Resource_Booking_name_property_id is not present by please verify Xpath" type="java.lang.AssertionError">
      <![CDATA[java.lang.AssertionError: Resource_Booking_name_property_id is not present by please verify Xpath
	at org.testng.Assert.fail(Assert.java:94)
	at com.datadriven.frame.base.BaseTest.reportFailure(BaseTest.java:331)
	at HollandCRM_Prod_Smoke.Access_ResourceBooking_Resource_Sales.Access_ResourceBooking_Resource_Sales(Access_ResourceBooking_Resource_Sales.java:111)
	at java.base/jdk.internal.reflect.NativeMethodAccessorImpl.invoke0(Native Method)
	at java.base/jdk.internal.reflect.NativeMethodAccessorImpl.invoke(NativeMethodAccessorImpl.java:62)
	at java.base/jdk.internal.reflect.DelegatingMethodAccessorImpl.invoke(DelegatingMethodAccessorImpl.java:43)
	at java.base/java.lang.reflect.Method.invoke(Method.java:564)
	at org.testng.internal.MethodInvocationHelper.invokeMethod(MethodInvocationHelper.java:85)
	at org.testng.internal.Invoker.invokeMethod(Invoker.java:639)
	at org.testng.internal.Invoker.invokeTestMethod(Invoker.java:816)
	at org.testng.internal.Invoker.invokeTestMethods(Invoker.java:1124)
	at org.testng.internal.TestMethodWorker.invokeTestMethods(TestMethodWorker.java:125)
	at org.testng.internal.TestMethodWorker.run(TestMethodWorker.java:108)
	at org.testng.TestRunner.privateRun(TestRunner.java:774)
	at org.testng.TestRunner.run(TestRunner.java:624)
	at org.testng.SuiteRunner.runTest(SuiteRunner.java:359)
	at org.testng.SuiteRunner.access$000(SuiteRunner.java:39)
	at org.testng.SuiteRunner$SuiteWorker.run(SuiteRunner.java:393)
	at org.testng.internal.thread.ThreadUtil$2.call(ThreadUtil.java:64)
	at java.base/java.util.concurrent.FutureTask.run(FutureTask.java:264)
	at java.base/java.util.concurrent.ThreadPoolExecutor.runWorker(ThreadPoolExecutor.java:1135)
	at java.base/java.util.concurrent.ThreadPoolExecutor$Worker.run(ThreadPoolExecutor.java:635)
	at java.base/java.lang.Thread.run(Thread.java:844)
]]>
    </failure>
  </testcase> <!-- Access_ResourceBooking_Resource_Sales -->
  <testcase classname="HollandCRM_Prod_Smoke.Access_ResourceBooking_Resource_Sales" name="Validate_NavToSelected_Booking" time="23.800">
    <failure message="Resource_Booking_name_linktext is not present by please verify Xpath" type="java.lang.AssertionError">
      <![CDATA[java.lang.AssertionError: Resource_Booking_name_linktext is not present by please verify Xpath
	at org.testng.Assert.fail(Assert.java:94)
	at com.datadriven.frame.base.BaseTest.reportFailure(BaseTest.java:331)
	at HollandCRM_Prod_Smoke.Access_ResourceBooking_Resource_Sales.Validate_NavToSelected_Booking(Access_ResourceBooking_Resource_Sales.java:92)
	at java.base/jdk.internal.reflect.NativeMethodAccessorImpl.invoke0(Native Method)
	at java.base/jdk.internal.reflect.NativeMethodAccessorImpl.invoke(NativeMethodAccessorImpl.java:62)
	at java.base/jdk.internal.reflect.DelegatingMethodAccessorImpl.invoke(DelegatingMethodAccessorImpl.java:43)
	at java.base/java.lang.reflect.Method.invoke(Method.java:564)
	at org.testng.internal.MethodInvocationHelper.invokeMethod(MethodInvocationHelper.java:85)
	at org.testng.internal.Invoker.invokeMethod(Invoker.java:639)
	at org.testng.internal.Invoker.invokeTestMethod(Invoker.java:816)
	at org.testng.internal.TestMethodWithDataProviderMethodWorker.call(TestMethodWithDataProviderMethodWorker.java:75)
	at org.testng.internal.TestMethodWithDataProviderMethodWorker.call(TestMethodWithDataProviderMethodWorker.java:14)
	at java.base/java.util.concurrent.FutureTask.run(FutureTask.java:264)
	at java.base/java.util.concurrent.Executors$RunnableAdapter.call(Executors.java:514)
	at java.base/java.util.concurrent.FutureTask.run(FutureTask.java:264)
	at java.base/java.util.concurrent.ThreadPoolExecutor.runWorker(ThreadPoolExecutor.java:1135)
	at java.base/java.util.concurrent.ThreadPoolExecutor$Worker.run(ThreadPoolExecutor.java:635)
	at java.base/java.lang.Thread.run(Thread.java:844)
]]>
    </failure>
  </testcase> <!-- Validate_NavToSelected_Booking -->
  <testcase classname="HollandCRM_Prod_Smoke.Access_ResourceBooking_Resource_Sales" name="Validate_AccessToListofResourceBooking" time="11.354"/>
  <testcase classname="HollandCRM_Prod_Smoke.Access_ResourceBooking_Resource_Sales" name="Access_ResourceBooking_Resource_Sales1" time="54.165"/>
</testsuite> <!-- HollandCRM_Prod_Smoke.Access_ResourceBooking_Resource_Sales -->
