<?xml version="1.0" encoding="UTF-8"?>
<!-- Generated by org.testng.reporters.JUnitReportReporter -->
<testsuite hostname="IS54" failures="0" tests="3" name="HollandCRM_Prod_Smoke.Validate_OppotunitiesCanbeOpened_UnderSales_Opportunities" time="56.978" errors="0" timestamp="23 Oct 2019 20:11:32 GMT">
  <testcase classname="HollandCRM_Prod_Smoke.Validate_OppotunitiesCanbeOpened_UnderSales_Opportunities" name="Validate_AccountName_Displayed_AccountListUnderSales4" time="0.084"/>
  <testcase classname="HollandCRM_Prod_Smoke.Validate_OppotunitiesCanbeOpened_UnderSales_Opportunities" name="Validate_AccessToListofOpportunities" time="33.394"/>
  <testcase classname="HollandCRM_Prod_Smoke.Validate_OppotunitiesCanbeOpened_UnderSales_Opportunities" name="Validate_OpportunitySelected_Name_Displayed" time="23.500"/>
</testsuite> <!-- HollandCRM_Prod_Smoke.Validate_OppotunitiesCanbeOpened_UnderSales_Opportunities -->
