<?xml version="1.0" encoding="UTF-8"?>
<!-- Generated by org.testng.reporters.JUnitReportReporter -->
<testsuite hostname="IS54" failures="0" tests="3" name="HollandCRM_Prod_Smoke.Access_Resource_Resourcelist_Sales" time="88.708" errors="0" timestamp="4 Dec 2019 04:55:13 GMT">
  <testcase classname="HollandCRM_Prod_Smoke.Access_Resource_Resourcelist_Sales" name="Validate_NavToSelectedResource_Name_Displayed" time="3.862"/>
  <testcase classname="HollandCRM_Prod_Smoke.Access_Resource_Resourcelist_Sales" name="Access_Resource_Resourcelist_Sales" time="6.297"/>
  <testcase classname="HollandCRM_Prod_Smoke.Access_Resource_Resourcelist_Sales" name="ValidateAccessToResourceUnderSales" time="78.549"/>
</testsuite> <!-- HollandCRM_Prod_Smoke.Access_Resource_Resourcelist_Sales -->
