<?xml version="1.0" encoding="UTF-8"?>
<!-- Generated by org.testng.reporters.JUnitReportReporter -->
<testsuite hostname="IS54" failures="0" tests="3" name="HollandCRM_Prod_Smoke.CustomerInformationUnderSales" time="63.692" errors="0" timestamp="15 Dec 2019 19:28:41 GMT">
  <testcase classname="HollandCRM_Prod_Smoke.CustomerInformationUnderSales" name="Validate_AccountInformation_Displayed_AccountListUnderSales" time="19.560"/>
  <testcase classname="HollandCRM_Prod_Smoke.CustomerInformationUnderSales" name="Validate_AccessToAccountListUnderSales" time="44.132"/>
  <testcase classname="HollandCRM_Prod_Smoke.CustomerInformationUnderSales" name="AccountInformationUnderSales" time="0.000"/>
</testsuite> <!-- HollandCRM_Prod_Smoke.CustomerInformationUnderSales -->
