<?xml version="1.0" encoding="UTF-8"?>
<!-- Generated by org.testng.reporters.JUnitReportReporter -->
<testsuite hostname="IS54" failures="0" tests="4" name="HollandCRM_Prod_Smoke.Access_ResourceRequirement_Resource_Sales" time="67.032" errors="0" timestamp="24 Dec 2019 03:14:33 GMT">
  <testcase classname="HollandCRM_Prod_Smoke.Access_ResourceRequirement_Resource_Sales" name="Access_ResourceRequirement_Resource_Sales" time="3.514"/>
  <testcase classname="HollandCRM_Prod_Smoke.Access_ResourceRequirement_Resource_Sales" name="Validate_NavToSelected_Requirement" time="5.268"/>
  <testcase classname="HollandCRM_Prod_Smoke.Access_ResourceRequirement_Resource_Sales" name="Access_ResourceRequirement_PropertyPage" time="7.197"/>
  <testcase classname="HollandCRM_Prod_Smoke.Access_ResourceRequirement_Resource_Sales" name="Validate_AccessToListofResourceRequirment" time="51.053"/>
</testsuite> <!-- HollandCRM_Prod_Smoke.Access_ResourceRequirement_Resource_Sales -->
