<?xml version="1.0" encoding="UTF-8"?>
<!-- Generated by org.testng.reporters.JUnitReportReporter -->
<testsuite hostname="IS54" failures="0" tests="4" name="HollandCRM_Prod_Smoke.Access_ResourceSkill_Resourcelist_Sales" time="60.675" errors="0" timestamp="18 Dec 2019 18:32:15 GMT">
  <testcase classname="HollandCRM_Prod_Smoke.Access_ResourceSkill_Resourcelist_Sales" name="Access_ResourceSkill_Resourcelist_Sales" time="3.464"/>
  <testcase classname="HollandCRM_Prod_Smoke.Access_ResourceSkill_Resourcelist_Sales" name="Access_ResourceSkill_PropertyPage_Sales" time="5.266"/>
  <testcase classname="HollandCRM_Prod_Smoke.Access_ResourceSkill_Resourcelist_Sales" name="Validate_NavToSelectedResourceskill" time="6.330"/>
  <testcase classname="HollandCRM_Prod_Smoke.Access_ResourceSkill_Resourcelist_Sales" name="Access_ResourceSkill_Sales" time="45.615"/>
</testsuite> <!-- HollandCRM_Prod_Smoke.Access_ResourceSkill_Resourcelist_Sales -->
