<?xml version="1.0" encoding="UTF-8"?>
<!-- Generated by org.testng.reporters.JUnitReportReporter -->
<testsuite hostname="IS54" failures="0" tests="4" name="HollandCRM_Prod_Smoke.Access_ResourceRequirement_Resource_Sales" time="63.846" errors="0" timestamp="6 Dec 2019 22:50:37 GMT">
  <testcase classname="HollandCRM_Prod_Smoke.Access_ResourceRequirement_Resource_Sales" name="Access_ResourceRequirement_PropertyPage" time="8.249"/>
  <testcase classname="HollandCRM_Prod_Smoke.Access_ResourceRequirement_Resource_Sales" name="Access_ResourceRequirement_Resource_Sales" time="3.673"/>
  <testcase classname="HollandCRM_Prod_Smoke.Access_ResourceRequirement_Resource_Sales" name="Validate_NavToSelected_Requirement" time="9.661"/>
  <testcase classname="HollandCRM_Prod_Smoke.Access_ResourceRequirement_Resource_Sales" name="Validate_AccessToListofResourceRequirment" time="42.263"/>
</testsuite> <!-- HollandCRM_Prod_Smoke.Access_ResourceRequirement_Resource_Sales -->
