<?xml version="1.0" encoding="UTF-8"?>
<!-- Generated by org.testng.reporters.JUnitReportReporter -->
<testsuite name="HollandCRM_Prod_Smoke.Validate_OppotunitiesCanbeOpened_UnderSales_Opportunities" tests="3" time="102.766" ignored="0" failures="0" timestamp="03 Nov 2019 03:01:56 GMT" skipped="0" hostname="IS54" errors="0">
  <testcase name="Validate_AccessToListofOpportunities" time="83.025" classname="HollandCRM_Prod_Smoke.Validate_OppotunitiesCanbeOpened_UnderSales_Opportunities"/>
  <testcase name="Validate_AccountName_Displayed_AccountListUnderSales4" time="0.108" classname="HollandCRM_Prod_Smoke.Validate_OppotunitiesCanbeOpened_UnderSales_Opportunities"/>
  <testcase name="Validate_OpportunitySelected_Name_Displayed" time="19.633" classname="HollandCRM_Prod_Smoke.Validate_OppotunitiesCanbeOpened_UnderSales_Opportunities"/>
</testsuite> <!-- HollandCRM_Prod_Smoke.Validate_OppotunitiesCanbeOpened_UnderSales_Opportunities -->
