<?xml version="1.0" encoding="UTF-8"?>
<!-- Generated by org.testng.reporters.JUnitReportReporter -->
<testsuite hostname="IS54" failures="0" tests="3" name="HollandCRM_Prod_Smoke.Access_Resource_Resourcelist_Sales" time="68.413" errors="0" timestamp="24 Dec 2019 03:14:33 GMT">
  <testcase classname="HollandCRM_Prod_Smoke.Access_Resource_Resourcelist_Sales" name="Access_Resource_Resourcelist_Sales" time="3.060"/>
  <testcase classname="HollandCRM_Prod_Smoke.Access_Resource_Resourcelist_Sales" name="Validate_NavToSelectedResource_Name_Displayed" time="3.320"/>
  <testcase classname="HollandCRM_Prod_Smoke.Access_Resource_Resourcelist_Sales" name="ValidateAccessToResourceUnderSales" time="62.033"/>
</testsuite> <!-- HollandCRM_Prod_Smoke.Access_Resource_Resourcelist_Sales -->
