<?xml version="1.0" encoding="UTF-8"?>
<!-- Generated by org.testng.reporters.JUnitReportReporter -->
<testsuite hostname="IS54" failures="0" tests="3" name="HollandCRM_Prod_Smoke.Access_Resource_Resourcelist_Sales" time="192.684" errors="0" timestamp="6 Dec 2019 22:50:37 GMT">
  <testcase classname="HollandCRM_Prod_Smoke.Access_Resource_Resourcelist_Sales" name="Validate_NavToSelectedResource_Name_Displayed" time="3.286"/>
  <testcase classname="HollandCRM_Prod_Smoke.Access_Resource_Resourcelist_Sales" name="Access_Resource_Resourcelist_Sales" time="3.485"/>
  <testcase classname="HollandCRM_Prod_Smoke.Access_Resource_Resourcelist_Sales" name="ValidateAccessToResourceUnderSales" time="185.913"/>
</testsuite> <!-- HollandCRM_Prod_Smoke.Access_Resource_Resourcelist_Sales -->
