<?xml version="1.0" encoding="UTF-8"?>
<!-- Generated by org.testng.reporters.JUnitReportReporter -->
<testsuite name="HollandCRM_Prod_Smoke.Access_Project_Projectlist_Sales" tests="1" time="56.742" ignored="0" failures="0" timestamp="06 Dec 2019 23:00:04 GMT" skipped="0" hostname="IS54" errors="0">
  <testcase name="Access_Project_Projectlist_Sales" time="56.742" classname="HollandCRM_Prod_Smoke.Access_Project_Projectlist_Sales"/>
</testsuite> <!-- HollandCRM_Prod_Smoke.Access_Project_Projectlist_Sales -->
