<?xml version="1.0" encoding="UTF-8"?>
<!-- Generated by org.testng.reporters.JUnitReportReporter -->
<testsuite name="HollandCRM_Prod_Smoke.Access_Project_Projectlist_Sales" tests="1" time="63.909" ignored="0" failures="0" timestamp="03 Nov 2019 17:42:56 GMT" skipped="0" hostname="IS54" errors="0">
  <testcase name="Access_Project_Projectlist_Sales" time="63.909" classname="HollandCRM_Prod_Smoke.Access_Project_Projectlist_Sales"/>
</testsuite> <!-- HollandCRM_Prod_Smoke.Access_Project_Projectlist_Sales -->
