<?xml version="1.0" encoding="UTF-8"?>
<!-- Generated by org.testng.reporters.JUnitReportReporter -->
<testsuite name="HollandCRM_Prod_Smoke.Access_ResourceBooking_Resource_Sales" tests="4" time="73.248" ignored="0" failures="0" timestamp="03 Nov 2019 17:40:00 GMT" skipped="0" hostname="IS54" errors="0">
  <testcase name="Validate_AccessToListofResourceBooking" time="5.510" classname="HollandCRM_Prod_Smoke.Access_ResourceBooking_Resource_Sales"/>
  <testcase name="Access_ResourceBooking_Resource_Sales1" time="58.160" classname="HollandCRM_Prod_Smoke.Access_ResourceBooking_Resource_Sales"/>
  <testcase name="Access_ResourceBooking_Resource_Sales" time="4.727" classname="HollandCRM_Prod_Smoke.Access_ResourceBooking_Resource_Sales"/>
  <testcase name="Validate_NavToSelected_Booking" time="4.851" classname="HollandCRM_Prod_Smoke.Access_ResourceBooking_Resource_Sales"/>
</testsuite> <!-- HollandCRM_Prod_Smoke.Access_ResourceBooking_Resource_Sales -->
