<?xml version="1.0" encoding="UTF-8"?>
<!-- Generated by org.testng.reporters.JUnitReportReporter -->
<testsuite name="HollandCRM_Prod_Smoke.Access_Resource_Resourcelist_Sales" tests="3" time="56.950" ignored="0" failures="0" timestamp="01 Nov 2019 20:30:48 GMT" skipped="0" hostname="IS54" errors="0">
  <testcase name="Access_Resource_Resourcelist_Sales" time="3.044" classname="HollandCRM_Prod_Smoke.Access_Resource_Resourcelist_Sales"/>
  <testcase name="Validate_NavToSelectedResource_Name_Displayed" time="3.177" classname="HollandCRM_Prod_Smoke.Access_Resource_Resourcelist_Sales"/>
  <testcase name="ValidateAccessToResourceUnderSales" time="50.729" classname="HollandCRM_Prod_Smoke.Access_Resource_Resourcelist_Sales"/>
</testsuite> <!-- HollandCRM_Prod_Smoke.Access_Resource_Resourcelist_Sales -->
