<?xml version="1.0" encoding="UTF-8"?>
<!-- Generated by org.testng.reporters.JUnitReportReporter -->
<testsuite hostname="IS54" failures="0" tests="4" name="HollandCRM_Prod_Smoke.Access_ResourceRequirement_Resource_Sales" time="62.976" errors="0" timestamp="17 Dec 2019 18:50:17 GMT">
  <testcase classname="HollandCRM_Prod_Smoke.Access_ResourceRequirement_Resource_Sales" name="Access_ResourceRequirement_Resource_Sales" time="3.366"/>
  <testcase classname="HollandCRM_Prod_Smoke.Access_ResourceRequirement_Resource_Sales" name="Access_ResourceRequirement_PropertyPage" time="6.007"/>
  <testcase classname="HollandCRM_Prod_Smoke.Access_ResourceRequirement_Resource_Sales" name="Validate_NavToSelected_Requirement" time="5.322"/>
  <testcase classname="HollandCRM_Prod_Smoke.Access_ResourceRequirement_Resource_Sales" name="Validate_AccessToListofResourceRequirment" time="48.281"/>
</testsuite> <!-- HollandCRM_Prod_Smoke.Access_ResourceRequirement_Resource_Sales -->
