<?xml version="1.0" encoding="UTF-8"?>
<!-- Generated by org.testng.reporters.JUnitReportReporter -->
<testsuite name="HollandCRM_Prod_Smoke.AccountInformationUnderSales" tests="4" time="65.021" ignored="0" failures="0" timestamp="03 Nov 2019 03:05:24 GMT" skipped="0" hostname="IS54" errors="0">
  <testcase name="Validate_AccountInformation_Displayed_AccountListUnderSales" time="6.589" classname="HollandCRM_Prod_Smoke.AccountInformationUnderSales"/>
  <testcase name="Validate_AccountName_Displayed_AccountListUnderSales" time="3.108" classname="HollandCRM_Prod_Smoke.AccountInformationUnderSales"/>
  <testcase name="Validate_AccessToAccountListUnderSales" time="55.319" classname="HollandCRM_Prod_Smoke.AccountInformationUnderSales"/>
  <testcase name="AccountInformationUnderSales" time="0.005" classname="HollandCRM_Prod_Smoke.AccountInformationUnderSales"/>
</testsuite> <!-- HollandCRM_Prod_Smoke.AccountInformationUnderSales -->
