<?xml version="1.0" encoding="UTF-8"?>
<!-- Generated by org.testng.reporters.JUnitReportReporter -->
<testsuite hostname="IS54" failures="0" tests="4" name="HollandCRM_Prod_Smoke.Access_ResourceRoles_Resourcelist_Sales" time="60.526" errors="0" timestamp="17 Dec 2019 18:50:17 GMT">
  <testcase classname="HollandCRM_Prod_Smoke.Access_ResourceRoles_Resourcelist_Sales" name="Validate_NavToSelectedProject_Name_Displayed" time="5.307"/>
  <testcase classname="HollandCRM_Prod_Smoke.Access_ResourceRoles_Resourcelist_Sales" name="Validate_NavToSelectedRoles" time="3.380"/>
  <testcase classname="HollandCRM_Prod_Smoke.Access_ResourceRoles_Resourcelist_Sales" name="Access_Resourcelist_Sales" time="48.546"/>
  <testcase classname="HollandCRM_Prod_Smoke.Access_ResourceRoles_Resourcelist_Sales" name="Validate_NavToSelectedRolesLandingPage" time="3.293"/>
</testsuite> <!-- HollandCRM_Prod_Smoke.Access_ResourceRoles_Resourcelist_Sales -->
