<?xml version="1.0" encoding="UTF-8"?>
<!-- Generated by org.testng.reporters.JUnitReportReporter -->
<testsuite hostname="IS54" failures="1" tests="4" name="HollandCRM_Prod_Smoke.Access_ResourceBooking_Resource_Sales" time="76.405" errors="0" timestamp="17 Dec 2019 18:50:17 GMT">
  <testcase classname="HollandCRM_Prod_Smoke.Access_ResourceBooking_Resource_Sales" name="Access_ResourceBooking_Resource_Sales" time="22.604">
    <failure message="Resource_Booking_name_property_xpath is not present by please verify Xpath" type="java.lang.AssertionError">
      <![CDATA[java.lang.AssertionError: Resource_Booking_name_property_xpath is not present by please verify Xpath
	at org.testng.Assert.fail(Assert.java:94)
	at com.datadriven.frame.base.BaseTest.reportFailure(BaseTest.java:331)
	at HollandCRM_Prod_Smoke.Access_ResourceBooking_Resource_Sales.Access_ResourceBooking_Resource_Sales(Access_ResourceBooking_Resource_Sales.java:111)
	at java.base/jdk.internal.reflect.NativeMethodAccessorImpl.invoke0(Native Method)
	at java.base/jdk.internal.reflect.NativeMethodAccessorImpl.invoke(NativeMethodAccessorImpl.java:62)
	at java.base/jdk.internal.reflect.DelegatingMethodAccessorImpl.invoke(DelegatingMethodAccessorImpl.java:43)
	at java.base/java.lang.reflect.Method.invoke(Method.java:564)
	at org.testng.internal.MethodInvocationHelper.invokeMethod(MethodInvocationHelper.java:85)
	at org.testng.internal.Invoker.invokeMethod(Invoker.java:639)
	at org.testng.internal.Invoker.invokeTestMethod(Invoker.java:816)
	at org.testng.internal.Invoker.invokeTestMethods(Invoker.java:1124)
	at org.testng.internal.TestMethodWorker.invokeTestMethods(TestMethodWorker.java:125)
	at org.testng.internal.TestMethodWorker.run(TestMethodWorker.java:108)
	at org.testng.TestRunner.privateRun(TestRunner.java:774)
	at org.testng.TestRunner.run(TestRunner.java:624)
	at org.testng.SuiteRunner.runTest(SuiteRunner.java:359)
	at org.testng.SuiteRunner.runSequentially(SuiteRunner.java:354)
	at org.testng.SuiteRunner.privateRun(SuiteRunner.java:312)
	at org.testng.SuiteRunner.run(SuiteRunner.java:261)
	at org.testng.SuiteRunnerWorker.runSuite(SuiteRunnerWorker.java:52)
	at org.testng.SuiteRunnerWorker.run(SuiteRunnerWorker.java:86)
	at org.testng.TestNG.runSuitesSequentially(TestNG.java:1215)
	at org.testng.TestNG.runSuitesLocally(TestNG.java:1140)
	at org.testng.TestNG.run(TestNG.java:1048)
	at org.testng.TestNG.privateMain(TestNG.java:1355)
	at org.testng.TestNG.main(TestNG.java:1324)
]]>
    </failure>
  </testcase> <!-- Access_ResourceBooking_Resource_Sales -->
  <testcase classname="HollandCRM_Prod_Smoke.Access_ResourceBooking_Resource_Sales" name="Validate_AccessToListofResourceBooking" time="5.323"/>
  <testcase classname="HollandCRM_Prod_Smoke.Access_ResourceBooking_Resource_Sales" name="Validate_NavToSelected_Booking" time="3.306"/>
  <testcase classname="HollandCRM_Prod_Smoke.Access_ResourceBooking_Resource_Sales" name="Access_ResourceBooking_Resource_Sales1" time="45.172"/>
</testsuite> <!-- HollandCRM_Prod_Smoke.Access_ResourceBooking_Resource_Sales -->
