<?xml version="1.0" encoding="UTF-8"?>
<!-- Generated by org.testng.reporters.JUnitReportReporter -->
<testsuite hostname="IS54" failures="0" tests="4" name="HollandCRM_Prod_Smoke.ContactContactlistUnderSales" time="58.488" errors="0" timestamp="17 Dec 2019 18:50:17 GMT">
  <testcase classname="HollandCRM_Prod_Smoke.ContactContactlistUnderSales" name="FirstName_LastName_Displayed_ContactContactListGeneralInformation" time="5.120"/>
  <testcase classname="HollandCRM_Prod_Smoke.ContactContactlistUnderSales" name="GeneralInformation_Displayed_ContactListUnderSales" time="6.336"/>
  <testcase classname="HollandCRM_Prod_Smoke.ContactContactlistUnderSales" name="ContactContactlistUnderSales" time="2.003"/>
  <testcase classname="HollandCRM_Prod_Smoke.ContactContactlistUnderSales" name="AccessToContactListUnderSales" time="45.029"/>
</testsuite> <!-- HollandCRM_Prod_Smoke.ContactContactlistUnderSales -->
