<?xml version="1.0" encoding="UTF-8"?>
<!-- Generated by org.testng.reporters.JUnitXMLReporter -->
<testsuite hostname="IS54" failures="0" tests="3" name="Test7" time="77.032" errors="0" timestamp="24 Dec 2019 03:12:01 GMT">
  <testcase classname="HollandCRM_Prod_Smoke.CustomerInformationUnderSales" name="Validate_AccessToAccountListUnderSales" time="45.874"/>
  <testcase classname="HollandCRM_Prod_Smoke.CustomerInformationUnderSales" name="Validate_AccountInformation_Displayed_AccountListUnderSales" time="21.612"/>
  <testcase classname="HollandCRM_Prod_Smoke.CustomerInformationUnderSales" name="AccountInformationUnderSales" time="0.001"/>
</testsuite> <!-- Test7 -->
