<?xml version="1.0" encoding="UTF-8"?>
<!-- Generated by org.testng.reporters.JUnitXMLReporter -->
<testsuite hostname="IS54" failures="0" tests="4" name="Test5" time="68.116" errors="0" timestamp="15 Dec 2019 19:24:10 GMT">
  <testcase classname="HollandCRM_Prod_Smoke.Access_ResourceRoles_Resourcelist_Sales" name="Access_Resourcelist_Sales" time="47.35"/>
  <testcase classname="HollandCRM_Prod_Smoke.Access_ResourceRoles_Resourcelist_Sales" name="Validate_NavToSelectedProject_Name_Displayed" time="5.246"/>
  <testcase classname="HollandCRM_Prod_Smoke.Access_ResourceRoles_Resourcelist_Sales" name="Validate_NavToSelectedRoles" time="3.397"/>
  <testcase classname="HollandCRM_Prod_Smoke.Access_ResourceRoles_Resourcelist_Sales" name="Validate_NavToSelectedRolesLandingPage" time="3.174"/>
</testsuite> <!-- Test5 -->
