<?xml version="1.0" encoding="UTF-8"?>
<!-- Generated by org.testng.reporters.JUnitXMLReporter -->
<testsuite hostname="IS54" failures="0" tests="3" name="Test7" time="72.63" errors="0" timestamp="15 Dec 2019 19:26:33 GMT">
  <testcase classname="HollandCRM_Prod_Smoke.CustomerInformationUnderSales" name="Validate_AccessToAccountListUnderSales" time="44.132"/>
  <testcase classname="HollandCRM_Prod_Smoke.CustomerInformationUnderSales" name="Validate_AccountInformation_Displayed_AccountListUnderSales" time="19.56"/>
  <testcase classname="HollandCRM_Prod_Smoke.CustomerInformationUnderSales" name="AccountInformationUnderSales" time="0.0"/>
</testsuite> <!-- Test7 -->
