<?xml version="1.0" encoding="UTF-8"?>
<!-- Generated by org.testng.reporters.JUnitXMLReporter -->
<testsuite hostname="IS54" failures="0" tests="4" name="Test6" time="67.32" errors="0" timestamp="4 Dec 2019 04:54:31 GMT">
  <testcase classname="HollandCRM_Prod_Smoke.Access_ResourceSkill_Resourcelist_Sales" name="Access_ResourceSkill_Sales" time="33.528"/>
  <testcase classname="HollandCRM_Prod_Smoke.Access_ResourceSkill_Resourcelist_Sales" name="Validate_NavToSelectedResourceskill" time="11.603"/>
  <testcase classname="HollandCRM_Prod_Smoke.Access_ResourceSkill_Resourcelist_Sales" name="Access_ResourceSkill_Resourcelist_Sales" time="6.53"/>
  <testcase classname="HollandCRM_Prod_Smoke.Access_ResourceSkill_Resourcelist_Sales" name="Access_ResourceSkill_PropertyPage_Sales" time="6.054"/>
</testsuite> <!-- Test6 -->
