<?xml version="1.0" encoding="UTF-8"?>
<!-- Generated by org.testng.reporters.JUnitXMLReporter -->
<testsuite hostname="IS54" failures="0" tests="3" name="Test2" time="203.854" errors="0" timestamp="6 Dec 2019 22:44:11 GMT">
  <testcase classname="HollandCRM_Prod_Smoke.Access_Resource_Resourcelist_Sales" name="ValidateAccessToResourceUnderSales" time="185.906"/>
  <testcase classname="HollandCRM_Prod_Smoke.Access_Resource_Resourcelist_Sales" name="Validate_NavToSelectedResource_Name_Displayed" time="3.286"/>
  <testcase classname="HollandCRM_Prod_Smoke.Access_Resource_Resourcelist_Sales" name="Access_Resource_Resourcelist_Sales" time="3.485"/>
</testsuite> <!-- Test2 -->
