<?xml version="1.0" encoding="UTF-8"?>
<!-- Generated by org.testng.reporters.JUnitXMLReporter -->
<testsuite hostname="IS54" failures="0" tests="4" name="Test8" time="67.502" errors="0" timestamp="17 Dec 2019 18:49:12 GMT">
  <testcase classname="HollandCRM_Prod_Smoke.ContactContactlistUnderSales" name="AccessToContactListUnderSales" time="45.028"/>
  <testcase classname="HollandCRM_Prod_Smoke.ContactContactlistUnderSales" name="GeneralInformation_Displayed_ContactListUnderSales" time="6.336"/>
  <testcase classname="HollandCRM_Prod_Smoke.ContactContactlistUnderSales" name="FirstName_LastName_Displayed_ContactContactListGeneralInformation" time="5.12"/>
  <testcase classname="HollandCRM_Prod_Smoke.ContactContactlistUnderSales" name="ContactContactlistUnderSales" time="2.003"/>
</testsuite> <!-- Test8 -->
