<?xml version="1.0" encoding="UTF-8"?>
<!-- Generated by org.testng.reporters.JUnitXMLReporter -->
<testsuite hostname="IS54" failures="2" tests="3" name="Test7" time="275.392" errors="0" timestamp="6 Dec 2019 22:46:42 GMT">
  <testcase classname="HollandCRM_Prod_Smoke.CustomerInformationUnderSales" name="@AfterTest quit" time="0.0">
    <failure type="java.lang.AssertionError" message="no such element: Unable to locate element: {&amp;quot;method&amp;quot;:&amp;quot;xpath&amp;quot;,&amp;quot;selector&amp;quot;:&amp;quot;//li[@id=&amp;apos;userInformationLauncher_buttoncrm_header_global_me-control&amp;apos;]/button/span/span&amp;quot;}
  (Session info: chrome=78.0.3904.108)
  (Driver info: chromedriver=2.41.578737 (49da6702b16031c40d63e5618de03a32ff6c197e),platform=Windows NT 10.0.18362 x86_64) (WARNING: The server did not provide any stacktrace information)
Command duration or timeout: 20.02 seconds
For documentation on this error, please visit: http://seleniumhq.org/exceptions/no_such_element.html
Build info: version: &amp;apos;2.52.0&amp;apos;, revision: &amp;apos;4c2593c&amp;apos;, time: &amp;apos;2016-02-11 19:06:42&amp;apos;
System info: host: &amp;apos;IS54&amp;apos;, ip: &amp;apos;10.88.159.212&amp;apos;, os.name: &amp;apos;Windows 10&amp;apos;, os.arch: &amp;apos;amd64&amp;apos;, os.version: &amp;apos;10.0&amp;apos;, java.version: &amp;apos;1.8.0_181&amp;apos;
Driver info: org.openqa.selenium.chrome.ChromeDriver
Capabilities [{mobileEmulationEnabled=false, hasTouchScreen=false, platform=XP, acceptSslCerts=false, goog:chromeOptions={debuggerAddress=localhost:60362}, acceptInsecureCerts=false, webStorageEnabled=true, browserName=chrome, takesScreenshot=true, javascriptEnabled=true, setWindowRect=true, unexpectedAlertBehaviour=, applicationCacheEnabled=false, rotatable=false, networkConnectionEnabled=false, chrome={chromedriverVersion=2.41.578737 (49da6702b16031c40d63e5618de03a32ff6c197e), userDataDir=C:\Users\KPatel\AppData\Local\Temp\scoped_dir14700_9673}, takesHeapSnapshot=true, pageLoadStrategy=normal, databaseEnabled=false, handlesAlerts=true, version=78.0.3904.108, browserConnectionEnabled=false, nativeEvents=true, locationContextEnabled=true, cssSelectorsEnabled=true}]
Session ID: 0f7fb92f743a54a7bb7fa73a20725d65
*** Element info: {Using=xpath, value=//li[@id=&amp;apos;userInformationLauncher_buttoncrm_header_global_me-control&amp;apos;]/button/span/span}
Command duration or timeout: 20.34 seconds
For documentation on this error, please visit: http://seleniumhq.org/exceptions/no_such_element.html
Build info: version: &amp;apos;2.52.0&amp;apos;, revision: &amp;apos;4c2593c&amp;apos;, time: &amp;apos;2016-02-11 19:06:42&amp;apos;
System info: host: &amp;apos;IS54&amp;apos;, ip: &amp;apos;10.88.159.212&amp;apos;, os.name: &amp;apos;Windows 10&amp;apos;, os.arch: &amp;apos;amd64&amp;apos;, os.version: &amp;apos;10.0&amp;apos;, java.version: &amp;apos;10.0.2&amp;apos;
Driver info: org.openqa.selenium.remote.RemoteWebDriver
Capabilities [{mobileEmulationEnabled=false, hasTouchScreen=false, platform=XP, acceptSslCerts=false, goog:chromeOptions={debuggerAddress=localhost:60362}, acceptInsecureCerts=false, webStorageEnabled=true, browserName=chrome, takesScreenshot=true, javascriptEnabled=true, setWindowRect=true, unexpectedAlertBehaviour=, applicationCacheEnabled=false, rotatable=false, networkConnectionEnabled=false, chrome={chromedriverVersion=2.41.578737 (49da6702b16031c40d63e5618de03a32ff6c197e), userDataDir=C:\Users\KPatel\AppData\Local\Temp\scoped_dir14700_9673}, takesHeapSnapshot=true, pageLoadStrategy=normal, databaseEnabled=false, handlesAlerts=true, version=78.0.3904.108, browserConnectionEnabled=false, nativeEvents=true, webdriver.remote.sessionid=d6670fbc-e4c9-4b2e-8109-4f51be552df6, locationContextEnabled=true, cssSelectorsEnabled=true}]
Session ID: d6670fbc-e4c9-4b2e-8109-4f51be552df6
*** Element info: {Using=xpath, value=//li[@id=&amp;apos;userInformationLauncher_buttoncrm_header_global_me-control&amp;apos;]/button/span/span}">
      <![CDATA[java.lang.AssertionError: no such element: Unable to locate element: {"method":"xpath","selector":"//li[@id='userInformationLauncher_buttoncrm_header_global_me-control']/button/span/span"}
  (Session info: chrome=78.0.3904.108)
  (Driver info: chromedriver=2.41.578737 (49da6702b16031c40d63e5618de03a32ff6c197e),platform=Windows NT 10.0.18362 x86_64) (WARNING: The server did not provide any stacktrace information)
Command duration or timeout: 20.02 seconds
For documentation on this error, please visit: http://seleniumhq.org/exceptions/no_such_element.html
Build info: version: '2.52.0', revision: '4c2593c', time: '2016-02-11 19:06:42'
System info: host: 'IS54', ip: '10.88.159.212', os.name: 'Windows 10', os.arch: 'amd64', os.version: '10.0', java.version: '1.8.0_181'
Driver info: org.openqa.selenium.chrome.ChromeDriver
Capabilities [{mobileEmulationEnabled=false, hasTouchScreen=false, platform=XP, acceptSslCerts=false, goog:chromeOptions={debuggerAddress=localhost:60362}, acceptInsecureCerts=false, webStorageEnabled=true, browserName=chrome, takesScreenshot=true, javascriptEnabled=true, setWindowRect=true, unexpectedAlertBehaviour=, applicationCacheEnabled=false, rotatable=false, networkConnectionEnabled=false, chrome={chromedriverVersion=2.41.578737 (49da6702b16031c40d63e5618de03a32ff6c197e), userDataDir=C:\Users\KPatel\AppData\Local\Temp\scoped_dir14700_9673}, takesHeapSnapshot=true, pageLoadStrategy=normal, databaseEnabled=false, handlesAlerts=true, version=78.0.3904.108, browserConnectionEnabled=false, nativeEvents=true, locationContextEnabled=true, cssSelectorsEnabled=true}]
Session ID: 0f7fb92f743a54a7bb7fa73a20725d65
*** Element info: {Using=xpath, value=//li[@id='userInformationLauncher_buttoncrm_header_global_me-control']/button/span/span}
Command duration or timeout: 20.34 seconds
For documentation on this error, please visit: http://seleniumhq.org/exceptions/no_such_element.html
Build info: version: '2.52.0', revision: '4c2593c', time: '2016-02-11 19:06:42'
System info: host: 'IS54', ip: '10.88.159.212', os.name: 'Windows 10', os.arch: 'amd64', os.version: '10.0', java.version: '10.0.2'
Driver info: org.openqa.selenium.remote.RemoteWebDriver
Capabilities [{mobileEmulationEnabled=false, hasTouchScreen=false, platform=XP, acceptSslCerts=false, goog:chromeOptions={debuggerAddress=localhost:60362}, acceptInsecureCerts=false, webStorageEnabled=true, browserName=chrome, takesScreenshot=true, javascriptEnabled=true, setWindowRect=true, unexpectedAlertBehaviour=, applicationCacheEnabled=false, rotatable=false, networkConnectionEnabled=false, chrome={chromedriverVersion=2.41.578737 (49da6702b16031c40d63e5618de03a32ff6c197e), userDataDir=C:\Users\KPatel\AppData\Local\Temp\scoped_dir14700_9673}, takesHeapSnapshot=true, pageLoadStrategy=normal, databaseEnabled=false, handlesAlerts=true, version=78.0.3904.108, browserConnectionEnabled=false, nativeEvents=true, webdriver.remote.sessionid=d6670fbc-e4c9-4b2e-8109-4f51be552df6, locationContextEnabled=true, cssSelectorsEnabled=true}]
Session ID: d6670fbc-e4c9-4b2e-8109-4f51be552df6
*** Element info: {Using=xpath, value=//li[@id='userInformationLauncher_buttoncrm_header_global_me-control']/button/span/span}
	at com.datadriven.frame.base.BaseTest.reportFailure(BaseTest.java:331)
	at com.datadriven.frame.base.BaseTest.getElement(BaseTest.java:266)
	at com.datadriven.frame.base.BaseTest.click(BaseTest.java:169)
	at com.datadriven.frame.base.BaseTest.signOut(BaseTest.java:438)
	at HollandCRM_Prod_Smoke.CustomerInformationUnderSales.quit(CustomerInformationUnderSales.java:148)
	at java.base/java.util.concurrent.FutureTask.run(FutureTask.java:264)
	at java.base/java.util.concurrent.ThreadPoolExecutor.runWorker(ThreadPoolExecutor.java:1135)
	at java.base/java.util.concurrent.ThreadPoolExecutor$Worker.run(ThreadPoolExecutor.java:635)
	at java.base/java.lang.Thread.run(Thread.java:844)
... Removed 15 stack frames]]>
    </failure>
  </testcase> <!-- @AfterTest quit -->
  <testcase classname="HollandCRM_Prod_Smoke.CustomerInformationUnderSales" name="Validate_AccessToAccountListUnderSales" time="227.435">
    <failure type="java.lang.AssertionError" message="no such element: Unable to locate element: {&amp;quot;method&amp;quot;:&amp;quot;xpath&amp;quot;,&amp;quot;selector&amp;quot;:&amp;quot;//*[@id=&amp;apos;i0118&amp;apos;]&amp;quot;}
  (Session info: chrome=78.0.3904.108)
  (Driver info: chromedriver=2.41.578737 (49da6702b16031c40d63e5618de03a32ff6c197e),platform=Windows NT 10.0.18362 x86_64) (WARNING: The server did not provide any stacktrace information)
Command duration or timeout: 20.06 seconds
For documentation on this error, please visit: http://seleniumhq.org/exceptions/no_such_element.html
Build info: version: &amp;apos;2.52.0&amp;apos;, revision: &amp;apos;4c2593c&amp;apos;, time: &amp;apos;2016-02-11 19:06:42&amp;apos;
System info: host: &amp;apos;IS54&amp;apos;, ip: &amp;apos;10.88.159.212&amp;apos;, os.name: &amp;apos;Windows 10&amp;apos;, os.arch: &amp;apos;amd64&amp;apos;, os.version: &amp;apos;10.0&amp;apos;, java.version: &amp;apos;1.8.0_181&amp;apos;
Driver info: org.openqa.selenium.chrome.ChromeDriver
Capabilities [{mobileEmulationEnabled=false, hasTouchScreen=false, platform=XP, acceptSslCerts=false, goog:chromeOptions={debuggerAddress=localhost:60362}, acceptInsecureCerts=false, webStorageEnabled=true, browserName=chrome, takesScreenshot=true, javascriptEnabled=true, setWindowRect=true, unexpectedAlertBehaviour=, applicationCacheEnabled=false, rotatable=false, networkConnectionEnabled=false, chrome={chromedriverVersion=2.41.578737 (49da6702b16031c40d63e5618de03a32ff6c197e), userDataDir=C:\Users\KPatel\AppData\Local\Temp\scoped_dir14700_9673}, takesHeapSnapshot=true, pageLoadStrategy=normal, databaseEnabled=false, handlesAlerts=true, version=78.0.3904.108, browserConnectionEnabled=false, nativeEvents=true, locationContextEnabled=true, cssSelectorsEnabled=true}]
Session ID: 0f7fb92f743a54a7bb7fa73a20725d65
*** Element info: {Using=xpath, value=//*[@id=&amp;apos;i0118&amp;apos;]}
Command duration or timeout: 20.82 seconds
For documentation on this error, please visit: http://seleniumhq.org/exceptions/no_such_element.html
Build info: version: &amp;apos;2.52.0&amp;apos;, revision: &amp;apos;4c2593c&amp;apos;, time: &amp;apos;2016-02-11 19:06:42&amp;apos;
System info: host: &amp;apos;IS54&amp;apos;, ip: &amp;apos;10.88.159.212&amp;apos;, os.name: &amp;apos;Windows 10&amp;apos;, os.arch: &amp;apos;amd64&amp;apos;, os.version: &amp;apos;10.0&amp;apos;, java.version: &amp;apos;10.0.2&amp;apos;
Driver info: org.openqa.selenium.remote.RemoteWebDriver
Capabilities [{mobileEmulationEnabled=false, hasTouchScreen=false, platform=XP, acceptSslCerts=false, goog:chromeOptions={debuggerAddress=localhost:60362}, acceptInsecureCerts=false, webStorageEnabled=true, browserName=chrome, takesScreenshot=true, javascriptEnabled=true, setWindowRect=true, unexpectedAlertBehaviour=, applicationCacheEnabled=false, rotatable=false, networkConnectionEnabled=false, chrome={chromedriverVersion=2.41.578737 (49da6702b16031c40d63e5618de03a32ff6c197e), userDataDir=C:\Users\KPatel\AppData\Local\Temp\scoped_dir14700_9673}, takesHeapSnapshot=true, pageLoadStrategy=normal, databaseEnabled=false, handlesAlerts=true, version=78.0.3904.108, browserConnectionEnabled=false, nativeEvents=true, webdriver.remote.sessionid=d6670fbc-e4c9-4b2e-8109-4f51be552df6, locationContextEnabled=true, cssSelectorsEnabled=true}]
Session ID: d6670fbc-e4c9-4b2e-8109-4f51be552df6
*** Element info: {Using=xpath, value=//*[@id=&amp;apos;i0118&amp;apos;]}">
      <![CDATA[java.lang.AssertionError: no such element: Unable to locate element: {"method":"xpath","selector":"//*[@id='i0118']"}
  (Session info: chrome=78.0.3904.108)
  (Driver info: chromedriver=2.41.578737 (49da6702b16031c40d63e5618de03a32ff6c197e),platform=Windows NT 10.0.18362 x86_64) (WARNING: The server did not provide any stacktrace information)
Command duration or timeout: 20.06 seconds
For documentation on this error, please visit: http://seleniumhq.org/exceptions/no_such_element.html
Build info: version: '2.52.0', revision: '4c2593c', time: '2016-02-11 19:06:42'
System info: host: 'IS54', ip: '10.88.159.212', os.name: 'Windows 10', os.arch: 'amd64', os.version: '10.0', java.version: '1.8.0_181'
Driver info: org.openqa.selenium.chrome.ChromeDriver
Capabilities [{mobileEmulationEnabled=false, hasTouchScreen=false, platform=XP, acceptSslCerts=false, goog:chromeOptions={debuggerAddress=localhost:60362}, acceptInsecureCerts=false, webStorageEnabled=true, browserName=chrome, takesScreenshot=true, javascriptEnabled=true, setWindowRect=true, unexpectedAlertBehaviour=, applicationCacheEnabled=false, rotatable=false, networkConnectionEnabled=false, chrome={chromedriverVersion=2.41.578737 (49da6702b16031c40d63e5618de03a32ff6c197e), userDataDir=C:\Users\KPatel\AppData\Local\Temp\scoped_dir14700_9673}, takesHeapSnapshot=true, pageLoadStrategy=normal, databaseEnabled=false, handlesAlerts=true, version=78.0.3904.108, browserConnectionEnabled=false, nativeEvents=true, locationContextEnabled=true, cssSelectorsEnabled=true}]
Session ID: 0f7fb92f743a54a7bb7fa73a20725d65
*** Element info: {Using=xpath, value=//*[@id='i0118']}
Command duration or timeout: 20.82 seconds
For documentation on this error, please visit: http://seleniumhq.org/exceptions/no_such_element.html
Build info: version: '2.52.0', revision: '4c2593c', time: '2016-02-11 19:06:42'
System info: host: 'IS54', ip: '10.88.159.212', os.name: 'Windows 10', os.arch: 'amd64', os.version: '10.0', java.version: '10.0.2'
Driver info: org.openqa.selenium.remote.RemoteWebDriver
Capabilities [{mobileEmulationEnabled=false, hasTouchScreen=false, platform=XP, acceptSslCerts=false, goog:chromeOptions={debuggerAddress=localhost:60362}, acceptInsecureCerts=false, webStorageEnabled=true, browserName=chrome, takesScreenshot=true, javascriptEnabled=true, setWindowRect=true, unexpectedAlertBehaviour=, applicationCacheEnabled=false, rotatable=false, networkConnectionEnabled=false, chrome={chromedriverVersion=2.41.578737 (49da6702b16031c40d63e5618de03a32ff6c197e), userDataDir=C:\Users\KPatel\AppData\Local\Temp\scoped_dir14700_9673}, takesHeapSnapshot=true, pageLoadStrategy=normal, databaseEnabled=false, handlesAlerts=true, version=78.0.3904.108, browserConnectionEnabled=false, nativeEvents=true, webdriver.remote.sessionid=d6670fbc-e4c9-4b2e-8109-4f51be552df6, locationContextEnabled=true, cssSelectorsEnabled=true}]
Session ID: d6670fbc-e4c9-4b2e-8109-4f51be552df6
*** Element info: {Using=xpath, value=//*[@id='i0118']}
	at com.datadriven.frame.base.BaseTest.reportFailure(BaseTest.java:331)
	at com.datadriven.frame.base.BaseTest.getElement(BaseTest.java:266)
	at com.datadriven.frame.base.BaseTest.type(BaseTest.java:241)
	at com.datadriven.frame.base.BaseTest.doLogin(BaseTest.java:419)
	at HollandCRM_Prod_Smoke.CustomerInformationUnderSales.Validate_AccessToAccountListUnderSales(CustomerInformationUnderSales.java:53)
	at java.base/java.util.concurrent.FutureTask.run(FutureTask.java:264)
	at java.base/java.util.concurrent.Executors$RunnableAdapter.call(Executors.java:514)
	at java.base/java.util.concurrent.FutureTask.run(FutureTask.java:264)
	at java.base/java.util.concurrent.ThreadPoolExecutor.runWorker(ThreadPoolExecutor.java:1135)
	at java.base/java.util.concurrent.ThreadPoolExecutor$Worker.run(ThreadPoolExecutor.java:635)
	at java.base/java.lang.Thread.run(Thread.java:844)
... Removed 10 stack frames]]>
    </failure>
  </testcase> <!-- Validate_AccessToAccountListUnderSales -->
  <testcase classname="HollandCRM_Prod_Smoke.CustomerInformationUnderSales" name="Validate_AccountInformation_Displayed_AccountListUnderSales" time="23.047">
    <failure type="java.lang.AssertionError" message="no such element: Unable to locate element: {&amp;quot;method&amp;quot;:&amp;quot;xpath&amp;quot;,&amp;quot;selector&amp;quot;:&amp;quot;//span[contains(text(),&amp;apos;Customers&amp;apos;)]&amp;quot;}
  (Session info: chrome=78.0.3904.108)
  (Driver info: chromedriver=2.41.578737 (49da6702b16031c40d63e5618de03a32ff6c197e),platform=Windows NT 10.0.18362 x86_64) (WARNING: The server did not provide any stacktrace information)
Command duration or timeout: 20.03 seconds
For documentation on this error, please visit: http://seleniumhq.org/exceptions/no_such_element.html
Build info: version: &amp;apos;2.52.0&amp;apos;, revision: &amp;apos;4c2593c&amp;apos;, time: &amp;apos;2016-02-11 19:06:42&amp;apos;
System info: host: &amp;apos;IS54&amp;apos;, ip: &amp;apos;10.88.159.212&amp;apos;, os.name: &amp;apos;Windows 10&amp;apos;, os.arch: &amp;apos;amd64&amp;apos;, os.version: &amp;apos;10.0&amp;apos;, java.version: &amp;apos;1.8.0_181&amp;apos;
Driver info: org.openqa.selenium.chrome.ChromeDriver
Capabilities [{mobileEmulationEnabled=false, hasTouchScreen=false, platform=XP, acceptSslCerts=false, goog:chromeOptions={debuggerAddress=localhost:60362}, acceptInsecureCerts=false, webStorageEnabled=true, browserName=chrome, takesScreenshot=true, javascriptEnabled=true, setWindowRect=true, unexpectedAlertBehaviour=, applicationCacheEnabled=false, rotatable=false, networkConnectionEnabled=false, chrome={chromedriverVersion=2.41.578737 (49da6702b16031c40d63e5618de03a32ff6c197e), userDataDir=C:\Users\KPatel\AppData\Local\Temp\scoped_dir14700_9673}, takesHeapSnapshot=true, pageLoadStrategy=normal, databaseEnabled=false, handlesAlerts=true, version=78.0.3904.108, browserConnectionEnabled=false, nativeEvents=true, locationContextEnabled=true, cssSelectorsEnabled=true}]
Session ID: 0f7fb92f743a54a7bb7fa73a20725d65
*** Element info: {Using=xpath, value=//span[contains(text(),&amp;apos;Customers&amp;apos;)]}
Command duration or timeout: 20.57 seconds
For documentation on this error, please visit: http://seleniumhq.org/exceptions/no_such_element.html
Build info: version: &amp;apos;2.52.0&amp;apos;, revision: &amp;apos;4c2593c&amp;apos;, time: &amp;apos;2016-02-11 19:06:42&amp;apos;
System info: host: &amp;apos;IS54&amp;apos;, ip: &amp;apos;10.88.159.212&amp;apos;, os.name: &amp;apos;Windows 10&amp;apos;, os.arch: &amp;apos;amd64&amp;apos;, os.version: &amp;apos;10.0&amp;apos;, java.version: &amp;apos;10.0.2&amp;apos;
Driver info: org.openqa.selenium.remote.RemoteWebDriver
Capabilities [{mobileEmulationEnabled=false, hasTouchScreen=false, platform=XP, acceptSslCerts=false, goog:chromeOptions={debuggerAddress=localhost:60362}, acceptInsecureCerts=false, webStorageEnabled=true, browserName=chrome, takesScreenshot=true, javascriptEnabled=true, setWindowRect=true, unexpectedAlertBehaviour=, applicationCacheEnabled=false, rotatable=false, networkConnectionEnabled=false, chrome={chromedriverVersion=2.41.578737 (49da6702b16031c40d63e5618de03a32ff6c197e), userDataDir=C:\Users\KPatel\AppData\Local\Temp\scoped_dir14700_9673}, takesHeapSnapshot=true, pageLoadStrategy=normal, databaseEnabled=false, handlesAlerts=true, version=78.0.3904.108, browserConnectionEnabled=false, nativeEvents=true, webdriver.remote.sessionid=d6670fbc-e4c9-4b2e-8109-4f51be552df6, locationContextEnabled=true, cssSelectorsEnabled=true}]
Session ID: d6670fbc-e4c9-4b2e-8109-4f51be552df6
*** Element info: {Using=xpath, value=//span[contains(text(),&amp;apos;Customers&amp;apos;)]}">
      <![CDATA[java.lang.AssertionError: no such element: Unable to locate element: {"method":"xpath","selector":"//span[contains(text(),'Customers')]"}
  (Session info: chrome=78.0.3904.108)
  (Driver info: chromedriver=2.41.578737 (49da6702b16031c40d63e5618de03a32ff6c197e),platform=Windows NT 10.0.18362 x86_64) (WARNING: The server did not provide any stacktrace information)
Command duration or timeout: 20.03 seconds
For documentation on this error, please visit: http://seleniumhq.org/exceptions/no_such_element.html
Build info: version: '2.52.0', revision: '4c2593c', time: '2016-02-11 19:06:42'
System info: host: 'IS54', ip: '10.88.159.212', os.name: 'Windows 10', os.arch: 'amd64', os.version: '10.0', java.version: '1.8.0_181'
Driver info: org.openqa.selenium.chrome.ChromeDriver
Capabilities [{mobileEmulationEnabled=false, hasTouchScreen=false, platform=XP, acceptSslCerts=false, goog:chromeOptions={debuggerAddress=localhost:60362}, acceptInsecureCerts=false, webStorageEnabled=true, browserName=chrome, takesScreenshot=true, javascriptEnabled=true, setWindowRect=true, unexpectedAlertBehaviour=, applicationCacheEnabled=false, rotatable=false, networkConnectionEnabled=false, chrome={chromedriverVersion=2.41.578737 (49da6702b16031c40d63e5618de03a32ff6c197e), userDataDir=C:\Users\KPatel\AppData\Local\Temp\scoped_dir14700_9673}, takesHeapSnapshot=true, pageLoadStrategy=normal, databaseEnabled=false, handlesAlerts=true, version=78.0.3904.108, browserConnectionEnabled=false, nativeEvents=true, locationContextEnabled=true, cssSelectorsEnabled=true}]
Session ID: 0f7fb92f743a54a7bb7fa73a20725d65
*** Element info: {Using=xpath, value=//span[contains(text(),'Customers')]}
Command duration or timeout: 20.57 seconds
For documentation on this error, please visit: http://seleniumhq.org/exceptions/no_such_element.html
Build info: version: '2.52.0', revision: '4c2593c', time: '2016-02-11 19:06:42'
System info: host: 'IS54', ip: '10.88.159.212', os.name: 'Windows 10', os.arch: 'amd64', os.version: '10.0', java.version: '10.0.2'
Driver info: org.openqa.selenium.remote.RemoteWebDriver
Capabilities [{mobileEmulationEnabled=false, hasTouchScreen=false, platform=XP, acceptSslCerts=false, goog:chromeOptions={debuggerAddress=localhost:60362}, acceptInsecureCerts=false, webStorageEnabled=true, browserName=chrome, takesScreenshot=true, javascriptEnabled=true, setWindowRect=true, unexpectedAlertBehaviour=, applicationCacheEnabled=false, rotatable=false, networkConnectionEnabled=false, chrome={chromedriverVersion=2.41.578737 (49da6702b16031c40d63e5618de03a32ff6c197e), userDataDir=C:\Users\KPatel\AppData\Local\Temp\scoped_dir14700_9673}, takesHeapSnapshot=true, pageLoadStrategy=normal, databaseEnabled=false, handlesAlerts=true, version=78.0.3904.108, browserConnectionEnabled=false, nativeEvents=true, webdriver.remote.sessionid=d6670fbc-e4c9-4b2e-8109-4f51be552df6, locationContextEnabled=true, cssSelectorsEnabled=true}]
Session ID: d6670fbc-e4c9-4b2e-8109-4f51be552df6
*** Element info: {Using=xpath, value=//span[contains(text(),'Customers')]}
	at com.datadriven.frame.base.BaseTest.reportFailure(BaseTest.java:331)
	at com.datadriven.frame.base.BaseTest.getElement(BaseTest.java:266)
	at com.datadriven.frame.base.BaseTest.ScrollToElement(BaseTest.java:191)
	at HollandCRM_Prod_Smoke.CustomerInformationUnderSales.Validate_AccountInformation_Displayed_AccountListUnderSales(CustomerInformationUnderSales.java:74)
	at java.base/java.util.concurrent.FutureTask.run(FutureTask.java:264)
	at java.base/java.util.concurrent.Executors$RunnableAdapter.call(Executors.java:514)
	at java.base/java.util.concurrent.FutureTask.run(FutureTask.java:264)
	at java.base/java.util.concurrent.ThreadPoolExecutor.runWorker(ThreadPoolExecutor.java:1135)
	at java.base/java.util.concurrent.ThreadPoolExecutor$Worker.run(ThreadPoolExecutor.java:635)
	at java.base/java.lang.Thread.run(Thread.java:844)
... Removed 10 stack frames]]>
    </failure>
  </testcase> <!-- Validate_AccountInformation_Displayed_AccountListUnderSales -->
  <testcase classname="HollandCRM_Prod_Smoke.CustomerInformationUnderSales" name="AccountInformationUnderSales" time="0.0"/>
</testsuite> <!-- Test7 -->
