<?xml version="1.0" encoding="UTF-8"?>
<!-- Generated by org.testng.reporters.JUnitXMLReporter -->
<testsuite hostname="IS54" failures="0" tests="3" name="Test9" time="426.241" errors="0" timestamp="6 Dec 2019 22:50:37 GMT">
  <testcase classname="HollandCRM_Prod_Smoke.Validate_OppotunitiesCanbeOpened_UnderSales_Opportunities" name="Validate_AccessToListofOpportunities" time="400.501"/>
  <testcase classname="HollandCRM_Prod_Smoke.Validate_OppotunitiesCanbeOpened_UnderSales_Opportunities" name="Validate_OpportunitySelected_Name_Displayed" time="12.155"/>
  <testcase classname="HollandCRM_Prod_Smoke.Validate_OppotunitiesCanbeOpened_UnderSales_Opportunities" name="Validate_AccountName_Displayed_AccountListUnderSales4" time="2.855"/>
</testsuite> <!-- Test9 -->
